2022-11-26 14:07:51,276 INFO org.hibernate.validator.internal.util.Version [background-preinit] HV000001: Hibernate Validator 6.2.5.Final
2022-11-26 14:07:51,280 INFO org.springframework.boot.StartupInfoLogger [main] Starting ConfigServerApplication using Java 17.0.4.1 on hdurmaz.local with PID 4521 (/Users/hdurmaz/IdeaProjects/banking-application-credit-service/config-server/target/classes started by hdurmaz in /Users/hdurmaz/IdeaProjects/banking-application-credit-service)
2022-11-26 14:07:51,280 INFO org.springframework.boot.SpringApplication [main] No active profile set, falling back to 1 default profile: "default"
2022-11-26 14:07:51,676 INFO org.springframework.cloud.context.scope.GenericScope [main] BeanFactory id=d2956422-721a-35ad-af65-091d9cc23ce2
2022-11-26 14:07:51,784 INFO org.springframework.boot.web.embedded.tomcat.TomcatWebServer [main] Tomcat initialized with port(s): 8088 (http)
2022-11-26 14:07:51,787 INFO org.apache.juli.logging.DirectJDKLog [main] Initializing ProtocolHandler ["http-nio-8088"]
2022-11-26 14:07:51,788 INFO org.apache.juli.logging.DirectJDKLog [main] Starting service [Tomcat]
2022-11-26 14:07:51,788 INFO org.apache.juli.logging.DirectJDKLog [main] Starting Servlet engine: [Apache Tomcat/9.0.68]
2022-11-26 14:07:51,825 INFO org.apache.juli.logging.DirectJDKLog [main] Initializing Spring embedded WebApplicationContext
2022-11-26 14:07:51,825 INFO org.springframework.boot.web.servlet.context.ServletWebServerApplicationContext [main] Root WebApplicationContext: initialization completed in 530 ms
2022-11-26 14:07:53,961 INFO org.springframework.boot.actuate.endpoint.web.EndpointLinksResolver [main] Exposing 17 endpoint(s) beneath base path '/actuator'
2022-11-26 14:07:53,985 INFO org.apache.juli.logging.DirectJDKLog [main] Starting ProtocolHandler ["http-nio-8088"]
2022-11-26 14:07:53,991 INFO org.springframework.boot.web.embedded.tomcat.TomcatWebServer [main] Tomcat started on port(s): 8088 (http) with context path ''
2022-11-26 14:07:54,003 INFO org.springframework.boot.StartupInfoLogger [main] Started ConfigServerApplication in 2.855 seconds (JVM running for 3.336)
2022-11-26 14:07:54,535 INFO org.apache.juli.logging.DirectJDKLog [RMI TCP Connection(3)-127.0.0.1] Initializing Spring DispatcherServlet 'dispatcherServlet'
2022-11-26 14:07:54,535 INFO org.springframework.web.servlet.FrameworkServlet [RMI TCP Connection(3)-127.0.0.1] Initializing Servlet 'dispatcherServlet'
2022-11-26 14:07:54,536 INFO org.springframework.web.servlet.FrameworkServlet [RMI TCP Connection(3)-127.0.0.1] Completed initialization in 1 ms
2022-11-26 14:07:57,287 INFO org.springframework.cloud.config.server.environment.NativeEnvironmentRepository [http-nio-8088-exec-1] Adding property source: Config resource 'file [/var/folders/jn/hf2789x13h317t7lmz_537sr0000gn/T/config-repo-10750461903412925218/eureka-server.yml]' via location 'file:/var/folders/jn/hf2789x13h317t7lmz_537sr0000gn/T/config-repo-10750461903412925218/'
2022-11-26 14:08:02,799 INFO org.springframework.cloud.config.server.environment.NativeEnvironmentRepository [http-nio-8088-exec-3] Adding property source: Config resource 'file [/var/folders/jn/hf2789x13h317t7lmz_537sr0000gn/T/config-repo-10750461903412925218/api-gateway.yml]' via location 'file:/var/folders/jn/hf2789x13h317t7lmz_537sr0000gn/T/config-repo-10750461903412925218/'
2022-11-26 14:08:06,108 INFO org.springframework.cloud.config.server.environment.NativeEnvironmentRepository [http-nio-8088-exec-4] Adding property source: Config resource 'file [/var/folders/jn/hf2789x13h317t7lmz_537sr0000gn/T/config-repo-10750461903412925218/banking.yml]' via location 'file:/var/folders/jn/hf2789x13h317t7lmz_537sr0000gn/T/config-repo-10750461903412925218/'
2022-11-26 14:08:08,474 INFO org.springframework.cloud.config.server.environment.NativeEnvironmentRepository [http-nio-8088-exec-5] Adding property source: Config resource 'file [/var/folders/jn/hf2789x13h317t7lmz_537sr0000gn/T/config-repo-10750461903412925218/credit.yml]' via location 'file:/var/folders/jn/hf2789x13h317t7lmz_537sr0000gn/T/config-repo-10750461903412925218/'
2022-11-26 14:08:10,697 INFO org.springframework.cloud.config.server.environment.NativeEnvironmentRepository [http-nio-8088-exec-6] Adding property source: Config resource 'file [/var/folders/jn/hf2789x13h317t7lmz_537sr0000gn/T/config-repo-10750461903412925218/notification.yml]' via location 'file:/var/folders/jn/hf2789x13h317t7lmz_537sr0000gn/T/config-repo-10750461903412925218/'
2022-11-26 14:09:10,237 INFO org.springframework.cloud.config.server.environment.NativeEnvironmentRepository [http-nio-8088-exec-3] Adding property source: Config resource 'file [/var/folders/jn/hf2789x13h317t7lmz_537sr0000gn/T/config-repo-10750461903412925218/notification.yml]' via location 'file:/var/folders/jn/hf2789x13h317t7lmz_537sr0000gn/T/config-repo-10750461903412925218/'
