2023-03-09 00:54:32,508 INFO org.hibernate.validator.internal.util.Version [background-preinit] HV000001: Hibernate Validator 6.2.5.Final
2023-03-09 00:54:32,512 INFO org.springframework.boot.StartupInfoLogger [main] Starting ConfigServerApplication using Java 17.0.6 on hdurmaz.local with PID 13065 (/Users/hdurmaz/IdeaProjects/banking-application-credit-service/config-server/target/classes started by hdurmaz in /Users/hdurmaz/IdeaProjects/banking-application-credit-service)
2023-03-09 00:54:32,513 INFO org.springframework.boot.SpringApplication [main] No active profile set, falling back to 1 default profile: "default"
2023-03-09 00:54:32,968 INFO org.springframework.cloud.context.scope.GenericScope [main] BeanFactory id=d2956422-721a-35ad-af65-091d9cc23ce2
2023-03-09 00:54:33,082 INFO org.springframework.boot.web.embedded.tomcat.TomcatWebServer [main] Tomcat initialized with port(s): 8088 (http)
2023-03-09 00:54:33,085 INFO org.apache.juli.logging.DirectJDKLog [main] Initializing ProtocolHandler ["http-nio-8088"]
2023-03-09 00:54:33,085 INFO org.apache.juli.logging.DirectJDKLog [main] Starting service [Tomcat]
2023-03-09 00:54:33,086 INFO org.apache.juli.logging.DirectJDKLog [main] Starting Servlet engine: [Apache Tomcat/9.0.68]
2023-03-09 00:54:33,124 INFO org.apache.juli.logging.DirectJDKLog [main] Initializing Spring embedded WebApplicationContext
2023-03-09 00:54:33,124 INFO org.springframework.boot.web.servlet.context.ServletWebServerApplicationContext [main] Root WebApplicationContext: initialization completed in 593 ms
2023-03-09 00:54:35,589 INFO org.springframework.boot.actuate.endpoint.web.EndpointLinksResolver [main] Exposing 17 endpoint(s) beneath base path '/actuator'
2023-03-09 00:54:35,613 INFO org.apache.juli.logging.DirectJDKLog [main] Starting ProtocolHandler ["http-nio-8088"]
2023-03-09 00:54:35,619 INFO org.springframework.boot.web.embedded.tomcat.TomcatWebServer [main] Tomcat started on port(s): 8088 (http) with context path ''
2023-03-09 00:54:35,631 INFO org.springframework.boot.StartupInfoLogger [main] Started ConfigServerApplication in 3.311 seconds (JVM running for 3.701)
2023-03-09 00:54:35,703 INFO org.apache.juli.logging.DirectJDKLog [RMI TCP Connection(2)-127.0.0.1] Initializing Spring DispatcherServlet 'dispatcherServlet'
2023-03-09 00:54:35,703 INFO org.springframework.web.servlet.FrameworkServlet [RMI TCP Connection(2)-127.0.0.1] Initializing Servlet 'dispatcherServlet'
2023-03-09 00:54:35,704 INFO org.springframework.web.servlet.FrameworkServlet [RMI TCP Connection(2)-127.0.0.1] Completed initialization in 0 ms
2023-03-09 00:54:42,590 INFO org.springframework.cloud.config.server.environment.NativeEnvironmentRepository [http-nio-8088-exec-1] Adding property source: Config resource 'file [/var/folders/jn/hf2789x13h317t7lmz_537sr0000gn/T/config-repo-8029571763564324296/banking.yml]' via location 'file:/var/folders/jn/hf2789x13h317t7lmz_537sr0000gn/T/config-repo-8029571763564324296/'
2023-03-09 00:55:24,468 INFO org.springframework.cloud.config.server.environment.NativeEnvironmentRepository [http-nio-8088-exec-3] Adding property source: Config resource 'file [/var/folders/jn/hf2789x13h317t7lmz_537sr0000gn/T/config-repo-8029571763564324296/banking.yml]' via location 'file:/var/folders/jn/hf2789x13h317t7lmz_537sr0000gn/T/config-repo-8029571763564324296/'
2023-03-09 00:56:39,366 INFO org.springframework.cloud.config.server.environment.NativeEnvironmentRepository [http-nio-8088-exec-5] Adding property source: Config resource 'file [/var/folders/jn/hf2789x13h317t7lmz_537sr0000gn/T/config-repo-8029571763564324296/banking.yml]' via location 'file:/var/folders/jn/hf2789x13h317t7lmz_537sr0000gn/T/config-repo-8029571763564324296/'
2023-03-09 00:56:52,035 INFO org.springframework.cloud.config.server.environment.NativeEnvironmentRepository [http-nio-8088-exec-6] Adding property source: Config resource 'file [/var/folders/jn/hf2789x13h317t7lmz_537sr0000gn/T/config-repo-8029571763564324296/credit.yml]' via location 'file:/var/folders/jn/hf2789x13h317t7lmz_537sr0000gn/T/config-repo-8029571763564324296/'
2023-03-09 00:56:55,828 INFO org.springframework.cloud.config.server.environment.NativeEnvironmentRepository [http-nio-8088-exec-7] Adding property source: Config resource 'file [/var/folders/jn/hf2789x13h317t7lmz_537sr0000gn/T/config-repo-8029571763564324296/notification.yml]' via location 'file:/var/folders/jn/hf2789x13h317t7lmz_537sr0000gn/T/config-repo-8029571763564324296/'
2023-03-09 00:57:14,498 INFO org.springframework.cloud.config.server.environment.NativeEnvironmentRepository [http-nio-8088-exec-8] Adding property source: Config resource 'file [/var/folders/jn/hf2789x13h317t7lmz_537sr0000gn/T/config-repo-8029571763564324296/mail-service.yml]' via location 'file:/var/folders/jn/hf2789x13h317t7lmz_537sr0000gn/T/config-repo-8029571763564324296/'
2023-03-09 00:59:30,640 INFO org.springframework.cloud.config.server.environment.NativeEnvironmentRepository [http-nio-8088-exec-3] Adding property source: Config resource 'file [/var/folders/jn/hf2789x13h317t7lmz_537sr0000gn/T/config-repo-8029571763564324296/banking.yml]' via location 'file:/var/folders/jn/hf2789x13h317t7lmz_537sr0000gn/T/config-repo-8029571763564324296/'
2023-03-09 00:59:54,977 INFO org.springframework.cloud.config.server.environment.NativeEnvironmentRepository [http-nio-8088-exec-5] Adding property source: Config resource 'file [/var/folders/jn/hf2789x13h317t7lmz_537sr0000gn/T/config-repo-8029571763564324296/banking.yml]' via location 'file:/var/folders/jn/hf2789x13h317t7lmz_537sr0000gn/T/config-repo-8029571763564324296/'
2023-03-09 01:00:40,970 INFO org.springframework.cloud.config.server.environment.NativeEnvironmentRepository [http-nio-8088-exec-7] Adding property source: Config resource 'file [/var/folders/jn/hf2789x13h317t7lmz_537sr0000gn/T/config-repo-8029571763564324296/banking.yml]' via location 'file:/var/folders/jn/hf2789x13h317t7lmz_537sr0000gn/T/config-repo-8029571763564324296/'
2023-03-09 01:01:07,817 INFO org.springframework.cloud.config.server.environment.NativeEnvironmentRepository [http-nio-8088-exec-9] Adding property source: Config resource 'file [/var/folders/jn/hf2789x13h317t7lmz_537sr0000gn/T/config-repo-8029571763564324296/banking.yml]' via location 'file:/var/folders/jn/hf2789x13h317t7lmz_537sr0000gn/T/config-repo-8029571763564324296/'
2023-03-09 01:02:30,093 INFO org.springframework.cloud.config.server.environment.NativeEnvironmentRepository [http-nio-8088-exec-1] Adding property source: Config resource 'file [/var/folders/jn/hf2789x13h317t7lmz_537sr0000gn/T/config-repo-8029571763564324296/banking.yml]' via location 'file:/var/folders/jn/hf2789x13h317t7lmz_537sr0000gn/T/config-repo-8029571763564324296/'
2023-03-09 01:03:10,934 INFO org.springframework.cloud.config.server.environment.NativeEnvironmentRepository [http-nio-8088-exec-3] Adding property source: Config resource 'file [/var/folders/jn/hf2789x13h317t7lmz_537sr0000gn/T/config-repo-8029571763564324296/banking.yml]' via location 'file:/var/folders/jn/hf2789x13h317t7lmz_537sr0000gn/T/config-repo-8029571763564324296/'
2023-03-09 01:06:05,431 INFO org.springframework.cloud.config.server.environment.NativeEnvironmentRepository [http-nio-8088-exec-5] Adding property source: Config resource 'file [/var/folders/jn/hf2789x13h317t7lmz_537sr0000gn/T/config-repo-8029571763564324296/banking.yml]' via location 'file:/var/folders/jn/hf2789x13h317t7lmz_537sr0000gn/T/config-repo-8029571763564324296/'
2023-03-09 01:07:41,819 INFO org.springframework.cloud.config.server.environment.NativeEnvironmentRepository [http-nio-8088-exec-7] Adding property source: Config resource 'file [/var/folders/jn/hf2789x13h317t7lmz_537sr0000gn/T/config-repo-8029571763564324296/banking.yml]' via location 'file:/var/folders/jn/hf2789x13h317t7lmz_537sr0000gn/T/config-repo-8029571763564324296/'
2023-03-09 01:09:56,512 INFO org.springframework.cloud.config.server.environment.NativeEnvironmentRepository [http-nio-8088-exec-9] Adding property source: Config resource 'file [/var/folders/jn/hf2789x13h317t7lmz_537sr0000gn/T/config-repo-8029571763564324296/banking.yml]' via location 'file:/var/folders/jn/hf2789x13h317t7lmz_537sr0000gn/T/config-repo-8029571763564324296/'
2023-03-09 01:22:42,339 INFO org.springframework.cloud.config.server.environment.NativeEnvironmentRepository [http-nio-8088-exec-1] Adding property source: Config resource 'file [/var/folders/jn/hf2789x13h317t7lmz_537sr0000gn/T/config-repo-8029571763564324296/banking.yml]' via location 'file:/var/folders/jn/hf2789x13h317t7lmz_537sr0000gn/T/config-repo-8029571763564324296/'
2023-03-09 01:23:42,212 INFO org.springframework.cloud.config.server.environment.NativeEnvironmentRepository [http-nio-8088-exec-2] Adding property source: Config resource 'file [/var/folders/jn/hf2789x13h317t7lmz_537sr0000gn/T/config-repo-8029571763564324296/notification.yml]' via location 'file:/var/folders/jn/hf2789x13h317t7lmz_537sr0000gn/T/config-repo-8029571763564324296/'
2023-03-09 01:24:10,279 INFO org.springframework.cloud.config.server.environment.NativeEnvironmentRepository [http-nio-8088-exec-4] Adding property source: Config resource 'file [/var/folders/jn/hf2789x13h317t7lmz_537sr0000gn/T/config-repo-8029571763564324296/mail-service.yml]' via location 'file:/var/folders/jn/hf2789x13h317t7lmz_537sr0000gn/T/config-repo-8029571763564324296/'
2023-03-09 01:24:21,806 INFO org.springframework.cloud.config.server.environment.NativeEnvironmentRepository [http-nio-8088-exec-5] Adding property source: Config resource 'file [/var/folders/jn/hf2789x13h317t7lmz_537sr0000gn/T/config-repo-8029571763564324296/mail-service.yml]' via location 'file:/var/folders/jn/hf2789x13h317t7lmz_537sr0000gn/T/config-repo-8029571763564324296/'
2023-03-09 01:24:32,224 INFO org.springframework.cloud.config.server.environment.NativeEnvironmentRepository [http-nio-8088-exec-6] Adding property source: Config resource 'file [/var/folders/jn/hf2789x13h317t7lmz_537sr0000gn/T/config-repo-8029571763564324296/banking.yml]' via location 'file:/var/folders/jn/hf2789x13h317t7lmz_537sr0000gn/T/config-repo-8029571763564324296/'
2023-03-09 01:25:25,433 INFO org.springframework.cloud.config.server.environment.NativeEnvironmentRepository [http-nio-8088-exec-1] Adding property source: Config resource 'file [/var/folders/jn/hf2789x13h317t7lmz_537sr0000gn/T/config-repo-8029571763564324296/banking.yml]' via location 'file:/var/folders/jn/hf2789x13h317t7lmz_537sr0000gn/T/config-repo-8029571763564324296/'
2023-03-09 01:25:30,504 INFO org.springframework.cloud.config.server.environment.NativeEnvironmentRepository [http-nio-8088-exec-2] Adding property source: Config resource 'file [/var/folders/jn/hf2789x13h317t7lmz_537sr0000gn/T/config-repo-8029571763564324296/credit.yml]' via location 'file:/var/folders/jn/hf2789x13h317t7lmz_537sr0000gn/T/config-repo-8029571763564324296/'
