2022-11-26 14:08:10,787 INFO org.hibernate.validator.internal.util.Version [background-preinit] HV000001: Hibernate Validator 6.2.5.Final
2022-11-26 14:08:10,790 INFO org.springframework.boot.StartupInfoLogger [main] Starting NotificationApplication using Java 17.0.4.1 on hdurmaz.local with PID 4597 (/Users/hdurmaz/IdeaProjects/banking-application-credit-service/notification/target/classes started by hdurmaz in /Users/hdurmaz/IdeaProjects/banking-application-credit-service)
2022-11-26 14:08:10,790 INFO org.springframework.boot.SpringApplication [main] No active profile set, falling back to 1 default profile: "default"
2022-11-26 14:08:10,804 INFO org.springframework.boot.logging.DeferredLog [main] Fetching config from server at : http://localhost:8088
2022-11-26 14:08:10,804 INFO org.springframework.boot.logging.DeferredLog [main] Located environment: name=notification, profiles=[default], label=null, version=946ed481d9f3e2ede78ffb862429f8ac4c2f6e7a, state=null
2022-11-26 14:08:11,362 INFO org.springframework.data.repository.config.RepositoryConfigurationDelegate [main] Bootstrapping Spring Data JPA repositories in DEFAULT mode.
2022-11-26 14:08:11,453 INFO org.springframework.data.repository.config.RepositoryConfigurationDelegate [main] Finished Spring Data repository scanning in 86 ms. Found 1 JPA repository interfaces.
2022-11-26 14:08:11,638 INFO org.springframework.core.log.LogAccessor [main] No bean named 'errorChannel' has been explicitly defined. Therefore, a default PublishSubscribeChannel will be created.
2022-11-26 14:08:11,644 INFO org.springframework.core.log.LogAccessor [main] No bean named 'integrationHeaderChannelRegistry' has been explicitly defined. Therefore, a default DefaultHeaderChannelRegistry will be created.
2022-11-26 14:08:11,720 INFO org.springframework.cloud.context.scope.GenericScope [main] BeanFactory id=36244d16-9a8d-38ac-a3fc-201be1afd638
2022-11-26 14:08:11,871 INFO org.springframework.context.support.PostProcessorRegistrationDelegate$BeanPostProcessorChecker [main] Bean 'org.springframework.integration.config.IntegrationManagementConfiguration' of type [org.springframework.integration.config.IntegrationManagementConfiguration] is not eligible for getting processed by all BeanPostProcessors (for example: not eligible for auto-proxying)
2022-11-26 14:08:11,877 INFO org.springframework.context.support.PostProcessorRegistrationDelegate$BeanPostProcessorChecker [main] Bean 'org.springframework.boot.autoconfigure.integration.IntegrationAutoConfiguration$IntegrationJmxConfiguration' of type [org.springframework.boot.autoconfigure.integration.IntegrationAutoConfiguration$IntegrationJmxConfiguration] is not eligible for getting processed by all BeanPostProcessors (for example: not eligible for auto-proxying)
2022-11-26 14:08:11,882 INFO org.springframework.context.support.PostProcessorRegistrationDelegate$BeanPostProcessorChecker [main] Bean 'org.springframework.cloud.stream.config.BindersHealthIndicatorAutoConfiguration' of type [org.springframework.cloud.stream.config.BindersHealthIndicatorAutoConfiguration] is not eligible for getting processed by all BeanPostProcessors (for example: not eligible for auto-proxying)
2022-11-26 14:08:11,883 INFO org.springframework.context.support.PostProcessorRegistrationDelegate$BeanPostProcessorChecker [main] Bean 'bindersHealthContributor' of type [org.springframework.cloud.stream.config.BindersHealthIndicatorAutoConfiguration$BindersHealthContributor] is not eligible for getting processed by all BeanPostProcessors (for example: not eligible for auto-proxying)
2022-11-26 14:08:11,887 INFO org.springframework.context.support.PostProcessorRegistrationDelegate$BeanPostProcessorChecker [main] Bean 'bindersHealthIndicatorListener' of type [org.springframework.cloud.stream.config.BindersHealthIndicatorAutoConfiguration$BindersHealthIndicatorListener] is not eligible for getting processed by all BeanPostProcessors (for example: not eligible for auto-proxying)
2022-11-26 14:08:11,891 INFO org.springframework.context.support.PostProcessorRegistrationDelegate$BeanPostProcessorChecker [main] Bean 'org.springframework.cloud.stream.binder.rabbit.config.ExtendedBindingHandlerMappingsProviderConfiguration' of type [org.springframework.cloud.stream.binder.rabbit.config.ExtendedBindingHandlerMappingsProviderConfiguration$$EnhancerBySpringCGLIB$$421da3ba] is not eligible for getting processed by all BeanPostProcessors (for example: not eligible for auto-proxying)
2022-11-26 14:08:11,897 INFO org.springframework.context.support.PostProcessorRegistrationDelegate$BeanPostProcessorChecker [main] Bean 'rabbitExtendedPropertiesDefaultMappingsProvider' of type [org.springframework.cloud.stream.binder.rabbit.config.ExtendedBindingHandlerMappingsProviderConfiguration$$Lambda$716/0x00000008011e2988] is not eligible for getting processed by all BeanPostProcessors (for example: not eligible for auto-proxying)
2022-11-26 14:08:11,900 INFO org.springframework.context.support.PostProcessorRegistrationDelegate$BeanPostProcessorChecker [main] Bean 'BindingHandlerAdvise' of type [org.springframework.cloud.stream.config.BindingHandlerAdvise] is not eligible for getting processed by all BeanPostProcessors (for example: not eligible for auto-proxying)
2022-11-26 14:08:11,901 INFO org.springframework.context.support.PostProcessorRegistrationDelegate$BeanPostProcessorChecker [main] Bean 'org.springframework.cloud.commons.config.CommonsConfigAutoConfiguration' of type [org.springframework.cloud.commons.config.CommonsConfigAutoConfiguration] is not eligible for getting processed by all BeanPostProcessors (for example: not eligible for auto-proxying)
2022-11-26 14:08:11,902 INFO org.springframework.context.support.PostProcessorRegistrationDelegate$BeanPostProcessorChecker [main] Bean 'org.springframework.cloud.client.loadbalancer.LoadBalancerDefaultMappingsProviderAutoConfiguration' of type [org.springframework.cloud.client.loadbalancer.LoadBalancerDefaultMappingsProviderAutoConfiguration] is not eligible for getting processed by all BeanPostProcessors (for example: not eligible for auto-proxying)
2022-11-26 14:08:11,904 INFO org.springframework.context.support.PostProcessorRegistrationDelegate$BeanPostProcessorChecker [main] Bean 'loadBalancerClientsDefaultsMappingsProvider' of type [org.springframework.cloud.client.loadbalancer.LoadBalancerDefaultMappingsProviderAutoConfiguration$$Lambda$717/0x00000008011e2ba8] is not eligible for getting processed by all BeanPostProcessors (for example: not eligible for auto-proxying)
2022-11-26 14:08:11,906 INFO org.springframework.context.support.PostProcessorRegistrationDelegate$BeanPostProcessorChecker [main] Bean 'defaultsBindHandlerAdvisor' of type [org.springframework.cloud.commons.config.DefaultsBindHandlerAdvisor] is not eligible for getting processed by all BeanPostProcessors (for example: not eligible for auto-proxying)
2022-11-26 14:08:11,912 INFO org.springframework.context.support.PostProcessorRegistrationDelegate$BeanPostProcessorChecker [main] Bean 'spelConverter' of type [org.springframework.cloud.stream.config.SpelExpressionConverterConfiguration$SpelConverter] is not eligible for getting processed by all BeanPostProcessors (for example: not eligible for auto-proxying)
2022-11-26 14:08:11,915 INFO org.springframework.context.support.PostProcessorRegistrationDelegate$BeanPostProcessorChecker [main] Bean 'spring.jmx-org.springframework.boot.autoconfigure.jmx.JmxProperties' of type [org.springframework.boot.autoconfigure.jmx.JmxProperties] is not eligible for getting processed by all BeanPostProcessors (for example: not eligible for auto-proxying)
2022-11-26 14:08:11,919 INFO org.springframework.context.support.PostProcessorRegistrationDelegate$BeanPostProcessorChecker [main] Bean 'org.springframework.boot.autoconfigure.jmx.JmxAutoConfiguration' of type [org.springframework.boot.autoconfigure.jmx.JmxAutoConfiguration] is not eligible for getting processed by all BeanPostProcessors (for example: not eligible for auto-proxying)
2022-11-26 14:08:11,922 INFO org.springframework.context.support.PostProcessorRegistrationDelegate$BeanPostProcessorChecker [main] Bean 'mbeanServer' of type [com.sun.jmx.mbeanserver.JmxMBeanServer] is not eligible for getting processed by all BeanPostProcessors (for example: not eligible for auto-proxying)
2022-11-26 14:08:11,938 INFO org.springframework.context.support.PostProcessorRegistrationDelegate$BeanPostProcessorChecker [main] Bean 'integrationChannelResolver' of type [org.springframework.integration.support.channel.BeanFactoryChannelResolver] is not eligible for getting processed by all BeanPostProcessors (for example: not eligible for auto-proxying)
2022-11-26 14:08:12,108 INFO org.springframework.boot.web.embedded.tomcat.TomcatWebServer [main] Tomcat initialized with port(s): 8082 (http)
2022-11-26 14:08:12,112 INFO org.apache.juli.logging.DirectJDKLog [main] Initializing ProtocolHandler ["http-nio-8082"]
2022-11-26 14:08:12,112 INFO org.apache.juli.logging.DirectJDKLog [main] Starting service [Tomcat]
2022-11-26 14:08:12,112 INFO org.apache.juli.logging.DirectJDKLog [main] Starting Servlet engine: [Apache Tomcat/9.0.68]
2022-11-26 14:08:12,171 INFO org.apache.juli.logging.DirectJDKLog [main] Initializing Spring embedded WebApplicationContext
2022-11-26 14:08:12,171 INFO org.springframework.boot.web.servlet.context.ServletWebServerApplicationContext [main] Root WebApplicationContext: initialization completed in 1366 ms
2022-11-26 14:08:13,163 INFO org.hibernate.jpa.internal.util.LogHelper [main] HHH000204: Processing PersistenceUnitInfo [name: default]
2022-11-26 14:08:13,180 INFO org.hibernate.Version [main] HHH000412: Hibernate ORM core version 5.6.12.Final
2022-11-26 14:08:13,237 INFO org.hibernate.annotations.common.reflection.java.JavaReflectionManager [main] HCANN000001: Hibernate Commons Annotations {5.1.2.Final}
2022-11-26 14:08:13,272 INFO com.zaxxer.hikari.HikariDataSource [main] HikariPool-1 - Starting...
2022-11-26 14:08:13,376 INFO com.zaxxer.hikari.HikariDataSource [main] HikariPool-1 - Start completed.
2022-11-26 14:08:13,394 INFO org.hibernate.dialect.Dialect [main] HHH000400: Using dialect: org.hibernate.dialect.PostgreSQLDialect
2022-11-26 14:08:13,681 INFO org.hibernate.engine.transaction.jta.platform.internal.JtaPlatformInitiator [main] HHH000490: Using JtaPlatform implementation: [org.hibernate.engine.transaction.jta.platform.internal.NoJtaPlatform]
2022-11-26 14:08:13,684 INFO org.springframework.orm.jpa.AbstractEntityManagerFactoryBean [main] Initialized JPA EntityManagerFactory for persistence unit 'default'
2022-11-26 14:08:13,934 WARN org.springframework.boot.autoconfigure.orm.jpa.JpaBaseConfiguration$JpaWebConfiguration [main] spring.jpa.open-in-view is enabled by default. Therefore, database queries may be performed during view rendering. Explicitly configure spring.jpa.open-in-view to disable this warning
2022-11-26 14:08:14,488 INFO org.springframework.core.log.LogAccessor [main] Channel 'notification.springCloudBusInput' has 1 subscriber(s).
2022-11-26 14:08:14,625 INFO org.springframework.cloud.netflix.eureka.config.DiscoveryClientOptionalArgsConfiguration [main] Eureka HTTP Client uses RestTemplate.
2022-11-26 14:08:14,713 WARN org.springframework.cloud.loadbalancer.config.LoadBalancerCacheAutoConfiguration$LoadBalancerCaffeineWarnLogger [main] Spring Cloud LoadBalancer is currently working with the default cache. While this cache implementation is useful for development and tests, it's recommended to use Caffeine cache in production.You can switch to using Caffeine cache, by adding it and org.springframework.cache.caffeine.CaffeineCacheManager to the classpath.
2022-11-26 14:08:14,750 INFO org.springframework.boot.actuate.endpoint.web.EndpointLinksResolver [main] Exposing 25 endpoint(s) beneath base path '/actuator'
2022-11-26 14:08:14,878 INFO org.springframework.integration.monitor.IntegrationMBeanExporter [main] Registering MessageChannel errorChannel
2022-11-26 14:08:14,895 INFO org.springframework.integration.monitor.IntegrationMBeanExporter [main] Registering MessageChannel springCloudBusInput
2022-11-26 14:08:14,905 INFO org.springframework.integration.monitor.IntegrationMBeanExporter [main] Registering MessageChannel nullChannel
2022-11-26 14:08:14,912 INFO org.springframework.integration.monitor.IntegrationMBeanExporter [main] Registering MessageHandler _org.springframework.integration.errorLogger
2022-11-26 14:08:14,929 INFO org.springframework.core.log.LogAccessor [main] Adding {logging-channel-adapter:_org.springframework.integration.errorLogger} as a subscriber to the 'errorChannel' channel
2022-11-26 14:08:14,929 INFO org.springframework.core.log.LogAccessor [main] Channel 'notification.errorChannel' has 1 subscriber(s).
2022-11-26 14:08:14,929 INFO org.springframework.core.log.LogAccessor [main] started bean '_org.springframework.integration.errorLogger'
2022-11-26 14:08:14,934 INFO org.springframework.cloud.netflix.eureka.InstanceInfoFactory [main] Setting initial instance status as: STARTING
2022-11-26 14:08:14,947 INFO com.netflix.discovery.DiscoveryClient [main] Initializing Eureka in region us-east-1
2022-11-26 14:08:14,949 INFO com.netflix.discovery.shared.resolver.aws.ConfigClusterResolver [main] Resolving eureka endpoints via configuration
2022-11-26 14:08:14,957 INFO com.netflix.discovery.DiscoveryClient [main] Disable delta property : false
2022-11-26 14:08:14,957 INFO com.netflix.discovery.DiscoveryClient [main] Single vip registry refresh property : null
2022-11-26 14:08:14,957 INFO com.netflix.discovery.DiscoveryClient [main] Force full registry fetch : false
2022-11-26 14:08:14,957 INFO com.netflix.discovery.DiscoveryClient [main] Application is null : false
2022-11-26 14:08:14,957 INFO com.netflix.discovery.DiscoveryClient [main] Registered Applications size is zero : true
2022-11-26 14:08:14,957 INFO com.netflix.discovery.DiscoveryClient [main] Application version is -1: true
2022-11-26 14:08:14,957 INFO com.netflix.discovery.DiscoveryClient [main] Getting all instance registry info from the eureka server
2022-11-26 14:08:15,016 INFO com.netflix.discovery.DiscoveryClient [main] The response status is 200
2022-11-26 14:08:15,017 INFO com.netflix.discovery.DiscoveryClient [main] Starting heartbeat executor: renew interval is: 30
2022-11-26 14:08:15,017 INFO com.netflix.discovery.InstanceInfoReplicator [main] InstanceInfoReplicator onDemand update allowed rate per min is 4
2022-11-26 14:08:15,019 INFO com.netflix.discovery.DiscoveryClient [main] Discovery Client initialized at timestamp 1669460895019 with initial instances count: 0
2022-11-26 14:08:15,023 INFO org.springframework.cloud.netflix.eureka.serviceregistry.EurekaServiceRegistry [main] Registering application NOTIFICATION with eureka with status UP
2022-11-26 14:08:15,023 INFO com.netflix.discovery.DiscoveryClient$3 [main] Saw local status change event StatusChangeEvent [timestamp=1669460895023, current=UP, previous=STARTING]
2022-11-26 14:08:15,024 INFO com.netflix.discovery.DiscoveryClient [DiscoveryClient-InstanceInfoReplicator-0] DiscoveryClient_NOTIFICATION/192.168.1.37:notification:8082: registering service...
2022-11-26 14:08:15,041 INFO com.netflix.discovery.DiscoveryClient [DiscoveryClient-InstanceInfoReplicator-0] DiscoveryClient_NOTIFICATION/192.168.1.37:notification:8082 - registration status: 204
2022-11-26 14:08:15,094 INFO org.springframework.cloud.stream.binder.rabbit.provisioning.RabbitExchangeQueueProvisioner [main] declaring queue for inbound: springCloudBus.anonymous.OmfvOuvxQ6SO0BwsLJD_Bw, bound to: springCloudBus
2022-11-26 14:08:15,095 INFO org.springframework.amqp.rabbit.connection.AbstractConnectionFactory [main] Attempting to connect to: [localhost:5672]
2022-11-26 14:08:15,124 INFO org.springframework.amqp.rabbit.connection.AbstractConnectionFactory [main] Created new connection: rabbitConnectionFactory#5644f664:0/SimpleConnection@55456711 [delegate=amqp://guest@127.0.0.1:5672/, localPort= 50952]
2022-11-26 14:08:15,166 INFO org.springframework.core.log.LogAccessor [main] Channel 'springCloudBus.anonymous.OmfvOuvxQ6SO0BwsLJD_Bw.errors' has 1 subscriber(s).
2022-11-26 14:08:15,166 INFO org.springframework.core.log.LogAccessor [main] Channel 'springCloudBus.anonymous.OmfvOuvxQ6SO0BwsLJD_Bw.errors' has 2 subscriber(s).
2022-11-26 14:08:15,181 INFO org.springframework.core.log.LogAccessor [main] started bean 'inbound.springCloudBus.anonymous.OmfvOuvxQ6SO0BwsLJD_Bw'
2022-11-26 14:08:15,182 INFO org.apache.juli.logging.DirectJDKLog [main] Starting ProtocolHandler ["http-nio-8082"]
2022-11-26 14:08:15,191 INFO org.springframework.boot.web.embedded.tomcat.TomcatWebServer [main] Tomcat started on port(s): 8082 (http) with context path ''
2022-11-26 14:08:15,191 INFO org.springframework.cloud.netflix.eureka.serviceregistry.EurekaAutoServiceRegistration [main] Updating port to 8082
2022-11-26 14:08:15,216 INFO org.springframework.integration.monitor.IntegrationMBeanExporter [main] Registering MessageChannel springCloudBus.anonymous.OmfvOuvxQ6SO0BwsLJD_Bw.errors
2022-11-26 14:08:15,264 INFO org.springframework.boot.StartupInfoLogger [main] Started NotificationApplication in 5.895 seconds (JVM running for 6.436)
2022-11-26 14:08:15,438 INFO org.apache.juli.logging.DirectJDKLog [RMI TCP Connection(3)-127.0.0.1] Initializing Spring DispatcherServlet 'dispatcherServlet'
2022-11-26 14:08:15,438 INFO org.springframework.web.servlet.FrameworkServlet [RMI TCP Connection(3)-127.0.0.1] Initializing Servlet 'dispatcherServlet'
2022-11-26 14:08:15,440 INFO org.springframework.web.servlet.FrameworkServlet [RMI TCP Connection(3)-127.0.0.1] Completed initialization in 2 ms
2022-11-26 14:08:45,023 INFO com.netflix.discovery.DiscoveryClient [DiscoveryClient-CacheRefreshExecutor-0] Disable delta property : false
2022-11-26 14:08:45,026 INFO com.netflix.discovery.DiscoveryClient [DiscoveryClient-CacheRefreshExecutor-0] Single vip registry refresh property : null
2022-11-26 14:08:45,026 INFO com.netflix.discovery.DiscoveryClient [DiscoveryClient-CacheRefreshExecutor-0] Force full registry fetch : false
2022-11-26 14:08:45,026 INFO com.netflix.discovery.DiscoveryClient [DiscoveryClient-CacheRefreshExecutor-0] Application is null : false
2022-11-26 14:08:45,026 INFO com.netflix.discovery.DiscoveryClient [DiscoveryClient-CacheRefreshExecutor-0] Registered Applications size is zero : true
2022-11-26 14:08:45,026 INFO com.netflix.discovery.DiscoveryClient [DiscoveryClient-CacheRefreshExecutor-0] Application version is -1: false
2022-11-26 14:08:45,026 INFO com.netflix.discovery.DiscoveryClient [DiscoveryClient-CacheRefreshExecutor-0] Getting all instance registry info from the eureka server
2022-11-26 14:08:45,042 INFO com.netflix.discovery.DiscoveryClient [DiscoveryClient-CacheRefreshExecutor-0] The response status is 200
2022-11-26 14:08:58,078 INFO org.springframework.cloud.sleuth.autoconfig.zipkin2.ZipkinAutoConfiguration$1 [Thread-2] Flushing remaining spans on shutdown
2022-11-26 14:08:58,079 INFO org.springframework.cloud.netflix.eureka.serviceregistry.EurekaServiceRegistry [SpringApplicationShutdownHook] Unregistering application NOTIFICATION with eureka with status DOWN
2022-11-26 14:08:58,079 INFO com.netflix.discovery.DiscoveryClient$3 [SpringApplicationShutdownHook] Saw local status change event StatusChangeEvent [timestamp=1669460938079, current=DOWN, previous=UP]
2022-11-26 14:08:58,080 INFO com.netflix.discovery.DiscoveryClient [DiscoveryClient-InstanceInfoReplicator-0] DiscoveryClient_NOTIFICATION/192.168.1.37:notification:8082: registering service...
2022-11-26 14:08:58,084 INFO com.netflix.discovery.DiscoveryClient [DiscoveryClient-InstanceInfoReplicator-0] DiscoveryClient_NOTIFICATION/192.168.1.37:notification:8082 - registration status: 204
2022-11-26 14:08:58,089 INFO org.springframework.amqp.rabbit.listener.SimpleMessageListenerContainer [org.springframework.amqp.rabbit.RabbitListenerEndpointContainer#0-2] Waiting for workers to finish.
2022-11-26 14:08:58,368 INFO org.springframework.amqp.rabbit.listener.SimpleMessageListenerContainer [org.springframework.amqp.rabbit.RabbitListenerEndpointContainer#0-2] Successfully waited for workers to finish.
2022-11-26 14:08:58,398 INFO org.springframework.amqp.rabbit.listener.SimpleMessageListenerContainer [SpringApplicationShutdownHook] Waiting for workers to finish.
2022-11-26 14:08:59,347 INFO org.springframework.amqp.rabbit.listener.SimpleMessageListenerContainer [SpringApplicationShutdownHook] Successfully waited for workers to finish.
2022-11-26 14:08:59,348 INFO org.springframework.core.log.LogAccessor [SpringApplicationShutdownHook] stopped bean 'inbound.springCloudBus.anonymous.OmfvOuvxQ6SO0BwsLJD_Bw'
2022-11-26 14:08:59,355 INFO org.springframework.core.log.LogAccessor [SpringApplicationShutdownHook] Channel 'notification.springCloudBus.anonymous.OmfvOuvxQ6SO0BwsLJD_Bw.errors' has 1 subscriber(s).
2022-11-26 14:08:59,359 INFO org.springframework.core.log.LogAccessor [SpringApplicationShutdownHook] Removing {logging-channel-adapter:_org.springframework.integration.errorLogger} as a subscriber to the 'errorChannel' channel
2022-11-26 14:08:59,359 INFO org.springframework.core.log.LogAccessor [SpringApplicationShutdownHook] Channel 'notification.errorChannel' has 0 subscriber(s).
2022-11-26 14:08:59,359 INFO org.springframework.core.log.LogAccessor [SpringApplicationShutdownHook] stopped bean '_org.springframework.integration.errorLogger'
2022-11-26 14:08:59,366 INFO org.springframework.amqp.rabbit.listener.SimpleMessageListenerContainer [SpringApplicationShutdownHook] Shutdown ignored - container is already stopped
2022-11-26 14:08:59,369 INFO org.springframework.orm.jpa.AbstractEntityManagerFactoryBean [SpringApplicationShutdownHook] Closing JPA EntityManagerFactory for persistence unit 'default'
2022-11-26 14:09:00,390 INFO com.zaxxer.hikari.HikariDataSource [SpringApplicationShutdownHook] HikariPool-1 - Shutdown initiated...
2022-11-26 14:09:00,393 INFO com.zaxxer.hikari.HikariDataSource [SpringApplicationShutdownHook] HikariPool-1 - Shutdown completed.
2022-11-26 14:09:00,395 INFO com.netflix.discovery.DiscoveryClient [SpringApplicationShutdownHook] Shutting down DiscoveryClient ...
2022-11-26 14:09:03,402 INFO com.netflix.discovery.DiscoveryClient [SpringApplicationShutdownHook] Unregistering ...
2022-11-26 14:09:03,414 INFO com.netflix.discovery.DiscoveryClient [SpringApplicationShutdownHook] DiscoveryClient_NOTIFICATION/192.168.1.37:notification:8082 - deregister  status: 200
2022-11-26 14:09:03,420 INFO com.netflix.discovery.DiscoveryClient [SpringApplicationShutdownHook] Completed shut down of DiscoveryClient
2022-11-26 14:09:10,305 INFO org.hibernate.validator.internal.util.Version [background-preinit] HV000001: Hibernate Validator 6.2.5.Final
2022-11-26 14:09:10,307 INFO org.springframework.boot.StartupInfoLogger [main] Starting NotificationApplication using Java 17.0.4.1 on hdurmaz.local with PID 4665 (/Users/hdurmaz/IdeaProjects/banking-application-credit-service/notification/target/classes started by hdurmaz in /Users/hdurmaz/IdeaProjects/banking-application-credit-service)
2022-11-26 14:09:10,308 INFO org.springframework.boot.SpringApplication [main] No active profile set, falling back to 1 default profile: "default"
2022-11-26 14:09:10,321 INFO org.springframework.boot.logging.DeferredLog [main] Fetching config from server at : http://localhost:8088
2022-11-26 14:09:10,321 INFO org.springframework.boot.logging.DeferredLog [main] Located environment: name=notification, profiles=[default], label=null, version=946ed481d9f3e2ede78ffb862429f8ac4c2f6e7a, state=null
2022-11-26 14:09:10,757 INFO org.springframework.data.repository.config.RepositoryConfigurationDelegate [main] Bootstrapping Spring Data JPA repositories in DEFAULT mode.
2022-11-26 14:09:10,813 INFO org.springframework.data.repository.config.RepositoryConfigurationDelegate [main] Finished Spring Data repository scanning in 53 ms. Found 1 JPA repository interfaces.
2022-11-26 14:09:10,998 INFO org.springframework.core.log.LogAccessor [main] No bean named 'errorChannel' has been explicitly defined. Therefore, a default PublishSubscribeChannel will be created.
2022-11-26 14:09:11,004 INFO org.springframework.core.log.LogAccessor [main] No bean named 'integrationHeaderChannelRegistry' has been explicitly defined. Therefore, a default DefaultHeaderChannelRegistry will be created.
2022-11-26 14:09:11,054 INFO org.springframework.cloud.context.scope.GenericScope [main] BeanFactory id=36244d16-9a8d-38ac-a3fc-201be1afd638
2022-11-26 14:09:11,173 INFO org.springframework.context.support.PostProcessorRegistrationDelegate$BeanPostProcessorChecker [main] Bean 'org.springframework.integration.config.IntegrationManagementConfiguration' of type [org.springframework.integration.config.IntegrationManagementConfiguration] is not eligible for getting processed by all BeanPostProcessors (for example: not eligible for auto-proxying)
2022-11-26 14:09:11,178 INFO org.springframework.context.support.PostProcessorRegistrationDelegate$BeanPostProcessorChecker [main] Bean 'org.springframework.boot.autoconfigure.integration.IntegrationAutoConfiguration$IntegrationJmxConfiguration' of type [org.springframework.boot.autoconfigure.integration.IntegrationAutoConfiguration$IntegrationJmxConfiguration] is not eligible for getting processed by all BeanPostProcessors (for example: not eligible for auto-proxying)
2022-11-26 14:09:11,182 INFO org.springframework.context.support.PostProcessorRegistrationDelegate$BeanPostProcessorChecker [main] Bean 'org.springframework.cloud.stream.config.BindersHealthIndicatorAutoConfiguration' of type [org.springframework.cloud.stream.config.BindersHealthIndicatorAutoConfiguration] is not eligible for getting processed by all BeanPostProcessors (for example: not eligible for auto-proxying)
2022-11-26 14:09:11,183 INFO org.springframework.context.support.PostProcessorRegistrationDelegate$BeanPostProcessorChecker [main] Bean 'bindersHealthContributor' of type [org.springframework.cloud.stream.config.BindersHealthIndicatorAutoConfiguration$BindersHealthContributor] is not eligible for getting processed by all BeanPostProcessors (for example: not eligible for auto-proxying)
2022-11-26 14:09:11,186 INFO org.springframework.context.support.PostProcessorRegistrationDelegate$BeanPostProcessorChecker [main] Bean 'bindersHealthIndicatorListener' of type [org.springframework.cloud.stream.config.BindersHealthIndicatorAutoConfiguration$BindersHealthIndicatorListener] is not eligible for getting processed by all BeanPostProcessors (for example: not eligible for auto-proxying)
2022-11-26 14:09:11,189 INFO org.springframework.context.support.PostProcessorRegistrationDelegate$BeanPostProcessorChecker [main] Bean 'org.springframework.cloud.stream.binder.rabbit.config.ExtendedBindingHandlerMappingsProviderConfiguration' of type [org.springframework.cloud.stream.binder.rabbit.config.ExtendedBindingHandlerMappingsProviderConfiguration$$EnhancerBySpringCGLIB$$fc466a4c] is not eligible for getting processed by all BeanPostProcessors (for example: not eligible for auto-proxying)
2022-11-26 14:09:11,193 INFO org.springframework.context.support.PostProcessorRegistrationDelegate$BeanPostProcessorChecker [main] Bean 'rabbitExtendedPropertiesDefaultMappingsProvider' of type [org.springframework.cloud.stream.binder.rabbit.config.ExtendedBindingHandlerMappingsProviderConfiguration$$Lambda$716/0x00000008011e2070] is not eligible for getting processed by all BeanPostProcessors (for example: not eligible for auto-proxying)
2022-11-26 14:09:11,196 INFO org.springframework.context.support.PostProcessorRegistrationDelegate$BeanPostProcessorChecker [main] Bean 'BindingHandlerAdvise' of type [org.springframework.cloud.stream.config.BindingHandlerAdvise] is not eligible for getting processed by all BeanPostProcessors (for example: not eligible for auto-proxying)
2022-11-26 14:09:11,196 INFO org.springframework.context.support.PostProcessorRegistrationDelegate$BeanPostProcessorChecker [main] Bean 'org.springframework.cloud.commons.config.CommonsConfigAutoConfiguration' of type [org.springframework.cloud.commons.config.CommonsConfigAutoConfiguration] is not eligible for getting processed by all BeanPostProcessors (for example: not eligible for auto-proxying)
2022-11-26 14:09:11,197 INFO org.springframework.context.support.PostProcessorRegistrationDelegate$BeanPostProcessorChecker [main] Bean 'org.springframework.cloud.client.loadbalancer.LoadBalancerDefaultMappingsProviderAutoConfiguration' of type [org.springframework.cloud.client.loadbalancer.LoadBalancerDefaultMappingsProviderAutoConfiguration] is not eligible for getting processed by all BeanPostProcessors (for example: not eligible for auto-proxying)
2022-11-26 14:09:11,198 INFO org.springframework.context.support.PostProcessorRegistrationDelegate$BeanPostProcessorChecker [main] Bean 'loadBalancerClientsDefaultsMappingsProvider' of type [org.springframework.cloud.client.loadbalancer.LoadBalancerDefaultMappingsProviderAutoConfiguration$$Lambda$717/0x00000008011e2290] is not eligible for getting processed by all BeanPostProcessors (for example: not eligible for auto-proxying)
2022-11-26 14:09:11,200 INFO org.springframework.context.support.PostProcessorRegistrationDelegate$BeanPostProcessorChecker [main] Bean 'defaultsBindHandlerAdvisor' of type [org.springframework.cloud.commons.config.DefaultsBindHandlerAdvisor] is not eligible for getting processed by all BeanPostProcessors (for example: not eligible for auto-proxying)
2022-11-26 14:09:11,205 INFO org.springframework.context.support.PostProcessorRegistrationDelegate$BeanPostProcessorChecker [main] Bean 'spelConverter' of type [org.springframework.cloud.stream.config.SpelExpressionConverterConfiguration$SpelConverter] is not eligible for getting processed by all BeanPostProcessors (for example: not eligible for auto-proxying)
2022-11-26 14:09:11,208 INFO org.springframework.context.support.PostProcessorRegistrationDelegate$BeanPostProcessorChecker [main] Bean 'spring.jmx-org.springframework.boot.autoconfigure.jmx.JmxProperties' of type [org.springframework.boot.autoconfigure.jmx.JmxProperties] is not eligible for getting processed by all BeanPostProcessors (for example: not eligible for auto-proxying)
2022-11-26 14:09:11,216 INFO org.springframework.context.support.PostProcessorRegistrationDelegate$BeanPostProcessorChecker [main] Bean 'org.springframework.boot.autoconfigure.jmx.JmxAutoConfiguration' of type [org.springframework.boot.autoconfigure.jmx.JmxAutoConfiguration] is not eligible for getting processed by all BeanPostProcessors (for example: not eligible for auto-proxying)
2022-11-26 14:09:11,218 INFO org.springframework.context.support.PostProcessorRegistrationDelegate$BeanPostProcessorChecker [main] Bean 'mbeanServer' of type [com.sun.jmx.mbeanserver.JmxMBeanServer] is not eligible for getting processed by all BeanPostProcessors (for example: not eligible for auto-proxying)
2022-11-26 14:09:11,248 INFO org.springframework.context.support.PostProcessorRegistrationDelegate$BeanPostProcessorChecker [main] Bean 'integrationChannelResolver' of type [org.springframework.integration.support.channel.BeanFactoryChannelResolver] is not eligible for getting processed by all BeanPostProcessors (for example: not eligible for auto-proxying)
2022-11-26 14:09:11,412 INFO org.springframework.boot.web.embedded.tomcat.TomcatWebServer [main] Tomcat initialized with port(s): 8082 (http)
2022-11-26 14:09:11,416 INFO org.apache.juli.logging.DirectJDKLog [main] Initializing ProtocolHandler ["http-nio-8082"]
2022-11-26 14:09:11,417 INFO org.apache.juli.logging.DirectJDKLog [main] Starting service [Tomcat]
2022-11-26 14:09:11,417 INFO org.apache.juli.logging.DirectJDKLog [main] Starting Servlet engine: [Apache Tomcat/9.0.68]
2022-11-26 14:09:11,480 INFO org.apache.juli.logging.DirectJDKLog [main] Initializing Spring embedded WebApplicationContext
2022-11-26 14:09:11,480 INFO org.springframework.boot.web.servlet.context.ServletWebServerApplicationContext [main] Root WebApplicationContext: initialization completed in 1159 ms
2022-11-26 14:09:12,251 INFO org.hibernate.jpa.internal.util.LogHelper [main] HHH000204: Processing PersistenceUnitInfo [name: default]
2022-11-26 14:09:12,269 INFO org.hibernate.Version [main] HHH000412: Hibernate ORM core version 5.6.12.Final
2022-11-26 14:09:12,322 INFO org.hibernate.annotations.common.reflection.java.JavaReflectionManager [main] HCANN000001: Hibernate Commons Annotations {5.1.2.Final}
2022-11-26 14:09:12,354 INFO com.zaxxer.hikari.HikariDataSource [main] HikariPool-1 - Starting...
2022-11-26 14:09:12,429 INFO com.zaxxer.hikari.HikariDataSource [main] HikariPool-1 - Start completed.
2022-11-26 14:09:12,442 INFO org.hibernate.dialect.Dialect [main] HHH000400: Using dialect: org.hibernate.dialect.PostgreSQLDialect
2022-11-26 14:09:12,667 INFO org.hibernate.engine.transaction.jta.platform.internal.JtaPlatformInitiator [main] HHH000490: Using JtaPlatform implementation: [org.hibernate.engine.transaction.jta.platform.internal.NoJtaPlatform]
2022-11-26 14:09:12,671 INFO org.springframework.orm.jpa.AbstractEntityManagerFactoryBean [main] Initialized JPA EntityManagerFactory for persistence unit 'default'
2022-11-26 14:09:12,896 WARN org.springframework.boot.autoconfigure.orm.jpa.JpaBaseConfiguration$JpaWebConfiguration [main] spring.jpa.open-in-view is enabled by default. Therefore, database queries may be performed during view rendering. Explicitly configure spring.jpa.open-in-view to disable this warning
2022-11-26 14:09:13,414 INFO org.springframework.core.log.LogAccessor [main] Channel 'notification.springCloudBusInput' has 1 subscriber(s).
2022-11-26 14:09:13,542 INFO org.springframework.cloud.netflix.eureka.config.DiscoveryClientOptionalArgsConfiguration [main] Eureka HTTP Client uses RestTemplate.
2022-11-26 14:09:13,620 WARN org.springframework.cloud.loadbalancer.config.LoadBalancerCacheAutoConfiguration$LoadBalancerCaffeineWarnLogger [main] Spring Cloud LoadBalancer is currently working with the default cache. While this cache implementation is useful for development and tests, it's recommended to use Caffeine cache in production.You can switch to using Caffeine cache, by adding it and org.springframework.cache.caffeine.CaffeineCacheManager to the classpath.
2022-11-26 14:09:13,659 INFO org.springframework.boot.actuate.endpoint.web.EndpointLinksResolver [main] Exposing 25 endpoint(s) beneath base path '/actuator'
2022-11-26 14:09:13,789 INFO org.springframework.integration.monitor.IntegrationMBeanExporter [main] Registering MessageChannel errorChannel
2022-11-26 14:09:13,806 INFO org.springframework.integration.monitor.IntegrationMBeanExporter [main] Registering MessageChannel springCloudBusInput
2022-11-26 14:09:13,816 INFO org.springframework.integration.monitor.IntegrationMBeanExporter [main] Registering MessageChannel nullChannel
2022-11-26 14:09:13,823 INFO org.springframework.integration.monitor.IntegrationMBeanExporter [main] Registering MessageHandler _org.springframework.integration.errorLogger
2022-11-26 14:09:13,840 INFO org.springframework.core.log.LogAccessor [main] Adding {logging-channel-adapter:_org.springframework.integration.errorLogger} as a subscriber to the 'errorChannel' channel
2022-11-26 14:09:13,840 INFO org.springframework.core.log.LogAccessor [main] Channel 'notification.errorChannel' has 1 subscriber(s).
2022-11-26 14:09:13,840 INFO org.springframework.core.log.LogAccessor [main] started bean '_org.springframework.integration.errorLogger'
2022-11-26 14:09:13,845 INFO org.springframework.cloud.netflix.eureka.InstanceInfoFactory [main] Setting initial instance status as: STARTING
2022-11-26 14:09:13,861 INFO com.netflix.discovery.DiscoveryClient [main] Initializing Eureka in region us-east-1
2022-11-26 14:09:13,863 INFO com.netflix.discovery.shared.resolver.aws.ConfigClusterResolver [main] Resolving eureka endpoints via configuration
2022-11-26 14:09:13,872 INFO com.netflix.discovery.DiscoveryClient [main] Disable delta property : false
2022-11-26 14:09:13,872 INFO com.netflix.discovery.DiscoveryClient [main] Single vip registry refresh property : null
2022-11-26 14:09:13,872 INFO com.netflix.discovery.DiscoveryClient [main] Force full registry fetch : false
2022-11-26 14:09:13,872 INFO com.netflix.discovery.DiscoveryClient [main] Application is null : false
2022-11-26 14:09:13,872 INFO com.netflix.discovery.DiscoveryClient [main] Registered Applications size is zero : true
2022-11-26 14:09:13,872 INFO com.netflix.discovery.DiscoveryClient [main] Application version is -1: true
2022-11-26 14:09:13,872 INFO com.netflix.discovery.DiscoveryClient [main] Getting all instance registry info from the eureka server
2022-11-26 14:09:13,930 INFO com.netflix.discovery.DiscoveryClient [main] The response status is 200
2022-11-26 14:09:13,932 INFO com.netflix.discovery.DiscoveryClient [main] Starting heartbeat executor: renew interval is: 30
2022-11-26 14:09:13,932 INFO com.netflix.discovery.InstanceInfoReplicator [main] InstanceInfoReplicator onDemand update allowed rate per min is 4
2022-11-26 14:09:13,934 INFO com.netflix.discovery.DiscoveryClient [main] Discovery Client initialized at timestamp 1669460953934 with initial instances count: 5
2022-11-26 14:09:13,938 INFO org.springframework.cloud.netflix.eureka.serviceregistry.EurekaServiceRegistry [main] Registering application NOTIFICATION with eureka with status UP
2022-11-26 14:09:13,938 INFO com.netflix.discovery.DiscoveryClient$3 [main] Saw local status change event StatusChangeEvent [timestamp=1669460953938, current=UP, previous=STARTING]
2022-11-26 14:09:13,939 INFO com.netflix.discovery.DiscoveryClient [DiscoveryClient-InstanceInfoReplicator-0] DiscoveryClient_NOTIFICATION/192.168.1.37:notification:8082: registering service...
2022-11-26 14:09:13,955 INFO com.netflix.discovery.DiscoveryClient [DiscoveryClient-InstanceInfoReplicator-0] DiscoveryClient_NOTIFICATION/192.168.1.37:notification:8082 - registration status: 204
2022-11-26 14:09:14,005 INFO org.springframework.cloud.stream.binder.rabbit.provisioning.RabbitExchangeQueueProvisioner [main] declaring queue for inbound: springCloudBus.anonymous.YFlmqx0nQBuy4YIx5BLNPw, bound to: springCloudBus
2022-11-26 14:09:14,006 INFO org.springframework.amqp.rabbit.connection.AbstractConnectionFactory [main] Attempting to connect to: [localhost:5672]
2022-11-26 14:09:14,036 INFO org.springframework.amqp.rabbit.connection.AbstractConnectionFactory [main] Created new connection: rabbitConnectionFactory#4113d9ab:0/SimpleConnection@4bc15d49 [delegate=amqp://guest@127.0.0.1:5672/, localPort= 51018]
2022-11-26 14:09:14,065 INFO org.springframework.core.log.LogAccessor [main] Channel 'springCloudBus.anonymous.YFlmqx0nQBuy4YIx5BLNPw.errors' has 1 subscriber(s).
2022-11-26 14:09:14,065 INFO org.springframework.core.log.LogAccessor [main] Channel 'springCloudBus.anonymous.YFlmqx0nQBuy4YIx5BLNPw.errors' has 2 subscriber(s).
2022-11-26 14:09:14,077 INFO org.springframework.core.log.LogAccessor [main] started bean 'inbound.springCloudBus.anonymous.YFlmqx0nQBuy4YIx5BLNPw'
2022-11-26 14:09:14,077 INFO org.apache.juli.logging.DirectJDKLog [main] Starting ProtocolHandler ["http-nio-8082"]
2022-11-26 14:09:14,086 INFO org.springframework.boot.web.embedded.tomcat.TomcatWebServer [main] Tomcat started on port(s): 8082 (http) with context path ''
2022-11-26 14:09:14,086 INFO org.springframework.cloud.netflix.eureka.serviceregistry.EurekaAutoServiceRegistration [main] Updating port to 8082
2022-11-26 14:09:14,104 INFO org.springframework.integration.monitor.IntegrationMBeanExporter [main] Registering MessageChannel springCloudBus.anonymous.YFlmqx0nQBuy4YIx5BLNPw.errors
2022-11-26 14:09:14,149 INFO org.springframework.boot.StartupInfoLogger [main] Started NotificationApplication in 5.264 seconds (JVM running for 5.559)
2022-11-26 14:09:14,345 INFO org.apache.juli.logging.DirectJDKLog [RMI TCP Connection(2)-127.0.0.1] Initializing Spring DispatcherServlet 'dispatcherServlet'
2022-11-26 14:09:14,346 INFO org.springframework.web.servlet.FrameworkServlet [RMI TCP Connection(2)-127.0.0.1] Initializing Servlet 'dispatcherServlet'
2022-11-26 14:09:14,347 INFO org.springframework.web.servlet.FrameworkServlet [RMI TCP Connection(2)-127.0.0.1] Completed initialization in 1 ms
2022-11-26 14:14:13,864 INFO com.netflix.discovery.shared.resolver.aws.ConfigClusterResolver [AsyncResolver-bootstrap-executor-0] Resolving eureka endpoints via configuration
2022-11-26 14:19:13,869 INFO com.netflix.discovery.shared.resolver.aws.ConfigClusterResolver [AsyncResolver-bootstrap-executor-0] Resolving eureka endpoints via configuration
2022-11-26 14:24:13,876 INFO com.netflix.discovery.shared.resolver.aws.ConfigClusterResolver [AsyncResolver-bootstrap-executor-0] Resolving eureka endpoints via configuration
2022-11-26 14:29:13,929 INFO com.netflix.discovery.shared.resolver.aws.ConfigClusterResolver [AsyncResolver-bootstrap-executor-0] Resolving eureka endpoints via configuration
2022-11-26 14:34:13,941 INFO com.netflix.discovery.shared.resolver.aws.ConfigClusterResolver [AsyncResolver-bootstrap-executor-0] Resolving eureka endpoints via configuration
2022-11-26 14:39:13,953 INFO com.netflix.discovery.shared.resolver.aws.ConfigClusterResolver [AsyncResolver-bootstrap-executor-0] Resolving eureka endpoints via configuration
2022-11-26 14:44:13,987 INFO com.netflix.discovery.shared.resolver.aws.ConfigClusterResolver [AsyncResolver-bootstrap-executor-0] Resolving eureka endpoints via configuration
2022-11-26 14:49:13,999 INFO com.netflix.discovery.shared.resolver.aws.ConfigClusterResolver [AsyncResolver-bootstrap-executor-0] Resolving eureka endpoints via configuration
2022-11-26 14:54:14,013 INFO com.netflix.discovery.shared.resolver.aws.ConfigClusterResolver [AsyncResolver-bootstrap-executor-0] Resolving eureka endpoints via configuration
2022-11-26 14:59:14,034 INFO com.netflix.discovery.shared.resolver.aws.ConfigClusterResolver [AsyncResolver-bootstrap-executor-0] Resolving eureka endpoints via configuration
2022-11-26 15:03:49,799 INFO org.springframework.cloud.sleuth.autoconfig.zipkin2.ZipkinAutoConfiguration$1 [Thread-2] Flushing remaining spans on shutdown
2022-11-26 15:03:49,804 INFO org.springframework.cloud.netflix.eureka.serviceregistry.EurekaServiceRegistry [SpringApplicationShutdownHook] Unregistering application NOTIFICATION with eureka with status DOWN
2022-11-26 15:03:49,804 INFO com.netflix.discovery.DiscoveryClient$3 [SpringApplicationShutdownHook] Saw local status change event StatusChangeEvent [timestamp=1669464229804, current=DOWN, previous=UP]
2022-11-26 15:03:49,804 INFO com.netflix.discovery.DiscoveryClient [DiscoveryClient-InstanceInfoReplicator-0] DiscoveryClient_NOTIFICATION/192.168.1.37:notification:8082: registering service...
2022-11-26 15:03:49,816 INFO com.netflix.discovery.shared.transport.decorator.RedirectingEurekaHttpClient [DiscoveryClient-InstanceInfoReplicator-0] Request execution error. endpoint=DefaultEndpoint{ serviceUrl='http://localhost:8761/eureka/} exception=I/O error on POST request for "http://localhost:8761/eureka/apps/NOTIFICATION": Connect to localhost:8761 [localhost/127.0.0.1, localhost/0:0:0:0:0:0:0:1] failed: Connection refused; nested exception is org.apache.http.conn.HttpHostConnectException: Connect to localhost:8761 [localhost/127.0.0.1, localhost/0:0:0:0:0:0:0:1] failed: Connection refused stacktrace=org.springframework.web.client.ResourceAccessException: I/O error on POST request for "http://localhost:8761/eureka/apps/NOTIFICATION": Connect to localhost:8761 [localhost/127.0.0.1, localhost/0:0:0:0:0:0:0:1] failed: Connection refused; nested exception is org.apache.http.conn.HttpHostConnectException: Connect to localhost:8761 [localhost/127.0.0.1, localhost/0:0:0:0:0:0:0:1] failed: Connection refused
	at org.springframework.web.client.RestTemplate.doExecute(RestTemplate.java:785)
	at org.springframework.web.client.RestTemplate.execute(RestTemplate.java:711)
	at org.springframework.web.client.RestTemplate.exchange(RestTemplate.java:602)
	at org.springframework.cloud.netflix.eureka.http.RestTemplateEurekaHttpClient.register(RestTemplateEurekaHttpClient.java:77)
	at com.netflix.discovery.shared.transport.decorator.EurekaHttpClientDecorator$1.execute(EurekaHttpClientDecorator.java:59)
	at com.netflix.discovery.shared.transport.decorator.RedirectingEurekaHttpClient.execute(RedirectingEurekaHttpClient.java:91)
	at com.netflix.discovery.shared.transport.decorator.EurekaHttpClientDecorator.register(EurekaHttpClientDecorator.java:56)
	at com.netflix.discovery.shared.transport.decorator.EurekaHttpClientDecorator$1.execute(EurekaHttpClientDecorator.java:59)
	at com.netflix.discovery.shared.transport.decorator.RetryableEurekaHttpClient.execute(RetryableEurekaHttpClient.java:120)
	at com.netflix.discovery.shared.transport.decorator.EurekaHttpClientDecorator.register(EurekaHttpClientDecorator.java:56)
	at com.netflix.discovery.shared.transport.decorator.EurekaHttpClientDecorator$1.execute(EurekaHttpClientDecorator.java:59)
	at com.netflix.discovery.shared.transport.decorator.SessionedEurekaHttpClient.execute(SessionedEurekaHttpClient.java:77)
	at com.netflix.discovery.shared.transport.decorator.EurekaHttpClientDecorator.register(EurekaHttpClientDecorator.java:56)
	at com.netflix.discovery.DiscoveryClient.register(DiscoveryClient.java:876)
	at com.netflix.discovery.InstanceInfoReplicator.run(InstanceInfoReplicator.java:121)
	at com.netflix.discovery.InstanceInfoReplicator$1.run(InstanceInfoReplicator.java:101)
	at java.base/java.util.concurrent.Executors$RunnableAdapter.call(Executors.java:539)
	at java.base/java.util.concurrent.FutureTask.run(FutureTask.java:264)
	at java.base/java.util.concurrent.ScheduledThreadPoolExecutor$ScheduledFutureTask.run(ScheduledThreadPoolExecutor.java:304)
	at java.base/java.util.concurrent.ThreadPoolExecutor.runWorker(ThreadPoolExecutor.java:1136)
	at java.base/java.util.concurrent.ThreadPoolExecutor$Worker.run(ThreadPoolExecutor.java:635)
	at java.base/java.lang.Thread.run(Thread.java:833)
Caused by: org.apache.http.conn.HttpHostConnectException: Connect to localhost:8761 [localhost/127.0.0.1, localhost/0:0:0:0:0:0:0:1] failed: Connection refused
	at org.apache.http.impl.conn.DefaultHttpClientConnectionOperator.connect(DefaultHttpClientConnectionOperator.java:156)
	at org.apache.http.impl.conn.PoolingHttpClientConnectionManager.connect(PoolingHttpClientConnectionManager.java:376)
	at org.apache.http.impl.execchain.MainClientExec.establishRoute(MainClientExec.java:393)
	at org.apache.http.impl.execchain.MainClientExec.execute(MainClientExec.java:236)
	at org.apache.http.impl.execchain.ProtocolExec.execute(ProtocolExec.java:186)
	at org.apache.http.impl.execchain.RetryExec.execute(RetryExec.java:89)
	at org.apache.http.impl.execchain.RedirectExec.execute(RedirectExec.java:110)
	at org.apache.http.impl.client.InternalHttpClient.doExecute(InternalHttpClient.java:185)
	at org.apache.http.impl.client.CloseableHttpClient.execute(CloseableHttpClient.java:83)
	at org.apache.http.impl.client.CloseableHttpClient.execute(CloseableHttpClient.java:56)
	at org.springframework.http.client.HttpComponentsClientHttpRequest.executeInternal(HttpComponentsClientHttpRequest.java:87)
	at org.springframework.http.client.AbstractBufferingClientHttpRequest.executeInternal(AbstractBufferingClientHttpRequest.java:48)
	at org.springframework.http.client.AbstractClientHttpRequest.execute(AbstractClientHttpRequest.java:66)
	at org.springframework.web.client.RestTemplate.doExecute(RestTemplate.java:776)
	... 21 more
Caused by: java.net.ConnectException: Connection refused
	at java.base/sun.nio.ch.Net.connect0(Native Method)
	at java.base/sun.nio.ch.Net.connect(Net.java:579)
	at java.base/sun.nio.ch.Net.connect(Net.java:568)
	at java.base/sun.nio.ch.NioSocketImpl.connect(NioSocketImpl.java:588)
	at java.base/java.net.SocksSocketImpl.connect(SocksSocketImpl.java:327)
	at java.base/java.net.Socket.connect(Socket.java:633)
	at org.apache.http.conn.socket.PlainConnectionSocketFactory.connectSocket(PlainConnectionSocketFactory.java:75)
	at org.apache.http.impl.conn.DefaultHttpClientConnectionOperator.connect(DefaultHttpClientConnectionOperator.java:142)
	... 34 more

2022-11-26 15:03:49,816 WARN com.netflix.discovery.shared.transport.decorator.RetryableEurekaHttpClient [DiscoveryClient-InstanceInfoReplicator-0] Request execution failed with message: I/O error on POST request for "http://localhost:8761/eureka/apps/NOTIFICATION": Connect to localhost:8761 [localhost/127.0.0.1, localhost/0:0:0:0:0:0:0:1] failed: Connection refused; nested exception is org.apache.http.conn.HttpHostConnectException: Connect to localhost:8761 [localhost/127.0.0.1, localhost/0:0:0:0:0:0:0:1] failed: Connection refused
2022-11-26 15:03:49,817 INFO org.springframework.amqp.rabbit.listener.SimpleMessageListenerContainer [org.springframework.amqp.rabbit.RabbitListenerEndpointContainer#0-2] Waiting for workers to finish.
2022-11-26 15:03:49,824 INFO com.netflix.discovery.shared.transport.decorator.RedirectingEurekaHttpClient [DiscoveryClient-InstanceInfoReplicator-0] Request execution error. endpoint=DefaultEndpoint{ serviceUrl='http://localhost:8761/eureka/}, exception=I/O error on POST request for "http://localhost:8761/eureka/apps/NOTIFICATION": Connect to localhost:8761 [localhost/127.0.0.1, localhost/0:0:0:0:0:0:0:1] failed: Connection refused; nested exception is org.apache.http.conn.HttpHostConnectException: Connect to localhost:8761 [localhost/127.0.0.1, localhost/0:0:0:0:0:0:0:1] failed: Connection refused stacktrace=org.springframework.web.client.ResourceAccessException: I/O error on POST request for "http://localhost:8761/eureka/apps/NOTIFICATION": Connect to localhost:8761 [localhost/127.0.0.1, localhost/0:0:0:0:0:0:0:1] failed: Connection refused; nested exception is org.apache.http.conn.HttpHostConnectException: Connect to localhost:8761 [localhost/127.0.0.1, localhost/0:0:0:0:0:0:0:1] failed: Connection refused
	at org.springframework.web.client.RestTemplate.doExecute(RestTemplate.java:785)
	at org.springframework.web.client.RestTemplate.execute(RestTemplate.java:711)
	at org.springframework.web.client.RestTemplate.exchange(RestTemplate.java:602)
	at org.springframework.cloud.netflix.eureka.http.RestTemplateEurekaHttpClient.register(RestTemplateEurekaHttpClient.java:77)
	at com.netflix.discovery.shared.transport.decorator.EurekaHttpClientDecorator$1.execute(EurekaHttpClientDecorator.java:59)
	at com.netflix.discovery.shared.transport.decorator.RedirectingEurekaHttpClient.executeOnNewServer(RedirectingEurekaHttpClient.java:121)
	at com.netflix.discovery.shared.transport.decorator.RedirectingEurekaHttpClient.execute(RedirectingEurekaHttpClient.java:80)
	at com.netflix.discovery.shared.transport.decorator.EurekaHttpClientDecorator.register(EurekaHttpClientDecorator.java:56)
	at com.netflix.discovery.shared.transport.decorator.EurekaHttpClientDecorator$1.execute(EurekaHttpClientDecorator.java:59)
	at com.netflix.discovery.shared.transport.decorator.RetryableEurekaHttpClient.execute(RetryableEurekaHttpClient.java:120)
	at com.netflix.discovery.shared.transport.decorator.EurekaHttpClientDecorator.register(EurekaHttpClientDecorator.java:56)
	at com.netflix.discovery.shared.transport.decorator.EurekaHttpClientDecorator$1.execute(EurekaHttpClientDecorator.java:59)
	at com.netflix.discovery.shared.transport.decorator.SessionedEurekaHttpClient.execute(SessionedEurekaHttpClient.java:77)
	at com.netflix.discovery.shared.transport.decorator.EurekaHttpClientDecorator.register(EurekaHttpClientDecorator.java:56)
	at com.netflix.discovery.DiscoveryClient.register(DiscoveryClient.java:876)
	at com.netflix.discovery.InstanceInfoReplicator.run(InstanceInfoReplicator.java:121)
	at com.netflix.discovery.InstanceInfoReplicator$1.run(InstanceInfoReplicator.java:101)
	at java.base/java.util.concurrent.Executors$RunnableAdapter.call(Executors.java:539)
	at java.base/java.util.concurrent.FutureTask.run(FutureTask.java:264)
	at java.base/java.util.concurrent.ScheduledThreadPoolExecutor$ScheduledFutureTask.run(ScheduledThreadPoolExecutor.java:304)
	at java.base/java.util.concurrent.ThreadPoolExecutor.runWorker(ThreadPoolExecutor.java:1136)
	at java.base/java.util.concurrent.ThreadPoolExecutor$Worker.run(ThreadPoolExecutor.java:635)
	at java.base/java.lang.Thread.run(Thread.java:833)
Caused by: org.apache.http.conn.HttpHostConnectException: Connect to localhost:8761 [localhost/127.0.0.1, localhost/0:0:0:0:0:0:0:1] failed: Connection refused
	at org.apache.http.impl.conn.DefaultHttpClientConnectionOperator.connect(DefaultHttpClientConnectionOperator.java:156)
	at org.apache.http.impl.conn.PoolingHttpClientConnectionManager.connect(PoolingHttpClientConnectionManager.java:376)
	at org.apache.http.impl.execchain.MainClientExec.establishRoute(MainClientExec.java:393)
	at org.apache.http.impl.execchain.MainClientExec.execute(MainClientExec.java:236)
	at org.apache.http.impl.execchain.ProtocolExec.execute(ProtocolExec.java:186)
	at org.apache.http.impl.execchain.RetryExec.execute(RetryExec.java:89)
	at org.apache.http.impl.execchain.RedirectExec.execute(RedirectExec.java:110)
	at org.apache.http.impl.client.InternalHttpClient.doExecute(InternalHttpClient.java:185)
	at org.apache.http.impl.client.CloseableHttpClient.execute(CloseableHttpClient.java:83)
	at org.apache.http.impl.client.CloseableHttpClient.execute(CloseableHttpClient.java:56)
	at org.springframework.http.client.HttpComponentsClientHttpRequest.executeInternal(HttpComponentsClientHttpRequest.java:87)
	at org.springframework.http.client.AbstractBufferingClientHttpRequest.executeInternal(AbstractBufferingClientHttpRequest.java:48)
	at org.springframework.http.client.AbstractClientHttpRequest.execute(AbstractClientHttpRequest.java:66)
	at org.springframework.web.client.RestTemplate.doExecute(RestTemplate.java:776)
	... 22 more
Caused by: java.net.ConnectException: Connection refused
	at java.base/sun.nio.ch.Net.connect0(Native Method)
	at java.base/sun.nio.ch.Net.connect(Net.java:579)
	at java.base/sun.nio.ch.Net.connect(Net.java:568)
	at java.base/sun.nio.ch.NioSocketImpl.connect(NioSocketImpl.java:588)
	at java.base/java.net.SocksSocketImpl.connect(SocksSocketImpl.java:327)
	at java.base/java.net.Socket.connect(Socket.java:633)
	at org.apache.http.conn.socket.PlainConnectionSocketFactory.connectSocket(PlainConnectionSocketFactory.java:75)
	at org.apache.http.impl.conn.DefaultHttpClientConnectionOperator.connect(DefaultHttpClientConnectionOperator.java:142)
	... 35 more

2022-11-26 15:03:49,824 WARN com.netflix.discovery.shared.transport.decorator.RetryableEurekaHttpClient [DiscoveryClient-InstanceInfoReplicator-0] Request execution failed with message: I/O error on POST request for "http://localhost:8761/eureka/apps/NOTIFICATION": Connect to localhost:8761 [localhost/127.0.0.1, localhost/0:0:0:0:0:0:0:1] failed: Connection refused; nested exception is org.apache.http.conn.HttpHostConnectException: Connect to localhost:8761 [localhost/127.0.0.1, localhost/0:0:0:0:0:0:0:1] failed: Connection refused
2022-11-26 15:03:49,825 WARN com.netflix.discovery.DiscoveryClient [DiscoveryClient-InstanceInfoReplicator-0] DiscoveryClient_NOTIFICATION/192.168.1.37:notification:8082 - registration failed Cannot execute request on any known server
com.netflix.discovery.shared.transport.TransportException: Cannot execute request on any known server
	at com.netflix.discovery.shared.transport.decorator.RetryableEurekaHttpClient.execute(RetryableEurekaHttpClient.java:112)
	at com.netflix.discovery.shared.transport.decorator.EurekaHttpClientDecorator.register(EurekaHttpClientDecorator.java:56)
	at com.netflix.discovery.shared.transport.decorator.EurekaHttpClientDecorator$1.execute(EurekaHttpClientDecorator.java:59)
	at com.netflix.discovery.shared.transport.decorator.SessionedEurekaHttpClient.execute(SessionedEurekaHttpClient.java:77)
	at com.netflix.discovery.shared.transport.decorator.EurekaHttpClientDecorator.register(EurekaHttpClientDecorator.java:56)
	at com.netflix.discovery.DiscoveryClient.register(DiscoveryClient.java:876)
	at com.netflix.discovery.InstanceInfoReplicator.run(InstanceInfoReplicator.java:121)
	at com.netflix.discovery.InstanceInfoReplicator$1.run(InstanceInfoReplicator.java:101)
	at java.base/java.util.concurrent.Executors$RunnableAdapter.call(Executors.java:539)
	at java.base/java.util.concurrent.FutureTask.run(FutureTask.java:264)
	at java.base/java.util.concurrent.ScheduledThreadPoolExecutor$ScheduledFutureTask.run(ScheduledThreadPoolExecutor.java:304)
	at java.base/java.util.concurrent.ThreadPoolExecutor.runWorker(ThreadPoolExecutor.java:1136)
	at java.base/java.util.concurrent.ThreadPoolExecutor$Worker.run(ThreadPoolExecutor.java:635)
	at java.base/java.lang.Thread.run(Thread.java:833)
2022-11-26 15:03:49,826 WARN com.netflix.discovery.InstanceInfoReplicator [DiscoveryClient-InstanceInfoReplicator-0] There was a problem with the instance info replicator
com.netflix.discovery.shared.transport.TransportException: Cannot execute request on any known server
	at com.netflix.discovery.shared.transport.decorator.RetryableEurekaHttpClient.execute(RetryableEurekaHttpClient.java:112)
	at com.netflix.discovery.shared.transport.decorator.EurekaHttpClientDecorator.register(EurekaHttpClientDecorator.java:56)
	at com.netflix.discovery.shared.transport.decorator.EurekaHttpClientDecorator$1.execute(EurekaHttpClientDecorator.java:59)
	at com.netflix.discovery.shared.transport.decorator.SessionedEurekaHttpClient.execute(SessionedEurekaHttpClient.java:77)
	at com.netflix.discovery.shared.transport.decorator.EurekaHttpClientDecorator.register(EurekaHttpClientDecorator.java:56)
	at com.netflix.discovery.DiscoveryClient.register(DiscoveryClient.java:876)
	at com.netflix.discovery.InstanceInfoReplicator.run(InstanceInfoReplicator.java:121)
	at com.netflix.discovery.InstanceInfoReplicator$1.run(InstanceInfoReplicator.java:101)
	at java.base/java.util.concurrent.Executors$RunnableAdapter.call(Executors.java:539)
	at java.base/java.util.concurrent.FutureTask.run(FutureTask.java:264)
	at java.base/java.util.concurrent.ScheduledThreadPoolExecutor$ScheduledFutureTask.run(ScheduledThreadPoolExecutor.java:304)
	at java.base/java.util.concurrent.ThreadPoolExecutor.runWorker(ThreadPoolExecutor.java:1136)
	at java.base/java.util.concurrent.ThreadPoolExecutor$Worker.run(ThreadPoolExecutor.java:635)
	at java.base/java.lang.Thread.run(Thread.java:833)
2022-11-26 15:03:49,953 INFO org.springframework.amqp.rabbit.listener.SimpleMessageListenerContainer [org.springframework.amqp.rabbit.RabbitListenerEndpointContainer#0-2] Successfully waited for workers to finish.
2022-11-26 15:03:49,976 INFO org.springframework.amqp.rabbit.listener.SimpleMessageListenerContainer [SpringApplicationShutdownHook] Waiting for workers to finish.
2022-11-26 15:03:50,824 INFO org.springframework.amqp.rabbit.listener.SimpleMessageListenerContainer [SpringApplicationShutdownHook] Successfully waited for workers to finish.
2022-11-26 15:03:50,825 INFO org.springframework.core.log.LogAccessor [SpringApplicationShutdownHook] stopped bean 'inbound.springCloudBus.anonymous.YFlmqx0nQBuy4YIx5BLNPw'
2022-11-26 15:03:50,834 INFO org.springframework.core.log.LogAccessor [SpringApplicationShutdownHook] Channel 'notification.springCloudBus.anonymous.YFlmqx0nQBuy4YIx5BLNPw.errors' has 1 subscriber(s).
2022-11-26 15:03:50,837 INFO org.springframework.core.log.LogAccessor [SpringApplicationShutdownHook] Removing {logging-channel-adapter:_org.springframework.integration.errorLogger} as a subscriber to the 'errorChannel' channel
2022-11-26 15:03:50,838 INFO org.springframework.core.log.LogAccessor [SpringApplicationShutdownHook] Channel 'notification.errorChannel' has 0 subscriber(s).
2022-11-26 15:03:50,838 INFO org.springframework.core.log.LogAccessor [SpringApplicationShutdownHook] stopped bean '_org.springframework.integration.errorLogger'
2022-11-26 15:03:50,843 INFO org.springframework.amqp.rabbit.listener.SimpleMessageListenerContainer [SpringApplicationShutdownHook] Shutdown ignored - container is already stopped
2022-11-26 15:03:50,847 INFO org.springframework.orm.jpa.AbstractEntityManagerFactoryBean [SpringApplicationShutdownHook] Closing JPA EntityManagerFactory for persistence unit 'default'
2022-11-26 15:03:51,870 INFO com.zaxxer.hikari.HikariDataSource [SpringApplicationShutdownHook] HikariPool-1 - Shutdown initiated...
2022-11-26 15:03:51,872 INFO com.zaxxer.hikari.HikariDataSource [SpringApplicationShutdownHook] HikariPool-1 - Shutdown completed.
2022-11-26 15:03:51,874 INFO com.netflix.discovery.DiscoveryClient [SpringApplicationShutdownHook] Shutting down DiscoveryClient ...
2022-11-26 15:03:54,878 INFO com.netflix.discovery.DiscoveryClient [SpringApplicationShutdownHook] Unregistering ...
2022-11-26 15:03:54,883 INFO com.netflix.discovery.shared.transport.decorator.RedirectingEurekaHttpClient [SpringApplicationShutdownHook] Request execution error. endpoint=DefaultEndpoint{ serviceUrl='http://localhost:8761/eureka/}, exception=I/O error on DELETE request for "http://localhost:8761/eureka/apps/NOTIFICATION/192.168.1.37:notification:8082": Connect to localhost:8761 [localhost/127.0.0.1, localhost/0:0:0:0:0:0:0:1] failed: Connection refused; nested exception is org.apache.http.conn.HttpHostConnectException: Connect to localhost:8761 [localhost/127.0.0.1, localhost/0:0:0:0:0:0:0:1] failed: Connection refused stacktrace=org.springframework.web.client.ResourceAccessException: I/O error on DELETE request for "http://localhost:8761/eureka/apps/NOTIFICATION/192.168.1.37:notification:8082": Connect to localhost:8761 [localhost/127.0.0.1, localhost/0:0:0:0:0:0:0:1] failed: Connection refused; nested exception is org.apache.http.conn.HttpHostConnectException: Connect to localhost:8761 [localhost/127.0.0.1, localhost/0:0:0:0:0:0:0:1] failed: Connection refused
	at org.springframework.web.client.RestTemplate.doExecute(RestTemplate.java:785)
	at org.springframework.web.client.RestTemplate.execute(RestTemplate.java:711)
	at org.springframework.web.client.RestTemplate.exchange(RestTemplate.java:602)
	at org.springframework.cloud.netflix.eureka.http.RestTemplateEurekaHttpClient.cancel(RestTemplateEurekaHttpClient.java:87)
	at com.netflix.discovery.shared.transport.decorator.EurekaHttpClientDecorator$2.execute(EurekaHttpClientDecorator.java:74)
	at com.netflix.discovery.shared.transport.decorator.RedirectingEurekaHttpClient.executeOnNewServer(RedirectingEurekaHttpClient.java:121)
	at com.netflix.discovery.shared.transport.decorator.RedirectingEurekaHttpClient.execute(RedirectingEurekaHttpClient.java:80)
	at com.netflix.discovery.shared.transport.decorator.EurekaHttpClientDecorator.cancel(EurekaHttpClientDecorator.java:71)
	at com.netflix.discovery.shared.transport.decorator.EurekaHttpClientDecorator$2.execute(EurekaHttpClientDecorator.java:74)
	at com.netflix.discovery.shared.transport.decorator.RetryableEurekaHttpClient.execute(RetryableEurekaHttpClient.java:120)
	at com.netflix.discovery.shared.transport.decorator.EurekaHttpClientDecorator.cancel(EurekaHttpClientDecorator.java:71)
	at com.netflix.discovery.shared.transport.decorator.EurekaHttpClientDecorator$2.execute(EurekaHttpClientDecorator.java:74)
	at com.netflix.discovery.shared.transport.decorator.SessionedEurekaHttpClient.execute(SessionedEurekaHttpClient.java:77)
	at com.netflix.discovery.shared.transport.decorator.EurekaHttpClientDecorator.cancel(EurekaHttpClientDecorator.java:71)
	at com.netflix.discovery.DiscoveryClient.unregister(DiscoveryClient.java:972)
	at com.netflix.discovery.DiscoveryClient.shutdown(DiscoveryClient.java:948)
	at java.base/jdk.internal.reflect.NativeMethodAccessorImpl.invoke0(Native Method)
	at java.base/jdk.internal.reflect.NativeMethodAccessorImpl.invoke(NativeMethodAccessorImpl.java:77)
	at java.base/jdk.internal.reflect.DelegatingMethodAccessorImpl.invoke(DelegatingMethodAccessorImpl.java:43)
	at java.base/java.lang.reflect.Method.invoke(Method.java:568)
	at org.springframework.beans.factory.annotation.InitDestroyAnnotationBeanPostProcessor$LifecycleElement.invoke(InitDestroyAnnotationBeanPostProcessor.java:389)
	at org.springframework.beans.factory.annotation.InitDestroyAnnotationBeanPostProcessor$LifecycleMetadata.invokeDestroyMethods(InitDestroyAnnotationBeanPostProcessor.java:347)
	at org.springframework.beans.factory.annotation.InitDestroyAnnotationBeanPostProcessor.postProcessBeforeDestruction(InitDestroyAnnotationBeanPostProcessor.java:177)
	at org.springframework.beans.factory.support.DisposableBeanAdapter.destroy(DisposableBeanAdapter.java:197)
	at org.springframework.beans.factory.support.DisposableBeanAdapter.run(DisposableBeanAdapter.java:190)
	at org.springframework.cloud.context.scope.GenericScope$BeanLifecycleWrapper.destroy(GenericScope.java:390)
	at org.springframework.cloud.context.scope.GenericScope.destroy(GenericScope.java:136)
	at org.springframework.beans.factory.support.DisposableBeanAdapter.destroy(DisposableBeanAdapter.java:213)
	at org.springframework.beans.factory.support.DefaultSingletonBeanRegistry.destroyBean(DefaultSingletonBeanRegistry.java:587)
	at org.springframework.beans.factory.support.DefaultSingletonBeanRegistry.destroySingleton(DefaultSingletonBeanRegistry.java:559)
	at org.springframework.beans.factory.support.DefaultListableBeanFactory.destroySingleton(DefaultListableBeanFactory.java:1163)
	at org.springframework.beans.factory.support.DefaultSingletonBeanRegistry.destroySingletons(DefaultSingletonBeanRegistry.java:520)
	at org.springframework.beans.factory.support.DefaultListableBeanFactory.destroySingletons(DefaultListableBeanFactory.java:1156)
	at org.springframework.context.support.AbstractApplicationContext.destroyBeans(AbstractApplicationContext.java:1106)
	at org.springframework.context.support.AbstractApplicationContext.doClose(AbstractApplicationContext.java:1075)
	at org.springframework.boot.web.servlet.context.ServletWebServerApplicationContext.doClose(ServletWebServerApplicationContext.java:174)
	at org.springframework.context.support.AbstractApplicationContext.close(AbstractApplicationContext.java:1021)
	at org.springframework.boot.SpringApplicationShutdownHook.closeAndWait(SpringApplicationShutdownHook.java:145)
	at java.base/java.lang.Iterable.forEach(Iterable.java:75)
	at org.springframework.boot.SpringApplicationShutdownHook.run(SpringApplicationShutdownHook.java:114)
	at java.base/java.lang.Thread.run(Thread.java:833)
Caused by: org.apache.http.conn.HttpHostConnectException: Connect to localhost:8761 [localhost/127.0.0.1, localhost/0:0:0:0:0:0:0:1] failed: Connection refused
	at org.apache.http.impl.conn.DefaultHttpClientConnectionOperator.connect(DefaultHttpClientConnectionOperator.java:156)
	at org.apache.http.impl.conn.PoolingHttpClientConnectionManager.connect(PoolingHttpClientConnectionManager.java:376)
	at org.apache.http.impl.execchain.MainClientExec.establishRoute(MainClientExec.java:393)
	at org.apache.http.impl.execchain.MainClientExec.execute(MainClientExec.java:236)
	at org.apache.http.impl.execchain.ProtocolExec.execute(ProtocolExec.java:186)
	at org.apache.http.impl.execchain.RetryExec.execute(RetryExec.java:89)
	at org.apache.http.impl.execchain.RedirectExec.execute(RedirectExec.java:110)
	at org.apache.http.impl.client.InternalHttpClient.doExecute(InternalHttpClient.java:185)
	at org.apache.http.impl.client.CloseableHttpClient.execute(CloseableHttpClient.java:83)
	at org.apache.http.impl.client.CloseableHttpClient.execute(CloseableHttpClient.java:56)
	at org.springframework.http.client.HttpComponentsClientHttpRequest.executeInternal(HttpComponentsClientHttpRequest.java:87)
	at org.springframework.http.client.AbstractBufferingClientHttpRequest.executeInternal(AbstractBufferingClientHttpRequest.java:48)
	at org.springframework.http.client.AbstractClientHttpRequest.execute(AbstractClientHttpRequest.java:66)
	at org.springframework.web.client.RestTemplate.doExecute(RestTemplate.java:776)
	... 40 more
Caused by: java.net.ConnectException: Connection refused
	at java.base/sun.nio.ch.Net.connect0(Native Method)
	at java.base/sun.nio.ch.Net.connect(Net.java:579)
	at java.base/sun.nio.ch.Net.connect(Net.java:568)
	at java.base/sun.nio.ch.NioSocketImpl.connect(NioSocketImpl.java:588)
	at java.base/java.net.SocksSocketImpl.connect(SocksSocketImpl.java:327)
	at java.base/java.net.Socket.connect(Socket.java:633)
	at org.apache.http.conn.socket.PlainConnectionSocketFactory.connectSocket(PlainConnectionSocketFactory.java:75)
	at org.apache.http.impl.conn.DefaultHttpClientConnectionOperator.connect(DefaultHttpClientConnectionOperator.java:142)
	... 53 more

2022-11-26 15:03:54,883 WARN com.netflix.discovery.shared.transport.decorator.RetryableEurekaHttpClient [SpringApplicationShutdownHook] Request execution failed with message: I/O error on DELETE request for "http://localhost:8761/eureka/apps/NOTIFICATION/192.168.1.37:notification:8082": Connect to localhost:8761 [localhost/127.0.0.1, localhost/0:0:0:0:0:0:0:1] failed: Connection refused; nested exception is org.apache.http.conn.HttpHostConnectException: Connect to localhost:8761 [localhost/127.0.0.1, localhost/0:0:0:0:0:0:0:1] failed: Connection refused
2022-11-26 15:03:54,884 ERROR com.netflix.discovery.DiscoveryClient [SpringApplicationShutdownHook] DiscoveryClient_NOTIFICATION/192.168.1.37:notification:8082 - de-registration failedCannot execute request on any known server
com.netflix.discovery.shared.transport.TransportException: Cannot execute request on any known server
	at com.netflix.discovery.shared.transport.decorator.RetryableEurekaHttpClient.execute(RetryableEurekaHttpClient.java:112)
	at com.netflix.discovery.shared.transport.decorator.EurekaHttpClientDecorator.cancel(EurekaHttpClientDecorator.java:71)
	at com.netflix.discovery.shared.transport.decorator.EurekaHttpClientDecorator$2.execute(EurekaHttpClientDecorator.java:74)
	at com.netflix.discovery.shared.transport.decorator.SessionedEurekaHttpClient.execute(SessionedEurekaHttpClient.java:77)
	at com.netflix.discovery.shared.transport.decorator.EurekaHttpClientDecorator.cancel(EurekaHttpClientDecorator.java:71)
	at com.netflix.discovery.DiscoveryClient.unregister(DiscoveryClient.java:972)
	at com.netflix.discovery.DiscoveryClient.shutdown(DiscoveryClient.java:948)
	at java.base/jdk.internal.reflect.NativeMethodAccessorImpl.invoke0(Native Method)
	at java.base/jdk.internal.reflect.NativeMethodAccessorImpl.invoke(NativeMethodAccessorImpl.java:77)
	at java.base/jdk.internal.reflect.DelegatingMethodAccessorImpl.invoke(DelegatingMethodAccessorImpl.java:43)
	at java.base/java.lang.reflect.Method.invoke(Method.java:568)
	at org.springframework.beans.factory.annotation.InitDestroyAnnotationBeanPostProcessor$LifecycleElement.invoke(InitDestroyAnnotationBeanPostProcessor.java:389)
	at org.springframework.beans.factory.annotation.InitDestroyAnnotationBeanPostProcessor$LifecycleMetadata.invokeDestroyMethods(InitDestroyAnnotationBeanPostProcessor.java:347)
	at org.springframework.beans.factory.annotation.InitDestroyAnnotationBeanPostProcessor.postProcessBeforeDestruction(InitDestroyAnnotationBeanPostProcessor.java:177)
	at org.springframework.beans.factory.support.DisposableBeanAdapter.destroy(DisposableBeanAdapter.java:197)
	at org.springframework.beans.factory.support.DisposableBeanAdapter.run(DisposableBeanAdapter.java:190)
	at org.springframework.cloud.context.scope.GenericScope$BeanLifecycleWrapper.destroy(GenericScope.java:390)
	at org.springframework.cloud.context.scope.GenericScope.destroy(GenericScope.java:136)
	at org.springframework.beans.factory.support.DisposableBeanAdapter.destroy(DisposableBeanAdapter.java:213)
	at org.springframework.beans.factory.support.DefaultSingletonBeanRegistry.destroyBean(DefaultSingletonBeanRegistry.java:587)
	at org.springframework.beans.factory.support.DefaultSingletonBeanRegistry.destroySingleton(DefaultSingletonBeanRegistry.java:559)
	at org.springframework.beans.factory.support.DefaultListableBeanFactory.destroySingleton(DefaultListableBeanFactory.java:1163)
	at org.springframework.beans.factory.support.DefaultSingletonBeanRegistry.destroySingletons(DefaultSingletonBeanRegistry.java:520)
	at org.springframework.beans.factory.support.DefaultListableBeanFactory.destroySingletons(DefaultListableBeanFactory.java:1156)
	at org.springframework.context.support.AbstractApplicationContext.destroyBeans(AbstractApplicationContext.java:1106)
	at org.springframework.context.support.AbstractApplicationContext.doClose(AbstractApplicationContext.java:1075)
	at org.springframework.boot.web.servlet.context.ServletWebServerApplicationContext.doClose(ServletWebServerApplicationContext.java:174)
	at org.springframework.context.support.AbstractApplicationContext.close(AbstractApplicationContext.java:1021)
	at org.springframework.boot.SpringApplicationShutdownHook.closeAndWait(SpringApplicationShutdownHook.java:145)
	at java.base/java.lang.Iterable.forEach(Iterable.java:75)
	at org.springframework.boot.SpringApplicationShutdownHook.run(SpringApplicationShutdownHook.java:114)
	at java.base/java.lang.Thread.run(Thread.java:833)
2022-11-26 15:03:54,888 INFO com.netflix.discovery.DiscoveryClient [SpringApplicationShutdownHook] Completed shut down of DiscoveryClient
