2022-12-22 00:33:20,657 INFO org.hibernate.validator.internal.util.Version [background-preinit] HV000001: Hibernate Validator 6.2.5.Final
2022-12-22 00:33:20,655 INFO org.springframework.boot.StartupInfoLogger [main] Starting BankingApplication using Java 17.0.4.1 on hdurmaz.local with PID 34499 (/Users/hdurmaz/IdeaProjects/banking-application-credit-service/banking/target/classes started by hdurmaz in /Users/hdurmaz/IdeaProjects/banking-application-credit-service)
2022-12-22 00:33:20,660 INFO org.springframework.boot.SpringApplication [main] No active profile set, falling back to 1 default profile: "default"
2022-12-22 00:33:20,693 INFO org.springframework.boot.logging.DeferredLog [main] Fetching config from server at : http://localhost:8088
2022-12-22 00:33:20,693 INFO org.springframework.boot.logging.DeferredLog [main] Located environment: name=banking, profiles=[default], label=null, version=4d380a2eaa422ee25dcd8d97788767010bc7356f, state=null
2022-12-22 00:33:21,292 INFO org.springframework.data.repository.config.RepositoryConfigurationDelegate [main] Bootstrapping Spring Data JPA repositories in DEFAULT mode.
2022-12-22 00:33:21,363 INFO org.springframework.data.repository.config.RepositoryConfigurationDelegate [main] Finished Spring Data repository scanning in 63 ms. Found 1 JPA repository interfaces.
2022-12-22 00:33:21,560 INFO org.springframework.core.log.LogAccessor [main] No bean named 'errorChannel' has been explicitly defined. Therefore, a default PublishSubscribeChannel will be created.
2022-12-22 00:33:21,566 INFO org.springframework.core.log.LogAccessor [main] No bean named 'integrationHeaderChannelRegistry' has been explicitly defined. Therefore, a default DefaultHeaderChannelRegistry will be created.
2022-12-22 00:33:21,625 INFO org.springframework.cloud.context.scope.GenericScope [main] BeanFactory id=7ffe8245-81d9-3186-aeb1-d8033d3a40ef
2022-12-22 00:33:21,778 INFO org.springframework.context.support.PostProcessorRegistrationDelegate$BeanPostProcessorChecker [main] Bean 'org.springframework.integration.config.IntegrationManagementConfiguration' of type [org.springframework.integration.config.IntegrationManagementConfiguration] is not eligible for getting processed by all BeanPostProcessors (for example: not eligible for auto-proxying)
2022-12-22 00:33:21,784 INFO org.springframework.context.support.PostProcessorRegistrationDelegate$BeanPostProcessorChecker [main] Bean 'org.springframework.boot.autoconfigure.integration.IntegrationAutoConfiguration$IntegrationJmxConfiguration' of type [org.springframework.boot.autoconfigure.integration.IntegrationAutoConfiguration$IntegrationJmxConfiguration] is not eligible for getting processed by all BeanPostProcessors (for example: not eligible for auto-proxying)
2022-12-22 00:33:21,789 INFO org.springframework.context.support.PostProcessorRegistrationDelegate$BeanPostProcessorChecker [main] Bean 'org.springframework.cloud.stream.config.BindersHealthIndicatorAutoConfiguration' of type [org.springframework.cloud.stream.config.BindersHealthIndicatorAutoConfiguration] is not eligible for getting processed by all BeanPostProcessors (for example: not eligible for auto-proxying)
2022-12-22 00:33:21,790 INFO org.springframework.context.support.PostProcessorRegistrationDelegate$BeanPostProcessorChecker [main] Bean 'bindersHealthContributor' of type [org.springframework.cloud.stream.config.BindersHealthIndicatorAutoConfiguration$BindersHealthContributor] is not eligible for getting processed by all BeanPostProcessors (for example: not eligible for auto-proxying)
2022-12-22 00:33:21,793 INFO org.springframework.context.support.PostProcessorRegistrationDelegate$BeanPostProcessorChecker [main] Bean 'bindersHealthIndicatorListener' of type [org.springframework.cloud.stream.config.BindersHealthIndicatorAutoConfiguration$BindersHealthIndicatorListener] is not eligible for getting processed by all BeanPostProcessors (for example: not eligible for auto-proxying)
2022-12-22 00:33:21,796 INFO org.springframework.context.support.PostProcessorRegistrationDelegate$BeanPostProcessorChecker [main] Bean 'org.springframework.cloud.stream.binder.rabbit.config.ExtendedBindingHandlerMappingsProviderConfiguration' of type [org.springframework.cloud.stream.binder.rabbit.config.ExtendedBindingHandlerMappingsProviderConfiguration$$EnhancerBySpringCGLIB$$f9837292] is not eligible for getting processed by all BeanPostProcessors (for example: not eligible for auto-proxying)
2022-12-22 00:33:21,802 INFO org.springframework.context.support.PostProcessorRegistrationDelegate$BeanPostProcessorChecker [main] Bean 'rabbitExtendedPropertiesDefaultMappingsProvider' of type [org.springframework.cloud.stream.binder.rabbit.config.ExtendedBindingHandlerMappingsProviderConfiguration$$Lambda$718/0x00000008011e70d8] is not eligible for getting processed by all BeanPostProcessors (for example: not eligible for auto-proxying)
2022-12-22 00:33:21,804 INFO org.springframework.context.support.PostProcessorRegistrationDelegate$BeanPostProcessorChecker [main] Bean 'BindingHandlerAdvise' of type [org.springframework.cloud.stream.config.BindingHandlerAdvise] is not eligible for getting processed by all BeanPostProcessors (for example: not eligible for auto-proxying)
2022-12-22 00:33:21,805 INFO org.springframework.context.support.PostProcessorRegistrationDelegate$BeanPostProcessorChecker [main] Bean 'org.springframework.cloud.commons.config.CommonsConfigAutoConfiguration' of type [org.springframework.cloud.commons.config.CommonsConfigAutoConfiguration] is not eligible for getting processed by all BeanPostProcessors (for example: not eligible for auto-proxying)
2022-12-22 00:33:21,806 INFO org.springframework.context.support.PostProcessorRegistrationDelegate$BeanPostProcessorChecker [main] Bean 'org.springframework.cloud.client.loadbalancer.LoadBalancerDefaultMappingsProviderAutoConfiguration' of type [org.springframework.cloud.client.loadbalancer.LoadBalancerDefaultMappingsProviderAutoConfiguration] is not eligible for getting processed by all BeanPostProcessors (for example: not eligible for auto-proxying)
2022-12-22 00:33:21,807 INFO org.springframework.context.support.PostProcessorRegistrationDelegate$BeanPostProcessorChecker [main] Bean 'loadBalancerClientsDefaultsMappingsProvider' of type [org.springframework.cloud.client.loadbalancer.LoadBalancerDefaultMappingsProviderAutoConfiguration$$Lambda$719/0x00000008011e72f8] is not eligible for getting processed by all BeanPostProcessors (for example: not eligible for auto-proxying)
2022-12-22 00:33:21,809 INFO org.springframework.context.support.PostProcessorRegistrationDelegate$BeanPostProcessorChecker [main] Bean 'defaultsBindHandlerAdvisor' of type [org.springframework.cloud.commons.config.DefaultsBindHandlerAdvisor] is not eligible for getting processed by all BeanPostProcessors (for example: not eligible for auto-proxying)
2022-12-22 00:33:21,814 INFO org.springframework.context.support.PostProcessorRegistrationDelegate$BeanPostProcessorChecker [main] Bean 'spelConverter' of type [org.springframework.cloud.stream.config.SpelExpressionConverterConfiguration$SpelConverter] is not eligible for getting processed by all BeanPostProcessors (for example: not eligible for auto-proxying)
2022-12-22 00:33:21,817 INFO org.springframework.context.support.PostProcessorRegistrationDelegate$BeanPostProcessorChecker [main] Bean 'spring.jmx-org.springframework.boot.autoconfigure.jmx.JmxProperties' of type [org.springframework.boot.autoconfigure.jmx.JmxProperties] is not eligible for getting processed by all BeanPostProcessors (for example: not eligible for auto-proxying)
2022-12-22 00:33:21,820 INFO org.springframework.context.support.PostProcessorRegistrationDelegate$BeanPostProcessorChecker [main] Bean 'org.springframework.boot.autoconfigure.jmx.JmxAutoConfiguration' of type [org.springframework.boot.autoconfigure.jmx.JmxAutoConfiguration] is not eligible for getting processed by all BeanPostProcessors (for example: not eligible for auto-proxying)
2022-12-22 00:33:21,822 INFO org.springframework.context.support.PostProcessorRegistrationDelegate$BeanPostProcessorChecker [main] Bean 'mbeanServer' of type [com.sun.jmx.mbeanserver.JmxMBeanServer] is not eligible for getting processed by all BeanPostProcessors (for example: not eligible for auto-proxying)
2022-12-22 00:33:21,838 INFO org.springframework.context.support.PostProcessorRegistrationDelegate$BeanPostProcessorChecker [main] Bean 'integrationChannelResolver' of type [org.springframework.integration.support.channel.BeanFactoryChannelResolver] is not eligible for getting processed by all BeanPostProcessors (for example: not eligible for auto-proxying)
2022-12-22 00:33:21,992 INFO org.springframework.boot.web.embedded.tomcat.TomcatWebServer [main] Tomcat initialized with port(s): 8080 (http)
2022-12-22 00:33:21,995 INFO org.apache.juli.logging.DirectJDKLog [main] Initializing ProtocolHandler ["http-nio-8080"]
2022-12-22 00:33:21,996 INFO org.apache.juli.logging.DirectJDKLog [main] Starting service [Tomcat]
2022-12-22 00:33:21,996 INFO org.apache.juli.logging.DirectJDKLog [main] Starting Servlet engine: [Apache Tomcat/9.0.68]
2022-12-22 00:33:22,063 INFO org.apache.juli.logging.DirectJDKLog [main] Initializing Spring embedded WebApplicationContext
2022-12-22 00:33:22,063 INFO org.springframework.boot.web.servlet.context.ServletWebServerApplicationContext [main] Root WebApplicationContext: initialization completed in 1369 ms
2022-12-22 00:33:22,956 INFO org.hibernate.jpa.internal.util.LogHelper [main] HHH000204: Processing PersistenceUnitInfo [name: default]
2022-12-22 00:33:22,984 INFO org.hibernate.Version [main] HHH000412: Hibernate ORM core version 5.6.12.Final
2022-12-22 00:33:23,050 INFO org.hibernate.annotations.common.reflection.java.JavaReflectionManager [main] HCANN000001: Hibernate Commons Annotations {5.1.2.Final}
2022-12-22 00:33:23,088 INFO com.zaxxer.hikari.HikariDataSource [main] HikariPool-1 - Starting...
2022-12-22 00:33:24,117 INFO com.zaxxer.hikari.HikariDataSource [main] HikariPool-1 - Start completed.
2022-12-22 00:33:24,127 INFO org.hibernate.dialect.Dialect [main] HHH000400: Using dialect: org.hibernate.dialect.PostgreSQLDialect
2022-12-22 00:33:24,749 INFO org.hibernate.engine.transaction.jta.platform.internal.JtaPlatformInitiator [main] HHH000490: Using JtaPlatform implementation: [org.hibernate.engine.transaction.jta.platform.internal.NoJtaPlatform]
2022-12-22 00:33:24,753 INFO org.springframework.orm.jpa.AbstractEntityManagerFactoryBean [main] Initialized JPA EntityManagerFactory for persistence unit 'default'
2022-12-22 00:33:25,022 WARN org.springframework.boot.autoconfigure.orm.jpa.JpaBaseConfiguration$JpaWebConfiguration [main] spring.jpa.open-in-view is enabled by default. Therefore, database queries may be performed during view rendering. Explicitly configure spring.jpa.open-in-view to disable this warning
2022-12-22 00:33:25,073 INFO org.springframework.cloud.openfeign.FeignClientFactoryBean [main] For 'credit' URL not provided. Will try picking an instance via load-balancing.
2022-12-22 00:33:25,767 INFO org.springframework.core.log.LogAccessor [main] Channel 'banking.springCloudBusInput' has 1 subscriber(s).
2022-12-22 00:33:25,946 INFO org.springframework.cloud.netflix.eureka.config.DiscoveryClientOptionalArgsConfiguration [main] Eureka HTTP Client uses RestTemplate.
2022-12-22 00:33:26,047 WARN org.springframework.cloud.loadbalancer.config.LoadBalancerCacheAutoConfiguration$LoadBalancerCaffeineWarnLogger [main] Spring Cloud LoadBalancer is currently working with the default cache. While this cache implementation is useful for development and tests, it's recommended to use Caffeine cache in production.You can switch to using Caffeine cache, by adding it and org.springframework.cache.caffeine.CaffeineCacheManager to the classpath.
2022-12-22 00:33:26,078 INFO org.springframework.boot.actuate.endpoint.web.EndpointLinksResolver [main] Exposing 25 endpoint(s) beneath base path '/actuator'
2022-12-22 00:33:26,295 INFO org.springframework.integration.monitor.IntegrationMBeanExporter [main] Registering MessageChannel errorChannel
2022-12-22 00:33:26,315 INFO org.springframework.integration.monitor.IntegrationMBeanExporter [main] Registering MessageChannel springCloudBusInput
2022-12-22 00:33:26,328 INFO org.springframework.integration.monitor.IntegrationMBeanExporter [main] Registering MessageChannel nullChannel
2022-12-22 00:33:26,336 INFO org.springframework.integration.monitor.IntegrationMBeanExporter [main] Registering MessageHandler _org.springframework.integration.errorLogger
2022-12-22 00:33:26,355 INFO org.springframework.core.log.LogAccessor [main] Adding {logging-channel-adapter:_org.springframework.integration.errorLogger} as a subscriber to the 'errorChannel' channel
2022-12-22 00:33:26,355 INFO org.springframework.core.log.LogAccessor [main] Channel 'banking.errorChannel' has 1 subscriber(s).
2022-12-22 00:33:26,356 INFO org.springframework.core.log.LogAccessor [main] started bean '_org.springframework.integration.errorLogger'
2022-12-22 00:33:26,360 INFO org.springframework.cloud.netflix.eureka.InstanceInfoFactory [main] Setting initial instance status as: STARTING
2022-12-22 00:33:26,376 INFO com.netflix.discovery.DiscoveryClient [main] Initializing Eureka in region us-east-1
2022-12-22 00:33:26,378 INFO com.netflix.discovery.shared.resolver.aws.ConfigClusterResolver [main] Resolving eureka endpoints via configuration
2022-12-22 00:33:26,388 INFO com.netflix.discovery.DiscoveryClient [main] Disable delta property : false
2022-12-22 00:33:26,388 INFO com.netflix.discovery.DiscoveryClient [main] Single vip registry refresh property : null
2022-12-22 00:33:26,388 INFO com.netflix.discovery.DiscoveryClient [main] Force full registry fetch : false
2022-12-22 00:33:26,388 INFO com.netflix.discovery.DiscoveryClient [main] Application is null : false
2022-12-22 00:33:26,388 INFO com.netflix.discovery.DiscoveryClient [main] Registered Applications size is zero : true
2022-12-22 00:33:26,388 INFO com.netflix.discovery.DiscoveryClient [main] Application version is -1: true
2022-12-22 00:33:26,388 INFO com.netflix.discovery.DiscoveryClient [main] Getting all instance registry info from the eureka server
2022-12-22 00:33:26,464 INFO com.netflix.discovery.DiscoveryClient [main] The response status is 200
2022-12-22 00:33:26,465 INFO com.netflix.discovery.DiscoveryClient [main] Starting heartbeat executor: renew interval is: 30
2022-12-22 00:33:26,466 INFO com.netflix.discovery.InstanceInfoReplicator [main] InstanceInfoReplicator onDemand update allowed rate per min is 4
2022-12-22 00:33:26,468 INFO com.netflix.discovery.DiscoveryClient [main] Discovery Client initialized at timestamp 1671658406467 with initial instances count: 0
2022-12-22 00:33:26,473 INFO org.springframework.cloud.netflix.eureka.serviceregistry.EurekaServiceRegistry [main] Registering application BANKING with eureka with status UP
2022-12-22 00:33:26,473 INFO com.netflix.discovery.DiscoveryClient$3 [main] Saw local status change event StatusChangeEvent [timestamp=1671658406473, current=UP, previous=STARTING]
2022-12-22 00:33:26,474 INFO com.netflix.discovery.DiscoveryClient [DiscoveryClient-InstanceInfoReplicator-0] DiscoveryClient_BANKING/192.168.1.7:banking:8080: registering service...
2022-12-22 00:33:26,506 INFO com.netflix.discovery.DiscoveryClient [DiscoveryClient-InstanceInfoReplicator-0] DiscoveryClient_BANKING/192.168.1.7:banking:8080 - registration status: 204
2022-12-22 00:33:26,601 INFO org.springframework.cloud.stream.binder.rabbit.provisioning.RabbitExchangeQueueProvisioner [main] declaring queue for inbound: springCloudBus.anonymous.UYTf0xOQST-jlD_T-e0c2w, bound to: springCloudBus
2022-12-22 00:33:26,603 INFO org.springframework.amqp.rabbit.connection.AbstractConnectionFactory [main] Attempting to connect to: [localhost:5672]
2022-12-22 00:33:26,633 INFO org.springframework.amqp.rabbit.connection.AbstractConnectionFactory [main] Created new connection: rabbitConnectionFactory#50b2ba2c:0/SimpleConnection@3b310465 [delegate=amqp://guest@127.0.0.1:5672/, localPort= 56682]
2022-12-22 00:33:26,669 INFO org.springframework.core.log.LogAccessor [main] Channel 'springCloudBus.anonymous.UYTf0xOQST-jlD_T-e0c2w.errors' has 1 subscriber(s).
2022-12-22 00:33:26,670 INFO org.springframework.core.log.LogAccessor [main] Channel 'springCloudBus.anonymous.UYTf0xOQST-jlD_T-e0c2w.errors' has 2 subscriber(s).
2022-12-22 00:33:26,679 INFO org.springframework.core.log.LogAccessor [main] started bean 'inbound.springCloudBus.anonymous.UYTf0xOQST-jlD_T-e0c2w'
2022-12-22 00:33:26,680 INFO org.apache.juli.logging.DirectJDKLog [main] Starting ProtocolHandler ["http-nio-8080"]
2022-12-22 00:33:26,689 INFO org.springframework.boot.web.embedded.tomcat.TomcatWebServer [main] Tomcat started on port(s): 8080 (http) with context path ''
2022-12-22 00:33:26,689 INFO org.springframework.cloud.netflix.eureka.serviceregistry.EurekaAutoServiceRegistration [main] Updating port to 8080
2022-12-22 00:33:26,704 INFO org.springframework.integration.monitor.IntegrationMBeanExporter [main] Registering MessageChannel springCloudBus.anonymous.UYTf0xOQST-jlD_T-e0c2w.errors
2022-12-22 00:33:26,760 INFO org.springframework.boot.StartupInfoLogger [main] Started BankingApplication in 8.456 seconds (JVM running for 8.877)
2022-12-22 00:33:26,875 INFO org.apache.juli.logging.DirectJDKLog [RMI TCP Connection(3)-127.0.0.1] Initializing Spring DispatcherServlet 'dispatcherServlet'
2022-12-22 00:33:26,876 INFO org.springframework.web.servlet.FrameworkServlet [RMI TCP Connection(3)-127.0.0.1] Initializing Servlet 'dispatcherServlet'
2022-12-22 00:33:26,878 INFO org.springframework.web.servlet.FrameworkServlet [RMI TCP Connection(3)-127.0.0.1] Completed initialization in 2 ms
2022-12-22 00:33:56,471 INFO com.netflix.discovery.DiscoveryClient [DiscoveryClient-CacheRefreshExecutor-0] Disable delta property : false
2022-12-22 00:33:56,473 INFO com.netflix.discovery.DiscoveryClient [DiscoveryClient-CacheRefreshExecutor-0] Single vip registry refresh property : null
2022-12-22 00:33:56,473 INFO com.netflix.discovery.DiscoveryClient [DiscoveryClient-CacheRefreshExecutor-0] Force full registry fetch : false
2022-12-22 00:33:56,473 INFO com.netflix.discovery.DiscoveryClient [DiscoveryClient-CacheRefreshExecutor-0] Application is null : false
2022-12-22 00:33:56,473 INFO com.netflix.discovery.DiscoveryClient [DiscoveryClient-CacheRefreshExecutor-0] Registered Applications size is zero : true
2022-12-22 00:33:56,473 INFO com.netflix.discovery.DiscoveryClient [DiscoveryClient-CacheRefreshExecutor-0] Application version is -1: false
2022-12-22 00:33:56,473 INFO com.netflix.discovery.DiscoveryClient [DiscoveryClient-CacheRefreshExecutor-0] Getting all instance registry info from the eureka server
2022-12-22 00:33:56,482 INFO com.netflix.discovery.DiscoveryClient [DiscoveryClient-CacheRefreshExecutor-0] The response status is 200
2022-12-22 00:34:53,562 INFO org.springdoc.api.AbstractOpenApiResource [http-nio-8080-exec-9] Init duration for springdoc-openapi is: 94 ms
2022-12-22 00:35:25,941 INFO tech.hdurmaz.banking.api.BankingController [http-nio-8080-exec-10] New request to register customer. Request: CustomerRegistrationRequest[firstName=Nadiye, lastName=Durmaz, email=ndurmaz@icloud.com, phoneNumber=5388542112, income=5000, identityNumber=363636363631]
2022-12-22 00:36:32,214 INFO tech.hdurmaz.banking.api.BankingController [http-nio-8080-exec-4] Customer credit score requested. - 363636363631
2022-12-22 00:36:32,824 INFO tech.hdurmaz.amqp.RabbitMQMessageProducer [http-nio-8080-exec-4] Publishing to internal.exchange using routing key internal.notification.routing-key. Payload:NotificationRequest[identityNumber=, toCustomerName=Customer identity number: 363636363631, message=Kredi sonucunuz: 25000] 
2022-12-22 00:36:32,836 INFO tech.hdurmaz.amqp.RabbitMQMessageProducer [http-nio-8080-exec-4] Published to internal.exchange using routing key internal.notification.routing-key. Payload:NotificationRequest[identityNumber=, toCustomerName=Customer identity number: 363636363631, message=Kredi sonucunuz: 25000] 
2022-12-22 00:36:42,707 INFO tech.hdurmaz.banking.api.BankingController [http-nio-8080-exec-5] Customer credit score requested. - 363636363631
2022-12-22 00:36:43,918 INFO tech.hdurmaz.amqp.RabbitMQMessageProducer [http-nio-8080-exec-5] Publishing to internal.exchange using routing key internal.notification.routing-key. Payload:NotificationRequest[identityNumber=, toCustomerName=Customer identity number: 363636363631, message=Kredi sonucunuz: 25000] 
2022-12-22 00:36:43,919 INFO tech.hdurmaz.amqp.RabbitMQMessageProducer [http-nio-8080-exec-5] Published to internal.exchange using routing key internal.notification.routing-key. Payload:NotificationRequest[identityNumber=, toCustomerName=Customer identity number: 363636363631, message=Kredi sonucunuz: 25000] 
2022-12-22 00:37:20,358 INFO tech.hdurmaz.banking.api.BankingController [http-nio-8080-exec-3] Customer credit score requested. - 363636363631
2022-12-22 00:37:20,673 INFO tech.hdurmaz.amqp.RabbitMQMessageProducer [http-nio-8080-exec-3] Publishing to internal.exchange using routing key internal.notification.routing-key. Payload:NotificationRequest[identityNumber=, toCustomerName=Customer identity number: 363636363631, message=Kredi sonucunuz: 25000] 
2022-12-22 00:37:20,675 INFO tech.hdurmaz.amqp.RabbitMQMessageProducer [http-nio-8080-exec-3] Published to internal.exchange using routing key internal.notification.routing-key. Payload:NotificationRequest[identityNumber=, toCustomerName=Customer identity number: 363636363631, message=Kredi sonucunuz: 25000] 
2022-12-22 00:37:20,736 INFO tech.hdurmaz.banking.api.BankingController [http-nio-8080-exec-4] Customer credit score requested. - 363636363631
2022-12-22 00:37:20,920 INFO tech.hdurmaz.amqp.RabbitMQMessageProducer [http-nio-8080-exec-4] Publishing to internal.exchange using routing key internal.notification.routing-key. Payload:NotificationRequest[identityNumber=, toCustomerName=Customer identity number: 363636363631, message=Kredi sonucunuz: 25000] 
2022-12-22 00:37:20,920 INFO tech.hdurmaz.amqp.RabbitMQMessageProducer [http-nio-8080-exec-4] Published to internal.exchange using routing key internal.notification.routing-key. Payload:NotificationRequest[identityNumber=, toCustomerName=Customer identity number: 363636363631, message=Kredi sonucunuz: 25000] 
2022-12-22 00:37:21,473 INFO tech.hdurmaz.banking.api.BankingController [http-nio-8080-exec-6] Customer credit score requested. - 363636363631
2022-12-22 00:37:22,060 INFO tech.hdurmaz.amqp.RabbitMQMessageProducer [http-nio-8080-exec-6] Publishing to internal.exchange using routing key internal.notification.routing-key. Payload:NotificationRequest[identityNumber=, toCustomerName=Customer identity number: 363636363631, message=Kredi sonucunuz: 25000] 
2022-12-22 00:37:22,062 INFO tech.hdurmaz.amqp.RabbitMQMessageProducer [http-nio-8080-exec-6] Published to internal.exchange using routing key internal.notification.routing-key. Payload:NotificationRequest[identityNumber=, toCustomerName=Customer identity number: 363636363631, message=Kredi sonucunuz: 25000] 
2022-12-22 00:37:22,447 INFO tech.hdurmaz.banking.api.BankingController [http-nio-8080-exec-5] Customer credit score requested. - 363636363631
2022-12-22 00:37:23,019 INFO tech.hdurmaz.amqp.RabbitMQMessageProducer [http-nio-8080-exec-5] Publishing to internal.exchange using routing key internal.notification.routing-key. Payload:NotificationRequest[identityNumber=, toCustomerName=Customer identity number: 363636363631, message=Kredi sonucunuz: 25000] 
2022-12-22 00:37:23,020 INFO tech.hdurmaz.amqp.RabbitMQMessageProducer [http-nio-8080-exec-5] Published to internal.exchange using routing key internal.notification.routing-key. Payload:NotificationRequest[identityNumber=, toCustomerName=Customer identity number: 363636363631, message=Kredi sonucunuz: 25000] 
2022-12-22 00:38:24,145 INFO tech.hdurmaz.banking.api.BankingController [http-nio-8080-exec-7] Customer credit score requested. - 363636363631
2022-12-22 00:38:24,498 INFO tech.hdurmaz.amqp.RabbitMQMessageProducer [http-nio-8080-exec-7] Publishing to internal.exchange using routing key internal.notification.routing-key. Payload:NotificationRequest[identityNumber=, toCustomerName=Customer identity number: 363636363631, message=Kredi sonucunuz: 25000] 
2022-12-22 00:38:24,500 INFO tech.hdurmaz.amqp.RabbitMQMessageProducer [http-nio-8080-exec-7] Published to internal.exchange using routing key internal.notification.routing-key. Payload:NotificationRequest[identityNumber=, toCustomerName=Customer identity number: 363636363631, message=Kredi sonucunuz: 25000] 
2022-12-22 00:38:26,407 INFO com.netflix.discovery.shared.resolver.aws.ConfigClusterResolver [AsyncResolver-bootstrap-executor-0] Resolving eureka endpoints via configuration
2022-12-22 00:38:29,317 INFO tech.hdurmaz.banking.api.BankingController [http-nio-8080-exec-9] Customer credit score requested. - 363636363631
2022-12-22 00:38:29,640 INFO tech.hdurmaz.amqp.RabbitMQMessageProducer [http-nio-8080-exec-9] Publishing to internal.exchange using routing key internal.notification.routing-key. Payload:NotificationRequest[identityNumber=, toCustomerName=Customer identity number: 363636363631, message=Kredi sonucunuz: 25000] 
2022-12-22 00:38:29,641 INFO tech.hdurmaz.amqp.RabbitMQMessageProducer [http-nio-8080-exec-9] Published to internal.exchange using routing key internal.notification.routing-key. Payload:NotificationRequest[identityNumber=, toCustomerName=Customer identity number: 363636363631, message=Kredi sonucunuz: 25000] 
2022-12-22 00:38:30,058 INFO tech.hdurmaz.banking.api.BankingController [http-nio-8080-exec-10] Customer credit score requested. - 363636363631
2022-12-22 00:38:30,640 INFO tech.hdurmaz.amqp.RabbitMQMessageProducer [http-nio-8080-exec-10] Publishing to internal.exchange using routing key internal.notification.routing-key. Payload:NotificationRequest[identityNumber=, toCustomerName=Customer identity number: 363636363631, message=Kredi sonucunuz: 25000] 
2022-12-22 00:38:30,641 INFO tech.hdurmaz.amqp.RabbitMQMessageProducer [http-nio-8080-exec-10] Published to internal.exchange using routing key internal.notification.routing-key. Payload:NotificationRequest[identityNumber=, toCustomerName=Customer identity number: 363636363631, message=Kredi sonucunuz: 25000] 
2022-12-22 00:38:31,029 INFO tech.hdurmaz.banking.api.BankingController [http-nio-8080-exec-1] Customer credit score requested. - 363636363631
2022-12-22 00:38:31,640 INFO tech.hdurmaz.amqp.RabbitMQMessageProducer [http-nio-8080-exec-1] Publishing to internal.exchange using routing key internal.notification.routing-key. Payload:NotificationRequest[identityNumber=, toCustomerName=Customer identity number: 363636363631, message=Kredi sonucunuz: 25000] 
2022-12-22 00:38:31,642 INFO tech.hdurmaz.amqp.RabbitMQMessageProducer [http-nio-8080-exec-1] Published to internal.exchange using routing key internal.notification.routing-key. Payload:NotificationRequest[identityNumber=, toCustomerName=Customer identity number: 363636363631, message=Kredi sonucunuz: 25000] 
2022-12-22 00:38:32,016 INFO tech.hdurmaz.banking.api.BankingController [http-nio-8080-exec-2] Customer credit score requested. - 363636363631
2022-12-22 00:38:32,550 INFO tech.hdurmaz.amqp.RabbitMQMessageProducer [http-nio-8080-exec-2] Publishing to internal.exchange using routing key internal.notification.routing-key. Payload:NotificationRequest[identityNumber=, toCustomerName=Customer identity number: 363636363631, message=Kredi sonucunuz: 25000] 
2022-12-22 00:38:32,553 INFO tech.hdurmaz.amqp.RabbitMQMessageProducer [http-nio-8080-exec-2] Published to internal.exchange using routing key internal.notification.routing-key. Payload:NotificationRequest[identityNumber=, toCustomerName=Customer identity number: 363636363631, message=Kredi sonucunuz: 25000] 
2022-12-22 00:38:32,900 INFO tech.hdurmaz.banking.api.BankingController [http-nio-8080-exec-3] Customer credit score requested. - 363636363631
2022-12-22 00:38:33,166 INFO tech.hdurmaz.amqp.RabbitMQMessageProducer [http-nio-8080-exec-3] Publishing to internal.exchange using routing key internal.notification.routing-key. Payload:NotificationRequest[identityNumber=, toCustomerName=Customer identity number: 363636363631, message=Kredi sonucunuz: 25000] 
2022-12-22 00:38:33,168 INFO tech.hdurmaz.amqp.RabbitMQMessageProducer [http-nio-8080-exec-3] Published to internal.exchange using routing key internal.notification.routing-key. Payload:NotificationRequest[identityNumber=, toCustomerName=Customer identity number: 363636363631, message=Kredi sonucunuz: 25000] 
2022-12-22 00:38:33,569 INFO tech.hdurmaz.banking.api.BankingController [http-nio-8080-exec-4] Customer credit score requested. - 363636363631
2022-12-22 00:38:33,885 INFO tech.hdurmaz.amqp.RabbitMQMessageProducer [http-nio-8080-exec-4] Publishing to internal.exchange using routing key internal.notification.routing-key. Payload:NotificationRequest[identityNumber=, toCustomerName=Customer identity number: 363636363631, message=Kredi sonucunuz: 25000] 
2022-12-22 00:38:33,887 INFO tech.hdurmaz.amqp.RabbitMQMessageProducer [http-nio-8080-exec-4] Published to internal.exchange using routing key internal.notification.routing-key. Payload:NotificationRequest[identityNumber=, toCustomerName=Customer identity number: 363636363631, message=Kredi sonucunuz: 25000] 
2022-12-22 00:38:34,099 INFO tech.hdurmaz.banking.api.BankingController [http-nio-8080-exec-6] Customer credit score requested. - 363636363631
2022-12-22 00:38:34,289 INFO tech.hdurmaz.amqp.RabbitMQMessageProducer [http-nio-8080-exec-6] Publishing to internal.exchange using routing key internal.notification.routing-key. Payload:NotificationRequest[identityNumber=, toCustomerName=Customer identity number: 363636363631, message=Kredi sonucunuz: 25000] 
2022-12-22 00:38:34,291 INFO tech.hdurmaz.amqp.RabbitMQMessageProducer [http-nio-8080-exec-6] Published to internal.exchange using routing key internal.notification.routing-key. Payload:NotificationRequest[identityNumber=, toCustomerName=Customer identity number: 363636363631, message=Kredi sonucunuz: 25000] 
2022-12-22 00:38:34,422 INFO tech.hdurmaz.banking.api.BankingController [http-nio-8080-exec-5] Customer credit score requested. - 363636363631
2022-12-22 00:38:34,893 INFO tech.hdurmaz.amqp.RabbitMQMessageProducer [http-nio-8080-exec-5] Publishing to internal.exchange using routing key internal.notification.routing-key. Payload:NotificationRequest[identityNumber=, toCustomerName=Customer identity number: 363636363631, message=Kredi sonucunuz: 25000] 
2022-12-22 00:38:34,896 INFO tech.hdurmaz.amqp.RabbitMQMessageProducer [http-nio-8080-exec-5] Published to internal.exchange using routing key internal.notification.routing-key. Payload:NotificationRequest[identityNumber=, toCustomerName=Customer identity number: 363636363631, message=Kredi sonucunuz: 25000] 
2022-12-22 00:38:35,117 INFO tech.hdurmaz.banking.api.BankingController [http-nio-8080-exec-8] Customer credit score requested. - 363636363631
2022-12-22 00:38:35,365 INFO tech.hdurmaz.amqp.RabbitMQMessageProducer [http-nio-8080-exec-8] Publishing to internal.exchange using routing key internal.notification.routing-key. Payload:NotificationRequest[identityNumber=, toCustomerName=Customer identity number: 363636363631, message=Kredi sonucunuz: 25000] 
2022-12-22 00:38:35,367 INFO tech.hdurmaz.amqp.RabbitMQMessageProducer [http-nio-8080-exec-8] Published to internal.exchange using routing key internal.notification.routing-key. Payload:NotificationRequest[identityNumber=, toCustomerName=Customer identity number: 363636363631, message=Kredi sonucunuz: 25000] 
2022-12-22 00:38:35,690 INFO tech.hdurmaz.banking.api.BankingController [http-nio-8080-exec-7] Customer credit score requested. - 363636363631
2022-12-22 00:38:35,951 INFO tech.hdurmaz.amqp.RabbitMQMessageProducer [http-nio-8080-exec-7] Publishing to internal.exchange using routing key internal.notification.routing-key. Payload:NotificationRequest[identityNumber=, toCustomerName=Customer identity number: 363636363631, message=Kredi sonucunuz: 25000] 
2022-12-22 00:38:35,953 INFO tech.hdurmaz.amqp.RabbitMQMessageProducer [http-nio-8080-exec-7] Published to internal.exchange using routing key internal.notification.routing-key. Payload:NotificationRequest[identityNumber=, toCustomerName=Customer identity number: 363636363631, message=Kredi sonucunuz: 25000] 
2022-12-22 00:38:36,236 INFO tech.hdurmaz.banking.api.BankingController [http-nio-8080-exec-9] Customer credit score requested. - 363636363631
2022-12-22 00:38:36,457 INFO tech.hdurmaz.amqp.RabbitMQMessageProducer [http-nio-8080-exec-9] Publishing to internal.exchange using routing key internal.notification.routing-key. Payload:NotificationRequest[identityNumber=, toCustomerName=Customer identity number: 363636363631, message=Kredi sonucunuz: 25000] 
2022-12-22 00:38:36,458 INFO tech.hdurmaz.amqp.RabbitMQMessageProducer [http-nio-8080-exec-9] Published to internal.exchange using routing key internal.notification.routing-key. Payload:NotificationRequest[identityNumber=, toCustomerName=Customer identity number: 363636363631, message=Kredi sonucunuz: 25000] 
2022-12-22 00:43:26,410 INFO com.netflix.discovery.shared.resolver.aws.ConfigClusterResolver [AsyncResolver-bootstrap-executor-0] Resolving eureka endpoints via configuration
2022-12-22 00:46:40,413 INFO org.springframework.amqp.rabbit.listener.SimpleMessageListenerContainer$AsyncMessageProcessingConsumer [springCloudBus.anonymous.UYTf0xOQST-jlD_T-e0c2w-1] Restarting Consumer@7bc1ae33: tags=[[amq.ctag-7jRXx2YPx4ixG1C4O8lgsQ]], channel=Cached Rabbit Channel: AMQChannel(amqp://guest@127.0.0.1:5672/,1), conn: Proxy@46febe84 Shared Rabbit Connection: SimpleConnection@3b310465 [delegate=amqp://guest@127.0.0.1:5672/, localPort= 56682], acknowledgeMode=AUTO local queue size=0
2022-12-22 00:46:40,417 INFO org.springframework.amqp.rabbit.connection.AbstractConnectionFactory [springCloudBus.anonymous.UYTf0xOQST-jlD_T-e0c2w-2] Attempting to connect to: [localhost:5672]
2022-12-22 00:46:45,513 INFO org.springframework.amqp.rabbit.listener.SimpleMessageListenerContainer$AsyncMessageProcessingConsumer [springCloudBus.anonymous.UYTf0xOQST-jlD_T-e0c2w-2] Restarting Consumer@2689bcbf: tags=[[]], channel=null, acknowledgeMode=AUTO local queue size=0
2022-12-22 00:46:45,514 INFO org.springframework.amqp.rabbit.connection.AbstractConnectionFactory [springCloudBus.anonymous.UYTf0xOQST-jlD_T-e0c2w-3] Attempting to connect to: [localhost:5672]
2022-12-22 00:46:46,530 INFO org.springframework.cloud.sleuth.autoconfig.zipkin2.ZipkinAutoConfiguration$1 [Thread-2] Flushing remaining spans on shutdown
2022-12-22 00:46:46,532 INFO org.springframework.cloud.netflix.eureka.serviceregistry.EurekaServiceRegistry [SpringApplicationShutdownHook] Unregistering application BANKING with eureka with status DOWN
2022-12-22 00:46:46,532 INFO com.netflix.discovery.DiscoveryClient$3 [SpringApplicationShutdownHook] Saw local status change event StatusChangeEvent [timestamp=1671659206532, current=DOWN, previous=UP]
2022-12-22 00:46:46,532 INFO com.netflix.discovery.DiscoveryClient [DiscoveryClient-InstanceInfoReplicator-0] DiscoveryClient_BANKING/192.168.1.7:banking:8080: registering service...
2022-12-22 00:46:46,537 INFO com.netflix.discovery.DiscoveryClient [DiscoveryClient-InstanceInfoReplicator-0] DiscoveryClient_BANKING/192.168.1.7:banking:8080 - registration status: 204
2022-12-22 00:46:46,543 INFO org.springframework.amqp.rabbit.listener.SimpleMessageListenerContainer [SpringApplicationShutdownHook] Waiting for workers to finish.
2022-12-22 00:46:46,544 INFO org.springframework.amqp.rabbit.listener.SimpleMessageListenerContainer [SpringApplicationShutdownHook] Successfully waited for workers to finish.
2022-12-22 00:46:46,544 INFO org.springframework.core.log.LogAccessor [SpringApplicationShutdownHook] stopped bean 'inbound.springCloudBus.anonymous.UYTf0xOQST-jlD_T-e0c2w'
2022-12-22 00:46:46,549 INFO org.springframework.core.log.LogAccessor [SpringApplicationShutdownHook] Channel 'banking.springCloudBus.anonymous.UYTf0xOQST-jlD_T-e0c2w.errors' has 1 subscriber(s).
2022-12-22 00:46:46,550 INFO org.springframework.core.log.LogAccessor [SpringApplicationShutdownHook] Removing {logging-channel-adapter:_org.springframework.integration.errorLogger} as a subscriber to the 'errorChannel' channel
2022-12-22 00:46:46,550 INFO org.springframework.core.log.LogAccessor [SpringApplicationShutdownHook] Channel 'banking.errorChannel' has 0 subscriber(s).
2022-12-22 00:46:46,550 INFO org.springframework.core.log.LogAccessor [SpringApplicationShutdownHook] stopped bean '_org.springframework.integration.errorLogger'
2022-12-22 00:46:46,555 INFO org.springframework.orm.jpa.AbstractEntityManagerFactoryBean [SpringApplicationShutdownHook] Closing JPA EntityManagerFactory for persistence unit 'default'
2022-12-22 00:46:46,918 INFO com.zaxxer.hikari.HikariDataSource [SpringApplicationShutdownHook] HikariPool-1 - Shutdown initiated...
2022-12-22 00:46:46,923 INFO com.zaxxer.hikari.HikariDataSource [SpringApplicationShutdownHook] HikariPool-1 - Shutdown completed.
2022-12-22 00:46:46,924 INFO com.netflix.discovery.DiscoveryClient [SpringApplicationShutdownHook] Shutting down DiscoveryClient ...
2022-12-22 00:46:49,933 INFO com.netflix.discovery.DiscoveryClient [SpringApplicationShutdownHook] Unregistering ...
2022-12-22 00:46:49,948 INFO com.netflix.discovery.shared.transport.decorator.RedirectingEurekaHttpClient [SpringApplicationShutdownHook] Request execution error. endpoint=DefaultEndpoint{ serviceUrl='http://localhost:8761/eureka/} exception=I/O error on DELETE request for "http://localhost:8761/eureka/apps/BANKING/192.168.1.7:banking:8080": Connect to localhost:8761 [localhost/127.0.0.1, localhost/0:0:0:0:0:0:0:1] failed: Connection refused; nested exception is org.apache.http.conn.HttpHostConnectException: Connect to localhost:8761 [localhost/127.0.0.1, localhost/0:0:0:0:0:0:0:1] failed: Connection refused stacktrace=org.springframework.web.client.ResourceAccessException: I/O error on DELETE request for "http://localhost:8761/eureka/apps/BANKING/192.168.1.7:banking:8080": Connect to localhost:8761 [localhost/127.0.0.1, localhost/0:0:0:0:0:0:0:1] failed: Connection refused; nested exception is org.apache.http.conn.HttpHostConnectException: Connect to localhost:8761 [localhost/127.0.0.1, localhost/0:0:0:0:0:0:0:1] failed: Connection refused
	at org.springframework.web.client.RestTemplate.doExecute(RestTemplate.java:785)
	at org.springframework.web.client.RestTemplate.execute(RestTemplate.java:711)
	at org.springframework.web.client.RestTemplate.exchange(RestTemplate.java:602)
	at org.springframework.cloud.netflix.eureka.http.RestTemplateEurekaHttpClient.cancel(RestTemplateEurekaHttpClient.java:87)
	at com.netflix.discovery.shared.transport.decorator.EurekaHttpClientDecorator$2.execute(EurekaHttpClientDecorator.java:74)
	at com.netflix.discovery.shared.transport.decorator.RedirectingEurekaHttpClient.execute(RedirectingEurekaHttpClient.java:91)
	at com.netflix.discovery.shared.transport.decorator.EurekaHttpClientDecorator.cancel(EurekaHttpClientDecorator.java:71)
	at com.netflix.discovery.shared.transport.decorator.EurekaHttpClientDecorator$2.execute(EurekaHttpClientDecorator.java:74)
	at com.netflix.discovery.shared.transport.decorator.RetryableEurekaHttpClient.execute(RetryableEurekaHttpClient.java:120)
	at com.netflix.discovery.shared.transport.decorator.EurekaHttpClientDecorator.cancel(EurekaHttpClientDecorator.java:71)
	at com.netflix.discovery.shared.transport.decorator.EurekaHttpClientDecorator$2.execute(EurekaHttpClientDecorator.java:74)
	at com.netflix.discovery.shared.transport.decorator.SessionedEurekaHttpClient.execute(SessionedEurekaHttpClient.java:77)
	at com.netflix.discovery.shared.transport.decorator.EurekaHttpClientDecorator.cancel(EurekaHttpClientDecorator.java:71)
	at com.netflix.discovery.DiscoveryClient.unregister(DiscoveryClient.java:972)
	at com.netflix.discovery.DiscoveryClient.shutdown(DiscoveryClient.java:948)
	at java.base/jdk.internal.reflect.NativeMethodAccessorImpl.invoke0(Native Method)
	at java.base/jdk.internal.reflect.NativeMethodAccessorImpl.invoke(NativeMethodAccessorImpl.java:77)
	at java.base/jdk.internal.reflect.DelegatingMethodAccessorImpl.invoke(DelegatingMethodAccessorImpl.java:43)
	at java.base/java.lang.reflect.Method.invoke(Method.java:568)
	at org.springframework.beans.factory.annotation.InitDestroyAnnotationBeanPostProcessor$LifecycleElement.invoke(InitDestroyAnnotationBeanPostProcessor.java:389)
	at org.springframework.beans.factory.annotation.InitDestroyAnnotationBeanPostProcessor$LifecycleMetadata.invokeDestroyMethods(InitDestroyAnnotationBeanPostProcessor.java:347)
	at org.springframework.beans.factory.annotation.InitDestroyAnnotationBeanPostProcessor.postProcessBeforeDestruction(InitDestroyAnnotationBeanPostProcessor.java:177)
	at org.springframework.beans.factory.support.DisposableBeanAdapter.destroy(DisposableBeanAdapter.java:197)
	at org.springframework.beans.factory.support.DisposableBeanAdapter.run(DisposableBeanAdapter.java:190)
	at org.springframework.cloud.context.scope.GenericScope$BeanLifecycleWrapper.destroy(GenericScope.java:390)
	at org.springframework.cloud.context.scope.GenericScope.destroy(GenericScope.java:136)
	at org.springframework.beans.factory.support.DisposableBeanAdapter.destroy(DisposableBeanAdapter.java:213)
	at org.springframework.beans.factory.support.DefaultSingletonBeanRegistry.destroyBean(DefaultSingletonBeanRegistry.java:587)
	at org.springframework.beans.factory.support.DefaultSingletonBeanRegistry.destroySingleton(DefaultSingletonBeanRegistry.java:559)
	at org.springframework.beans.factory.support.DefaultListableBeanFactory.destroySingleton(DefaultListableBeanFactory.java:1163)
	at org.springframework.beans.factory.support.DefaultSingletonBeanRegistry.destroySingletons(DefaultSingletonBeanRegistry.java:520)
	at org.springframework.beans.factory.support.DefaultListableBeanFactory.destroySingletons(DefaultListableBeanFactory.java:1156)
	at org.springframework.context.support.AbstractApplicationContext.destroyBeans(AbstractApplicationContext.java:1106)
	at org.springframework.context.support.AbstractApplicationContext.doClose(AbstractApplicationContext.java:1075)
	at org.springframework.boot.web.servlet.context.ServletWebServerApplicationContext.doClose(ServletWebServerApplicationContext.java:174)
	at org.springframework.context.support.AbstractApplicationContext.close(AbstractApplicationContext.java:1021)
	at org.springframework.boot.SpringApplicationShutdownHook.closeAndWait(SpringApplicationShutdownHook.java:145)
	at java.base/java.lang.Iterable.forEach(Iterable.java:75)
	at org.springframework.boot.SpringApplicationShutdownHook.run(SpringApplicationShutdownHook.java:114)
	at java.base/java.lang.Thread.run(Thread.java:833)
Caused by: org.apache.http.conn.HttpHostConnectException: Connect to localhost:8761 [localhost/127.0.0.1, localhost/0:0:0:0:0:0:0:1] failed: Connection refused
	at org.apache.http.impl.conn.DefaultHttpClientConnectionOperator.connect(DefaultHttpClientConnectionOperator.java:156)
	at org.apache.http.impl.conn.PoolingHttpClientConnectionManager.connect(PoolingHttpClientConnectionManager.java:376)
	at org.apache.http.impl.execchain.MainClientExec.establishRoute(MainClientExec.java:393)
	at org.apache.http.impl.execchain.MainClientExec.execute(MainClientExec.java:236)
	at org.apache.http.impl.execchain.ProtocolExec.execute(ProtocolExec.java:186)
	at org.apache.http.impl.execchain.RetryExec.execute(RetryExec.java:89)
	at org.apache.http.impl.execchain.RedirectExec.execute(RedirectExec.java:110)
	at org.apache.http.impl.client.InternalHttpClient.doExecute(InternalHttpClient.java:185)
	at org.apache.http.impl.client.CloseableHttpClient.execute(CloseableHttpClient.java:83)
	at org.apache.http.impl.client.CloseableHttpClient.execute(CloseableHttpClient.java:56)
	at org.springframework.http.client.HttpComponentsClientHttpRequest.executeInternal(HttpComponentsClientHttpRequest.java:87)
	at org.springframework.http.client.AbstractBufferingClientHttpRequest.executeInternal(AbstractBufferingClientHttpRequest.java:48)
	at org.springframework.http.client.AbstractClientHttpRequest.execute(AbstractClientHttpRequest.java:66)
	at org.springframework.web.client.RestTemplate.doExecute(RestTemplate.java:776)
	... 39 more
Caused by: java.net.ConnectException: Connection refused
	at java.base/sun.nio.ch.Net.connect0(Native Method)
	at java.base/sun.nio.ch.Net.connect(Net.java:579)
	at java.base/sun.nio.ch.Net.connect(Net.java:568)
	at java.base/sun.nio.ch.NioSocketImpl.connect(NioSocketImpl.java:588)
	at java.base/java.net.SocksSocketImpl.connect(SocksSocketImpl.java:327)
	at java.base/java.net.Socket.connect(Socket.java:633)
	at org.apache.http.conn.socket.PlainConnectionSocketFactory.connectSocket(PlainConnectionSocketFactory.java:75)
	at org.apache.http.impl.conn.DefaultHttpClientConnectionOperator.connect(DefaultHttpClientConnectionOperator.java:142)
	... 52 more

2022-12-22 00:46:49,948 WARN com.netflix.discovery.shared.transport.decorator.RetryableEurekaHttpClient [SpringApplicationShutdownHook] Request execution failed with message: I/O error on DELETE request for "http://localhost:8761/eureka/apps/BANKING/192.168.1.7:banking:8080": Connect to localhost:8761 [localhost/127.0.0.1, localhost/0:0:0:0:0:0:0:1] failed: Connection refused; nested exception is org.apache.http.conn.HttpHostConnectException: Connect to localhost:8761 [localhost/127.0.0.1, localhost/0:0:0:0:0:0:0:1] failed: Connection refused
2022-12-22 00:46:49,956 INFO com.netflix.discovery.shared.transport.decorator.RedirectingEurekaHttpClient [SpringApplicationShutdownHook] Request execution error. endpoint=DefaultEndpoint{ serviceUrl='http://localhost:8761/eureka/}, exception=I/O error on DELETE request for "http://localhost:8761/eureka/apps/BANKING/192.168.1.7:banking:8080": Connect to localhost:8761 [localhost/127.0.0.1, localhost/0:0:0:0:0:0:0:1] failed: Connection refused; nested exception is org.apache.http.conn.HttpHostConnectException: Connect to localhost:8761 [localhost/127.0.0.1, localhost/0:0:0:0:0:0:0:1] failed: Connection refused stacktrace=org.springframework.web.client.ResourceAccessException: I/O error on DELETE request for "http://localhost:8761/eureka/apps/BANKING/192.168.1.7:banking:8080": Connect to localhost:8761 [localhost/127.0.0.1, localhost/0:0:0:0:0:0:0:1] failed: Connection refused; nested exception is org.apache.http.conn.HttpHostConnectException: Connect to localhost:8761 [localhost/127.0.0.1, localhost/0:0:0:0:0:0:0:1] failed: Connection refused
	at org.springframework.web.client.RestTemplate.doExecute(RestTemplate.java:785)
	at org.springframework.web.client.RestTemplate.execute(RestTemplate.java:711)
	at org.springframework.web.client.RestTemplate.exchange(RestTemplate.java:602)
	at org.springframework.cloud.netflix.eureka.http.RestTemplateEurekaHttpClient.cancel(RestTemplateEurekaHttpClient.java:87)
	at com.netflix.discovery.shared.transport.decorator.EurekaHttpClientDecorator$2.execute(EurekaHttpClientDecorator.java:74)
	at com.netflix.discovery.shared.transport.decorator.RedirectingEurekaHttpClient.executeOnNewServer(RedirectingEurekaHttpClient.java:121)
	at com.netflix.discovery.shared.transport.decorator.RedirectingEurekaHttpClient.execute(RedirectingEurekaHttpClient.java:80)
	at com.netflix.discovery.shared.transport.decorator.EurekaHttpClientDecorator.cancel(EurekaHttpClientDecorator.java:71)
	at com.netflix.discovery.shared.transport.decorator.EurekaHttpClientDecorator$2.execute(EurekaHttpClientDecorator.java:74)
	at com.netflix.discovery.shared.transport.decorator.RetryableEurekaHttpClient.execute(RetryableEurekaHttpClient.java:120)
	at com.netflix.discovery.shared.transport.decorator.EurekaHttpClientDecorator.cancel(EurekaHttpClientDecorator.java:71)
	at com.netflix.discovery.shared.transport.decorator.EurekaHttpClientDecorator$2.execute(EurekaHttpClientDecorator.java:74)
	at com.netflix.discovery.shared.transport.decorator.SessionedEurekaHttpClient.execute(SessionedEurekaHttpClient.java:77)
	at com.netflix.discovery.shared.transport.decorator.EurekaHttpClientDecorator.cancel(EurekaHttpClientDecorator.java:71)
	at com.netflix.discovery.DiscoveryClient.unregister(DiscoveryClient.java:972)
	at com.netflix.discovery.DiscoveryClient.shutdown(DiscoveryClient.java:948)
	at java.base/jdk.internal.reflect.NativeMethodAccessorImpl.invoke0(Native Method)
	at java.base/jdk.internal.reflect.NativeMethodAccessorImpl.invoke(NativeMethodAccessorImpl.java:77)
	at java.base/jdk.internal.reflect.DelegatingMethodAccessorImpl.invoke(DelegatingMethodAccessorImpl.java:43)
	at java.base/java.lang.reflect.Method.invoke(Method.java:568)
	at org.springframework.beans.factory.annotation.InitDestroyAnnotationBeanPostProcessor$LifecycleElement.invoke(InitDestroyAnnotationBeanPostProcessor.java:389)
	at org.springframework.beans.factory.annotation.InitDestroyAnnotationBeanPostProcessor$LifecycleMetadata.invokeDestroyMethods(InitDestroyAnnotationBeanPostProcessor.java:347)
	at org.springframework.beans.factory.annotation.InitDestroyAnnotationBeanPostProcessor.postProcessBeforeDestruction(InitDestroyAnnotationBeanPostProcessor.java:177)
	at org.springframework.beans.factory.support.DisposableBeanAdapter.destroy(DisposableBeanAdapter.java:197)
	at org.springframework.beans.factory.support.DisposableBeanAdapter.run(DisposableBeanAdapter.java:190)
	at org.springframework.cloud.context.scope.GenericScope$BeanLifecycleWrapper.destroy(GenericScope.java:390)
	at org.springframework.cloud.context.scope.GenericScope.destroy(GenericScope.java:136)
	at org.springframework.beans.factory.support.DisposableBeanAdapter.destroy(DisposableBeanAdapter.java:213)
	at org.springframework.beans.factory.support.DefaultSingletonBeanRegistry.destroyBean(DefaultSingletonBeanRegistry.java:587)
	at org.springframework.beans.factory.support.DefaultSingletonBeanRegistry.destroySingleton(DefaultSingletonBeanRegistry.java:559)
	at org.springframework.beans.factory.support.DefaultListableBeanFactory.destroySingleton(DefaultListableBeanFactory.java:1163)
	at org.springframework.beans.factory.support.DefaultSingletonBeanRegistry.destroySingletons(DefaultSingletonBeanRegistry.java:520)
	at org.springframework.beans.factory.support.DefaultListableBeanFactory.destroySingletons(DefaultListableBeanFactory.java:1156)
	at org.springframework.context.support.AbstractApplicationContext.destroyBeans(AbstractApplicationContext.java:1106)
	at org.springframework.context.support.AbstractApplicationContext.doClose(AbstractApplicationContext.java:1075)
	at org.springframework.boot.web.servlet.context.ServletWebServerApplicationContext.doClose(ServletWebServerApplicationContext.java:174)
	at org.springframework.context.support.AbstractApplicationContext.close(AbstractApplicationContext.java:1021)
	at org.springframework.boot.SpringApplicationShutdownHook.closeAndWait(SpringApplicationShutdownHook.java:145)
	at java.base/java.lang.Iterable.forEach(Iterable.java:75)
	at org.springframework.boot.SpringApplicationShutdownHook.run(SpringApplicationShutdownHook.java:114)
	at java.base/java.lang.Thread.run(Thread.java:833)
Caused by: org.apache.http.conn.HttpHostConnectException: Connect to localhost:8761 [localhost/127.0.0.1, localhost/0:0:0:0:0:0:0:1] failed: Connection refused
	at org.apache.http.impl.conn.DefaultHttpClientConnectionOperator.connect(DefaultHttpClientConnectionOperator.java:156)
	at org.apache.http.impl.conn.PoolingHttpClientConnectionManager.connect(PoolingHttpClientConnectionManager.java:376)
	at org.apache.http.impl.execchain.MainClientExec.establishRoute(MainClientExec.java:393)
	at org.apache.http.impl.execchain.MainClientExec.execute(MainClientExec.java:236)
	at org.apache.http.impl.execchain.ProtocolExec.execute(ProtocolExec.java:186)
	at org.apache.http.impl.execchain.RetryExec.execute(RetryExec.java:89)
	at org.apache.http.impl.execchain.RedirectExec.execute(RedirectExec.java:110)
	at org.apache.http.impl.client.InternalHttpClient.doExecute(InternalHttpClient.java:185)
	at org.apache.http.impl.client.CloseableHttpClient.execute(CloseableHttpClient.java:83)
	at org.apache.http.impl.client.CloseableHttpClient.execute(CloseableHttpClient.java:56)
	at org.springframework.http.client.HttpComponentsClientHttpRequest.executeInternal(HttpComponentsClientHttpRequest.java:87)
	at org.springframework.http.client.AbstractBufferingClientHttpRequest.executeInternal(AbstractBufferingClientHttpRequest.java:48)
	at org.springframework.http.client.AbstractClientHttpRequest.execute(AbstractClientHttpRequest.java:66)
	at org.springframework.web.client.RestTemplate.doExecute(RestTemplate.java:776)
	... 40 more
Caused by: java.net.ConnectException: Connection refused
	at java.base/sun.nio.ch.Net.connect0(Native Method)
	at java.base/sun.nio.ch.Net.connect(Net.java:579)
	at java.base/sun.nio.ch.Net.connect(Net.java:568)
	at java.base/sun.nio.ch.NioSocketImpl.connect(NioSocketImpl.java:588)
	at java.base/java.net.SocksSocketImpl.connect(SocksSocketImpl.java:327)
	at java.base/java.net.Socket.connect(Socket.java:633)
	at org.apache.http.conn.socket.PlainConnectionSocketFactory.connectSocket(PlainConnectionSocketFactory.java:75)
	at org.apache.http.impl.conn.DefaultHttpClientConnectionOperator.connect(DefaultHttpClientConnectionOperator.java:142)
	... 53 more

2022-12-22 00:46:49,956 WARN com.netflix.discovery.shared.transport.decorator.RetryableEurekaHttpClient [SpringApplicationShutdownHook] Request execution failed with message: I/O error on DELETE request for "http://localhost:8761/eureka/apps/BANKING/192.168.1.7:banking:8080": Connect to localhost:8761 [localhost/127.0.0.1, localhost/0:0:0:0:0:0:0:1] failed: Connection refused; nested exception is org.apache.http.conn.HttpHostConnectException: Connect to localhost:8761 [localhost/127.0.0.1, localhost/0:0:0:0:0:0:0:1] failed: Connection refused
2022-12-22 00:46:49,958 ERROR com.netflix.discovery.DiscoveryClient [SpringApplicationShutdownHook] DiscoveryClient_BANKING/192.168.1.7:banking:8080 - de-registration failedCannot execute request on any known server
com.netflix.discovery.shared.transport.TransportException: Cannot execute request on any known server
	at com.netflix.discovery.shared.transport.decorator.RetryableEurekaHttpClient.execute(RetryableEurekaHttpClient.java:112)
	at com.netflix.discovery.shared.transport.decorator.EurekaHttpClientDecorator.cancel(EurekaHttpClientDecorator.java:71)
	at com.netflix.discovery.shared.transport.decorator.EurekaHttpClientDecorator$2.execute(EurekaHttpClientDecorator.java:74)
	at com.netflix.discovery.shared.transport.decorator.SessionedEurekaHttpClient.execute(SessionedEurekaHttpClient.java:77)
	at com.netflix.discovery.shared.transport.decorator.EurekaHttpClientDecorator.cancel(EurekaHttpClientDecorator.java:71)
	at com.netflix.discovery.DiscoveryClient.unregister(DiscoveryClient.java:972)
	at com.netflix.discovery.DiscoveryClient.shutdown(DiscoveryClient.java:948)
	at java.base/jdk.internal.reflect.NativeMethodAccessorImpl.invoke0(Native Method)
	at java.base/jdk.internal.reflect.NativeMethodAccessorImpl.invoke(NativeMethodAccessorImpl.java:77)
	at java.base/jdk.internal.reflect.DelegatingMethodAccessorImpl.invoke(DelegatingMethodAccessorImpl.java:43)
	at java.base/java.lang.reflect.Method.invoke(Method.java:568)
	at org.springframework.beans.factory.annotation.InitDestroyAnnotationBeanPostProcessor$LifecycleElement.invoke(InitDestroyAnnotationBeanPostProcessor.java:389)
	at org.springframework.beans.factory.annotation.InitDestroyAnnotationBeanPostProcessor$LifecycleMetadata.invokeDestroyMethods(InitDestroyAnnotationBeanPostProcessor.java:347)
	at org.springframework.beans.factory.annotation.InitDestroyAnnotationBeanPostProcessor.postProcessBeforeDestruction(InitDestroyAnnotationBeanPostProcessor.java:177)
	at org.springframework.beans.factory.support.DisposableBeanAdapter.destroy(DisposableBeanAdapter.java:197)
	at org.springframework.beans.factory.support.DisposableBeanAdapter.run(DisposableBeanAdapter.java:190)
	at org.springframework.cloud.context.scope.GenericScope$BeanLifecycleWrapper.destroy(GenericScope.java:390)
	at org.springframework.cloud.context.scope.GenericScope.destroy(GenericScope.java:136)
	at org.springframework.beans.factory.support.DisposableBeanAdapter.destroy(DisposableBeanAdapter.java:213)
	at org.springframework.beans.factory.support.DefaultSingletonBeanRegistry.destroyBean(DefaultSingletonBeanRegistry.java:587)
	at org.springframework.beans.factory.support.DefaultSingletonBeanRegistry.destroySingleton(DefaultSingletonBeanRegistry.java:559)
	at org.springframework.beans.factory.support.DefaultListableBeanFactory.destroySingleton(DefaultListableBeanFactory.java:1163)
	at org.springframework.beans.factory.support.DefaultSingletonBeanRegistry.destroySingletons(DefaultSingletonBeanRegistry.java:520)
	at org.springframework.beans.factory.support.DefaultListableBeanFactory.destroySingletons(DefaultListableBeanFactory.java:1156)
	at org.springframework.context.support.AbstractApplicationContext.destroyBeans(AbstractApplicationContext.java:1106)
	at org.springframework.context.support.AbstractApplicationContext.doClose(AbstractApplicationContext.java:1075)
	at org.springframework.boot.web.servlet.context.ServletWebServerApplicationContext.doClose(ServletWebServerApplicationContext.java:174)
	at org.springframework.context.support.AbstractApplicationContext.close(AbstractApplicationContext.java:1021)
	at org.springframework.boot.SpringApplicationShutdownHook.closeAndWait(SpringApplicationShutdownHook.java:145)
	at java.base/java.lang.Iterable.forEach(Iterable.java:75)
	at org.springframework.boot.SpringApplicationShutdownHook.run(SpringApplicationShutdownHook.java:114)
	at java.base/java.lang.Thread.run(Thread.java:833)
2022-12-22 00:46:49,963 INFO com.netflix.discovery.DiscoveryClient [SpringApplicationShutdownHook] Completed shut down of DiscoveryClient
