2022-12-17 01:42:39,909 INFO org.hibernate.validator.internal.util.Version [background-preinit] HV000001: Hibernate Validator 6.2.5.Final
2022-12-17 01:42:39,917 INFO org.springframework.boot.StartupInfoLogger [main] Starting ConfigServerApplication using Java 17.0.4.1 on hdurmaz.local with PID 17098 (/Users/hdurmaz/IdeaProjects/banking-application-credit-service/config-server/target/classes started by hdurmaz in /Users/hdurmaz/IdeaProjects/banking-application-credit-service)
2022-12-17 01:42:39,917 INFO org.springframework.boot.SpringApplication [main] No active profile set, falling back to 1 default profile: "default"
2022-12-17 01:42:40,317 INFO org.springframework.cloud.context.scope.GenericScope [main] BeanFactory id=d2956422-721a-35ad-af65-091d9cc23ce2
2022-12-17 01:42:40,430 INFO org.springframework.boot.web.embedded.tomcat.TomcatWebServer [main] Tomcat initialized with port(s): 8088 (http)
2022-12-17 01:42:40,434 INFO org.apache.juli.logging.DirectJDKLog [main] Initializing ProtocolHandler ["http-nio-8088"]
2022-12-17 01:42:40,434 INFO org.apache.juli.logging.DirectJDKLog [main] Starting service [Tomcat]
2022-12-17 01:42:40,434 INFO org.apache.juli.logging.DirectJDKLog [main] Starting Servlet engine: [Apache Tomcat/9.0.68]
2022-12-17 01:42:40,483 INFO org.apache.juli.logging.DirectJDKLog [main] Initializing Spring embedded WebApplicationContext
2022-12-17 01:42:40,483 INFO org.springframework.boot.web.servlet.context.ServletWebServerApplicationContext [main] Root WebApplicationContext: initialization completed in 546 ms
2022-12-17 01:42:42,889 INFO org.springframework.boot.actuate.endpoint.web.EndpointLinksResolver [main] Exposing 17 endpoint(s) beneath base path '/actuator'
2022-12-17 01:42:42,909 INFO org.apache.juli.logging.DirectJDKLog [main] Starting ProtocolHandler ["http-nio-8088"]
2022-12-17 01:42:42,915 INFO org.springframework.boot.web.embedded.tomcat.TomcatWebServer [main] Tomcat started on port(s): 8088 (http) with context path ''
2022-12-17 01:42:42,926 INFO org.springframework.boot.StartupInfoLogger [main] Started ConfigServerApplication in 3.199 seconds (JVM running for 3.672)
2022-12-17 01:42:43,182 INFO org.apache.juli.logging.DirectJDKLog [RMI TCP Connection(2)-127.0.0.1] Initializing Spring DispatcherServlet 'dispatcherServlet'
2022-12-17 01:42:43,182 INFO org.springframework.web.servlet.FrameworkServlet [RMI TCP Connection(2)-127.0.0.1] Initializing Servlet 'dispatcherServlet'
2022-12-17 01:42:43,183 INFO org.springframework.web.servlet.FrameworkServlet [RMI TCP Connection(2)-127.0.0.1] Completed initialization in 1 ms
2022-12-17 01:42:50,072 INFO org.springframework.cloud.config.server.environment.NativeEnvironmentRepository [http-nio-8088-exec-1] Adding property source: Config resource 'file [/var/folders/jn/hf2789x13h317t7lmz_537sr0000gn/T/config-repo-7439169613603306181/eureka-server.yml]' via location 'file:/var/folders/jn/hf2789x13h317t7lmz_537sr0000gn/T/config-repo-7439169613603306181/'
2022-12-17 01:42:59,143 INFO org.springframework.cloud.config.server.environment.NativeEnvironmentRepository [http-nio-8088-exec-2] Adding property source: Config resource 'file [/var/folders/jn/hf2789x13h317t7lmz_537sr0000gn/T/config-repo-7439169613603306181/banking.yml]' via location 'file:/var/folders/jn/hf2789x13h317t7lmz_537sr0000gn/T/config-repo-7439169613603306181/'
2022-12-17 01:43:25,456 INFO org.springframework.cloud.config.server.environment.NativeEnvironmentRepository [http-nio-8088-exec-4] Adding property source: Config resource 'file [/var/folders/jn/hf2789x13h317t7lmz_537sr0000gn/T/config-repo-7439169613603306181/banking.yml]' via location 'file:/var/folders/jn/hf2789x13h317t7lmz_537sr0000gn/T/config-repo-7439169613603306181/'
2022-12-17 01:44:24,772 INFO org.springframework.cloud.config.server.environment.JGitEnvironmentRepository [http-nio-8088-exec-7] Fetched for remote master and found 1 updates
2022-12-17 01:44:24,784 INFO org.springframework.cloud.config.server.environment.NativeEnvironmentRepository [http-nio-8088-exec-7] Adding property source: Config resource 'file [/var/folders/jn/hf2789x13h317t7lmz_537sr0000gn/T/config-repo-7439169613603306181/banking.yml]' via location 'file:/var/folders/jn/hf2789x13h317t7lmz_537sr0000gn/T/config-repo-7439169613603306181/'
2022-12-17 01:44:52,832 INFO org.springframework.cloud.config.server.environment.NativeEnvironmentRepository [http-nio-8088-exec-9] Adding property source: Config resource 'file [/var/folders/jn/hf2789x13h317t7lmz_537sr0000gn/T/config-repo-7439169613603306181/banking.yml]' via location 'file:/var/folders/jn/hf2789x13h317t7lmz_537sr0000gn/T/config-repo-7439169613603306181/'
2022-12-17 01:46:21,387 INFO org.hibernate.validator.internal.util.Version [background-preinit] HV000001: Hibernate Validator 6.2.5.Final
2022-12-17 01:46:21,394 INFO org.springframework.boot.StartupInfoLogger [main] Starting ConfigServerApplication using Java 17.0.4.1 on hdurmaz.local with PID 17346 (/Users/hdurmaz/IdeaProjects/banking-application-credit-service/config-server/target/classes started by hdurmaz in /Users/hdurmaz/IdeaProjects/banking-application-credit-service)
2022-12-17 01:46:21,394 INFO org.springframework.boot.SpringApplication [main] No active profile set, falling back to 1 default profile: "default"
2022-12-17 01:46:21,756 INFO org.springframework.cloud.context.scope.GenericScope [main] BeanFactory id=d2956422-721a-35ad-af65-091d9cc23ce2
2022-12-17 01:46:21,861 INFO org.springframework.boot.web.embedded.tomcat.TomcatWebServer [main] Tomcat initialized with port(s): 8088 (http)
2022-12-17 01:46:21,865 INFO org.apache.juli.logging.DirectJDKLog [main] Initializing ProtocolHandler ["http-nio-8088"]
2022-12-17 01:46:21,865 INFO org.apache.juli.logging.DirectJDKLog [main] Starting service [Tomcat]
2022-12-17 01:46:21,865 INFO org.apache.juli.logging.DirectJDKLog [main] Starting Servlet engine: [Apache Tomcat/9.0.68]
2022-12-17 01:46:21,903 INFO org.apache.juli.logging.DirectJDKLog [main] Initializing Spring embedded WebApplicationContext
2022-12-17 01:46:21,903 INFO org.springframework.boot.web.servlet.context.ServletWebServerApplicationContext [main] Root WebApplicationContext: initialization completed in 493 ms
2022-12-17 01:46:24,469 INFO org.springframework.boot.actuate.endpoint.web.EndpointLinksResolver [main] Exposing 17 endpoint(s) beneath base path '/actuator'
2022-12-17 01:46:24,489 INFO org.apache.juli.logging.DirectJDKLog [main] Starting ProtocolHandler ["http-nio-8088"]
2022-12-17 01:46:24,495 INFO org.springframework.boot.web.embedded.tomcat.TomcatWebServer [main] Tomcat started on port(s): 8088 (http) with context path ''
2022-12-17 01:46:24,506 INFO org.springframework.boot.StartupInfoLogger [main] Started ConfigServerApplication in 3.345 seconds (JVM running for 3.677)
2022-12-17 01:46:24,651 INFO org.apache.juli.logging.DirectJDKLog [RMI TCP Connection(2)-127.0.0.1] Initializing Spring DispatcherServlet 'dispatcherServlet'
2022-12-17 01:46:24,651 INFO org.springframework.web.servlet.FrameworkServlet [RMI TCP Connection(2)-127.0.0.1] Initializing Servlet 'dispatcherServlet'
2022-12-17 01:46:24,653 INFO org.springframework.web.servlet.FrameworkServlet [RMI TCP Connection(2)-127.0.0.1] Completed initialization in 1 ms
2022-12-17 01:46:29,958 INFO org.springframework.cloud.config.server.environment.NativeEnvironmentRepository [http-nio-8088-exec-1] Adding property source: Config resource 'file [/var/folders/jn/hf2789x13h317t7lmz_537sr0000gn/T/config-repo-14217542623112879850/banking.yml]' via location 'file:/var/folders/jn/hf2789x13h317t7lmz_537sr0000gn/T/config-repo-14217542623112879850/'
2022-12-17 01:47:21,709 INFO org.springframework.cloud.config.server.environment.NativeEnvironmentRepository [http-nio-8088-exec-3] Adding property source: Config resource 'file [/var/folders/jn/hf2789x13h317t7lmz_537sr0000gn/T/config-repo-14217542623112879850/banking.yml]' via location 'file:/var/folders/jn/hf2789x13h317t7lmz_537sr0000gn/T/config-repo-14217542623112879850/'
2022-12-17 02:00:34,916 INFO org.springframework.cloud.config.server.environment.NativeEnvironmentRepository [http-nio-8088-exec-5] Adding property source: Config resource 'file [/var/folders/jn/hf2789x13h317t7lmz_537sr0000gn/T/config-repo-14217542623112879850/banking.yml]' via location 'file:/var/folders/jn/hf2789x13h317t7lmz_537sr0000gn/T/config-repo-14217542623112879850/'
2022-12-17 02:02:03,791 INFO org.springframework.cloud.config.server.environment.JGitEnvironmentRepository [http-nio-8088-exec-7] Fetched for remote master and found 1 updates
2022-12-17 02:02:03,808 INFO org.springframework.cloud.config.server.environment.NativeEnvironmentRepository [http-nio-8088-exec-7] Adding property source: Config resource 'file [/var/folders/jn/hf2789x13h317t7lmz_537sr0000gn/T/config-repo-14217542623112879850/banking.yml]' via location 'file:/var/folders/jn/hf2789x13h317t7lmz_537sr0000gn/T/config-repo-14217542623112879850/'
2022-12-17 02:02:15,602 INFO org.springframework.cloud.config.server.environment.NativeEnvironmentRepository [http-nio-8088-exec-9] Adding property source: Config resource 'file [/var/folders/jn/hf2789x13h317t7lmz_537sr0000gn/T/config-repo-14217542623112879850/api-gateway.yml]' via location 'file:/var/folders/jn/hf2789x13h317t7lmz_537sr0000gn/T/config-repo-14217542623112879850/'
2022-12-17 02:02:16,969 INFO org.springframework.cloud.config.server.environment.NativeEnvironmentRepository [http-nio-8088-exec-1] Adding property source: Config resource 'file [/var/folders/jn/hf2789x13h317t7lmz_537sr0000gn/T/config-repo-14217542623112879850/credit.yml]' via location 'file:/var/folders/jn/hf2789x13h317t7lmz_537sr0000gn/T/config-repo-14217542623112879850/'
2022-12-17 02:02:18,678 INFO org.springframework.cloud.config.server.environment.NativeEnvironmentRepository [http-nio-8088-exec-2] Adding property source: Config resource 'file [/var/folders/jn/hf2789x13h317t7lmz_537sr0000gn/T/config-repo-14217542623112879850/notification.yml]' via location 'file:/var/folders/jn/hf2789x13h317t7lmz_537sr0000gn/T/config-repo-14217542623112879850/'
2022-12-17 02:03:44,029 INFO org.springframework.cloud.config.server.environment.JGitEnvironmentRepository [http-nio-8088-exec-7] Fetched for remote master and found 1 updates
2022-12-17 02:03:45,077 INFO org.springframework.cloud.config.server.environment.NativeEnvironmentRepository [http-nio-8088-exec-10] Adding property source: Config resource 'file [/var/folders/jn/hf2789x13h317t7lmz_537sr0000gn/T/config-repo-14217542623112879850/notification.yml]' via location 'file:/var/folders/jn/hf2789x13h317t7lmz_537sr0000gn/T/config-repo-14217542623112879850/'
2022-12-17 02:03:46,127 INFO org.springframework.cloud.config.server.environment.NativeEnvironmentRepository [http-nio-8088-exec-8] Adding property source: Config resource 'file [/var/folders/jn/hf2789x13h317t7lmz_537sr0000gn/T/config-repo-14217542623112879850/credit.yml]' via location 'file:/var/folders/jn/hf2789x13h317t7lmz_537sr0000gn/T/config-repo-14217542623112879850/'
