2022-12-22 00:33:25,793 INFO org.hibernate.validator.internal.util.Version [background-preinit] HV000001: Hibernate Validator 6.2.5.Final
2022-12-22 00:33:25,807 INFO org.springframework.boot.StartupInfoLogger [main] Starting NotificationApplication using Java 17.0.4.1 on hdurmaz.local with PID 34506 (/Users/hdurmaz/IdeaProjects/banking-application-credit-service/notification/target/classes started by hdurmaz in /Users/hdurmaz/IdeaProjects/banking-application-credit-service)
2022-12-22 00:33:25,808 INFO org.springframework.boot.SpringApplication [main] No active profile set, falling back to 1 default profile: "default"
2022-12-22 00:33:25,829 INFO org.springframework.boot.logging.DeferredLog [main] Fetching config from server at : http://localhost:8088
2022-12-22 00:33:25,830 INFO org.springframework.boot.logging.DeferredLog [main] Located environment: name=notification, profiles=[default], label=null, version=4d380a2eaa422ee25dcd8d97788767010bc7356f, state=null
2022-12-22 00:33:26,468 INFO org.springframework.data.repository.config.RepositoryConfigurationDelegate [main] Bootstrapping Spring Data JPA repositories in DEFAULT mode.
2022-12-22 00:33:26,545 INFO org.springframework.data.repository.config.RepositoryConfigurationDelegate [main] Finished Spring Data repository scanning in 73 ms. Found 1 JPA repository interfaces.
2022-12-22 00:33:26,727 INFO org.springframework.core.log.LogAccessor [main] No bean named 'errorChannel' has been explicitly defined. Therefore, a default PublishSubscribeChannel will be created.
2022-12-22 00:33:26,734 INFO org.springframework.core.log.LogAccessor [main] No bean named 'integrationHeaderChannelRegistry' has been explicitly defined. Therefore, a default DefaultHeaderChannelRegistry will be created.
2022-12-22 00:33:26,794 INFO org.springframework.cloud.context.scope.GenericScope [main] BeanFactory id=36244d16-9a8d-38ac-a3fc-201be1afd638
2022-12-22 00:33:26,969 INFO org.springframework.context.support.PostProcessorRegistrationDelegate$BeanPostProcessorChecker [main] Bean 'org.springframework.integration.config.IntegrationManagementConfiguration' of type [org.springframework.integration.config.IntegrationManagementConfiguration] is not eligible for getting processed by all BeanPostProcessors (for example: not eligible for auto-proxying)
2022-12-22 00:33:26,975 INFO org.springframework.context.support.PostProcessorRegistrationDelegate$BeanPostProcessorChecker [main] Bean 'org.springframework.boot.autoconfigure.integration.IntegrationAutoConfiguration$IntegrationJmxConfiguration' of type [org.springframework.boot.autoconfigure.integration.IntegrationAutoConfiguration$IntegrationJmxConfiguration] is not eligible for getting processed by all BeanPostProcessors (for example: not eligible for auto-proxying)
2022-12-22 00:33:26,979 INFO org.springframework.context.support.PostProcessorRegistrationDelegate$BeanPostProcessorChecker [main] Bean 'org.springframework.cloud.stream.config.BindersHealthIndicatorAutoConfiguration' of type [org.springframework.cloud.stream.config.BindersHealthIndicatorAutoConfiguration] is not eligible for getting processed by all BeanPostProcessors (for example: not eligible for auto-proxying)
2022-12-22 00:33:26,981 INFO org.springframework.context.support.PostProcessorRegistrationDelegate$BeanPostProcessorChecker [main] Bean 'bindersHealthContributor' of type [org.springframework.cloud.stream.config.BindersHealthIndicatorAutoConfiguration$BindersHealthContributor] is not eligible for getting processed by all BeanPostProcessors (for example: not eligible for auto-proxying)
2022-12-22 00:33:26,984 INFO org.springframework.context.support.PostProcessorRegistrationDelegate$BeanPostProcessorChecker [main] Bean 'bindersHealthIndicatorListener' of type [org.springframework.cloud.stream.config.BindersHealthIndicatorAutoConfiguration$BindersHealthIndicatorListener] is not eligible for getting processed by all BeanPostProcessors (for example: not eligible for auto-proxying)
2022-12-22 00:33:26,988 INFO org.springframework.context.support.PostProcessorRegistrationDelegate$BeanPostProcessorChecker [main] Bean 'org.springframework.cloud.stream.binder.rabbit.config.ExtendedBindingHandlerMappingsProviderConfiguration' of type [org.springframework.cloud.stream.binder.rabbit.config.ExtendedBindingHandlerMappingsProviderConfiguration$$EnhancerBySpringCGLIB$$4b51513e] is not eligible for getting processed by all BeanPostProcessors (for example: not eligible for auto-proxying)
2022-12-22 00:33:26,993 INFO org.springframework.context.support.PostProcessorRegistrationDelegate$BeanPostProcessorChecker [main] Bean 'rabbitExtendedPropertiesDefaultMappingsProvider' of type [org.springframework.cloud.stream.binder.rabbit.config.ExtendedBindingHandlerMappingsProviderConfiguration$$Lambda$716/0x00000008011e2d80] is not eligible for getting processed by all BeanPostProcessors (for example: not eligible for auto-proxying)
2022-12-22 00:33:26,996 INFO org.springframework.context.support.PostProcessorRegistrationDelegate$BeanPostProcessorChecker [main] Bean 'BindingHandlerAdvise' of type [org.springframework.cloud.stream.config.BindingHandlerAdvise] is not eligible for getting processed by all BeanPostProcessors (for example: not eligible for auto-proxying)
2022-12-22 00:33:26,997 INFO org.springframework.context.support.PostProcessorRegistrationDelegate$BeanPostProcessorChecker [main] Bean 'org.springframework.cloud.commons.config.CommonsConfigAutoConfiguration' of type [org.springframework.cloud.commons.config.CommonsConfigAutoConfiguration] is not eligible for getting processed by all BeanPostProcessors (for example: not eligible for auto-proxying)
2022-12-22 00:33:26,998 INFO org.springframework.context.support.PostProcessorRegistrationDelegate$BeanPostProcessorChecker [main] Bean 'org.springframework.cloud.client.loadbalancer.LoadBalancerDefaultMappingsProviderAutoConfiguration' of type [org.springframework.cloud.client.loadbalancer.LoadBalancerDefaultMappingsProviderAutoConfiguration] is not eligible for getting processed by all BeanPostProcessors (for example: not eligible for auto-proxying)
2022-12-22 00:33:26,999 INFO org.springframework.context.support.PostProcessorRegistrationDelegate$BeanPostProcessorChecker [main] Bean 'loadBalancerClientsDefaultsMappingsProvider' of type [org.springframework.cloud.client.loadbalancer.LoadBalancerDefaultMappingsProviderAutoConfiguration$$Lambda$717/0x00000008011e2fa0] is not eligible for getting processed by all BeanPostProcessors (for example: not eligible for auto-proxying)
2022-12-22 00:33:27,001 INFO org.springframework.context.support.PostProcessorRegistrationDelegate$BeanPostProcessorChecker [main] Bean 'defaultsBindHandlerAdvisor' of type [org.springframework.cloud.commons.config.DefaultsBindHandlerAdvisor] is not eligible for getting processed by all BeanPostProcessors (for example: not eligible for auto-proxying)
2022-12-22 00:33:27,006 INFO org.springframework.context.support.PostProcessorRegistrationDelegate$BeanPostProcessorChecker [main] Bean 'spelConverter' of type [org.springframework.cloud.stream.config.SpelExpressionConverterConfiguration$SpelConverter] is not eligible for getting processed by all BeanPostProcessors (for example: not eligible for auto-proxying)
2022-12-22 00:33:27,009 INFO org.springframework.context.support.PostProcessorRegistrationDelegate$BeanPostProcessorChecker [main] Bean 'spring.jmx-org.springframework.boot.autoconfigure.jmx.JmxProperties' of type [org.springframework.boot.autoconfigure.jmx.JmxProperties] is not eligible for getting processed by all BeanPostProcessors (for example: not eligible for auto-proxying)
2022-12-22 00:33:27,013 INFO org.springframework.context.support.PostProcessorRegistrationDelegate$BeanPostProcessorChecker [main] Bean 'org.springframework.boot.autoconfigure.jmx.JmxAutoConfiguration' of type [org.springframework.boot.autoconfigure.jmx.JmxAutoConfiguration] is not eligible for getting processed by all BeanPostProcessors (for example: not eligible for auto-proxying)
2022-12-22 00:33:27,015 INFO org.springframework.context.support.PostProcessorRegistrationDelegate$BeanPostProcessorChecker [main] Bean 'mbeanServer' of type [com.sun.jmx.mbeanserver.JmxMBeanServer] is not eligible for getting processed by all BeanPostProcessors (for example: not eligible for auto-proxying)
2022-12-22 00:33:27,029 INFO org.springframework.context.support.PostProcessorRegistrationDelegate$BeanPostProcessorChecker [main] Bean 'integrationChannelResolver' of type [org.springframework.integration.support.channel.BeanFactoryChannelResolver] is not eligible for getting processed by all BeanPostProcessors (for example: not eligible for auto-proxying)
2022-12-22 00:33:27,164 INFO org.springframework.boot.web.embedded.tomcat.TomcatWebServer [main] Tomcat initialized with port(s): 8082 (http)
2022-12-22 00:33:27,167 INFO org.apache.juli.logging.DirectJDKLog [main] Initializing ProtocolHandler ["http-nio-8082"]
2022-12-22 00:33:27,167 INFO org.apache.juli.logging.DirectJDKLog [main] Starting service [Tomcat]
2022-12-22 00:33:27,167 INFO org.apache.juli.logging.DirectJDKLog [main] Starting Servlet engine: [Apache Tomcat/9.0.68]
2022-12-22 00:33:27,217 INFO org.apache.juli.logging.DirectJDKLog [main] Initializing Spring embedded WebApplicationContext
2022-12-22 00:33:27,217 INFO org.springframework.boot.web.servlet.context.ServletWebServerApplicationContext [main] Root WebApplicationContext: initialization completed in 1386 ms
2022-12-22 00:33:28,015 INFO org.hibernate.jpa.internal.util.LogHelper [main] HHH000204: Processing PersistenceUnitInfo [name: default]
2022-12-22 00:33:28,032 INFO org.hibernate.Version [main] HHH000412: Hibernate ORM core version 5.6.12.Final
2022-12-22 00:33:28,086 INFO org.hibernate.annotations.common.reflection.java.JavaReflectionManager [main] HCANN000001: Hibernate Commons Annotations {5.1.2.Final}
2022-12-22 00:33:28,124 INFO com.zaxxer.hikari.HikariDataSource [main] HikariPool-1 - Starting...
2022-12-22 00:33:28,813 INFO com.zaxxer.hikari.HikariDataSource [main] HikariPool-1 - Start completed.
2022-12-22 00:33:28,828 INFO org.hibernate.dialect.Dialect [main] HHH000400: Using dialect: org.hibernate.dialect.PostgreSQLDialect
2022-12-22 00:33:29,453 INFO org.hibernate.engine.transaction.jta.platform.internal.JtaPlatformInitiator [main] HHH000490: Using JtaPlatform implementation: [org.hibernate.engine.transaction.jta.platform.internal.NoJtaPlatform]
2022-12-22 00:33:29,456 INFO org.springframework.orm.jpa.AbstractEntityManagerFactoryBean [main] Initialized JPA EntityManagerFactory for persistence unit 'default'
2022-12-22 00:33:29,789 WARN org.springframework.boot.autoconfigure.orm.jpa.JpaBaseConfiguration$JpaWebConfiguration [main] spring.jpa.open-in-view is enabled by default. Therefore, database queries may be performed during view rendering. Explicitly configure spring.jpa.open-in-view to disable this warning
2022-12-22 00:33:30,423 INFO org.springframework.core.log.LogAccessor [main] Channel 'notification.springCloudBusInput' has 1 subscriber(s).
2022-12-22 00:33:30,563 INFO org.springframework.cloud.netflix.eureka.config.DiscoveryClientOptionalArgsConfiguration [main] Eureka HTTP Client uses RestTemplate.
2022-12-22 00:33:30,640 WARN org.springframework.cloud.loadbalancer.config.LoadBalancerCacheAutoConfiguration$LoadBalancerCaffeineWarnLogger [main] Spring Cloud LoadBalancer is currently working with the default cache. While this cache implementation is useful for development and tests, it's recommended to use Caffeine cache in production.You can switch to using Caffeine cache, by adding it and org.springframework.cache.caffeine.CaffeineCacheManager to the classpath.
2022-12-22 00:33:30,687 INFO org.springframework.boot.actuate.endpoint.web.EndpointLinksResolver [main] Exposing 25 endpoint(s) beneath base path '/actuator'
2022-12-22 00:33:30,832 INFO org.springframework.integration.monitor.IntegrationMBeanExporter [main] Registering MessageChannel errorChannel
2022-12-22 00:33:30,850 INFO org.springframework.integration.monitor.IntegrationMBeanExporter [main] Registering MessageChannel springCloudBusInput
2022-12-22 00:33:30,861 INFO org.springframework.integration.monitor.IntegrationMBeanExporter [main] Registering MessageChannel nullChannel
2022-12-22 00:33:30,868 INFO org.springframework.integration.monitor.IntegrationMBeanExporter [main] Registering MessageHandler _org.springframework.integration.errorLogger
2022-12-22 00:33:30,886 INFO org.springframework.core.log.LogAccessor [main] Adding {logging-channel-adapter:_org.springframework.integration.errorLogger} as a subscriber to the 'errorChannel' channel
2022-12-22 00:33:30,886 INFO org.springframework.core.log.LogAccessor [main] Channel 'notification.errorChannel' has 1 subscriber(s).
2022-12-22 00:33:30,887 INFO org.springframework.core.log.LogAccessor [main] started bean '_org.springframework.integration.errorLogger'
2022-12-22 00:33:30,892 INFO org.springframework.cloud.netflix.eureka.InstanceInfoFactory [main] Setting initial instance status as: STARTING
2022-12-22 00:33:30,907 INFO com.netflix.discovery.DiscoveryClient [main] Initializing Eureka in region us-east-1
2022-12-22 00:33:30,910 INFO com.netflix.discovery.shared.resolver.aws.ConfigClusterResolver [main] Resolving eureka endpoints via configuration
2022-12-22 00:33:30,920 INFO com.netflix.discovery.DiscoveryClient [main] Disable delta property : false
2022-12-22 00:33:30,921 INFO com.netflix.discovery.DiscoveryClient [main] Single vip registry refresh property : null
2022-12-22 00:33:30,921 INFO com.netflix.discovery.DiscoveryClient [main] Force full registry fetch : false
2022-12-22 00:33:30,921 INFO com.netflix.discovery.DiscoveryClient [main] Application is null : false
2022-12-22 00:33:30,921 INFO com.netflix.discovery.DiscoveryClient [main] Registered Applications size is zero : true
2022-12-22 00:33:30,921 INFO com.netflix.discovery.DiscoveryClient [main] Application version is -1: true
2022-12-22 00:33:30,921 INFO com.netflix.discovery.DiscoveryClient [main] Getting all instance registry info from the eureka server
2022-12-22 00:33:30,982 INFO com.netflix.discovery.DiscoveryClient [main] The response status is 200
2022-12-22 00:33:30,983 INFO com.netflix.discovery.DiscoveryClient [main] Starting heartbeat executor: renew interval is: 30
2022-12-22 00:33:30,991 INFO com.netflix.discovery.InstanceInfoReplicator [main] InstanceInfoReplicator onDemand update allowed rate per min is 4
2022-12-22 00:33:30,992 INFO com.netflix.discovery.DiscoveryClient [main] Discovery Client initialized at timestamp 1671658410992 with initial instances count: 3
2022-12-22 00:33:30,997 INFO org.springframework.cloud.netflix.eureka.serviceregistry.EurekaServiceRegistry [main] Registering application NOTIFICATION with eureka with status UP
2022-12-22 00:33:30,998 INFO com.netflix.discovery.DiscoveryClient$3 [main] Saw local status change event StatusChangeEvent [timestamp=1671658410998, current=UP, previous=STARTING]
2022-12-22 00:33:30,998 INFO com.netflix.discovery.DiscoveryClient [DiscoveryClient-InstanceInfoReplicator-0] DiscoveryClient_NOTIFICATION/192.168.1.7:notification:8082: registering service...
2022-12-22 00:33:31,015 INFO com.netflix.discovery.DiscoveryClient [DiscoveryClient-InstanceInfoReplicator-0] DiscoveryClient_NOTIFICATION/192.168.1.7:notification:8082 - registration status: 204
2022-12-22 00:33:31,069 INFO org.springframework.cloud.stream.binder.rabbit.provisioning.RabbitExchangeQueueProvisioner [main] declaring queue for inbound: springCloudBus.anonymous.OKBb-4m4RtGWWQYybHVayg, bound to: springCloudBus
2022-12-22 00:33:31,072 INFO org.springframework.amqp.rabbit.connection.AbstractConnectionFactory [main] Attempting to connect to: [localhost:5672]
2022-12-22 00:33:31,099 INFO org.springframework.amqp.rabbit.connection.AbstractConnectionFactory [main] Created new connection: rabbitConnectionFactory#440d2d64:0/SimpleConnection@50f71f48 [delegate=amqp://guest@127.0.0.1:5672/, localPort= 56711]
2022-12-22 00:33:31,147 INFO org.springframework.core.log.LogAccessor [main] Channel 'springCloudBus.anonymous.OKBb-4m4RtGWWQYybHVayg.errors' has 1 subscriber(s).
2022-12-22 00:33:31,147 INFO org.springframework.core.log.LogAccessor [main] Channel 'springCloudBus.anonymous.OKBb-4m4RtGWWQYybHVayg.errors' has 2 subscriber(s).
2022-12-22 00:33:31,157 INFO org.springframework.core.log.LogAccessor [main] started bean 'inbound.springCloudBus.anonymous.OKBb-4m4RtGWWQYybHVayg'
2022-12-22 00:33:31,158 INFO org.apache.juli.logging.DirectJDKLog [main] Starting ProtocolHandler ["http-nio-8082"]
2022-12-22 00:33:31,171 INFO org.springframework.boot.web.embedded.tomcat.TomcatWebServer [main] Tomcat started on port(s): 8082 (http) with context path ''
2022-12-22 00:33:31,171 INFO org.springframework.cloud.netflix.eureka.serviceregistry.EurekaAutoServiceRegistration [main] Updating port to 8082
2022-12-22 00:33:31,192 INFO org.springframework.integration.monitor.IntegrationMBeanExporter [main] Registering MessageChannel springCloudBus.anonymous.OKBb-4m4RtGWWQYybHVayg.errors
2022-12-22 00:33:31,245 INFO org.springframework.boot.StartupInfoLogger [main] Started NotificationApplication in 11.004 seconds (JVM running for 11.463)
2022-12-22 00:33:31,654 INFO org.apache.juli.logging.DirectJDKLog [RMI TCP Connection(3)-127.0.0.1] Initializing Spring DispatcherServlet 'dispatcherServlet'
2022-12-22 00:33:31,654 INFO org.springframework.web.servlet.FrameworkServlet [RMI TCP Connection(3)-127.0.0.1] Initializing Servlet 'dispatcherServlet'
2022-12-22 00:33:31,656 INFO org.springframework.web.servlet.FrameworkServlet [RMI TCP Connection(3)-127.0.0.1] Completed initialization in 2 ms
2022-12-22 00:36:32,990 INFO tech.hdurmaz.notification.rabbitmq.NotificationConsumer [org.springframework.amqp.rabbit.RabbitListenerEndpointContainer#0-1] Consumed NotificationRequest[identityNumber=, toCustomerName=Customer identity number: 363636363631, message=Kredi sonucunuz: 25000] from queue.
2022-12-22 00:36:43,931 INFO tech.hdurmaz.notification.rabbitmq.NotificationConsumer [org.springframework.amqp.rabbit.RabbitListenerEndpointContainer#0-1] Consumed NotificationRequest[identityNumber=, toCustomerName=Customer identity number: 363636363631, message=Kredi sonucunuz: 25000] from queue.
2022-12-22 00:37:20,711 INFO tech.hdurmaz.notification.rabbitmq.NotificationConsumer [org.springframework.amqp.rabbit.RabbitListenerEndpointContainer#0-1] Consumed NotificationRequest[identityNumber=, toCustomerName=Customer identity number: 363636363631, message=Kredi sonucunuz: 25000] from queue.
2022-12-22 00:37:20,923 INFO tech.hdurmaz.notification.rabbitmq.NotificationConsumer [org.springframework.amqp.rabbit.RabbitListenerEndpointContainer#0-1] Consumed NotificationRequest[identityNumber=, toCustomerName=Customer identity number: 363636363631, message=Kredi sonucunuz: 25000] from queue.
2022-12-22 00:37:22,080 INFO tech.hdurmaz.notification.rabbitmq.NotificationConsumer [org.springframework.amqp.rabbit.RabbitListenerEndpointContainer#0-1] Consumed NotificationRequest[identityNumber=, toCustomerName=Customer identity number: 363636363631, message=Kredi sonucunuz: 25000] from queue.
2022-12-22 00:37:23,024 INFO tech.hdurmaz.notification.rabbitmq.NotificationConsumer [org.springframework.amqp.rabbit.RabbitListenerEndpointContainer#0-1] Consumed NotificationRequest[identityNumber=, toCustomerName=Customer identity number: 363636363631, message=Kredi sonucunuz: 25000] from queue.
2022-12-22 00:37:56,869 INFO org.springframework.cloud.sleuth.autoconfig.zipkin2.ZipkinAutoConfiguration$1 [Thread-2] Flushing remaining spans on shutdown
2022-12-22 00:37:56,880 INFO org.springframework.cloud.netflix.eureka.serviceregistry.EurekaServiceRegistry [SpringApplicationShutdownHook] Unregistering application NOTIFICATION with eureka with status DOWN
2022-12-22 00:37:56,880 INFO com.netflix.discovery.DiscoveryClient$3 [SpringApplicationShutdownHook] Saw local status change event StatusChangeEvent [timestamp=1671658676880, current=DOWN, previous=UP]
2022-12-22 00:37:56,881 INFO com.netflix.discovery.DiscoveryClient [DiscoveryClient-InstanceInfoReplicator-0] DiscoveryClient_NOTIFICATION/192.168.1.7:notification:8082: registering service...
2022-12-22 00:37:56,894 INFO com.netflix.discovery.DiscoveryClient [DiscoveryClient-InstanceInfoReplicator-0] DiscoveryClient_NOTIFICATION/192.168.1.7:notification:8082 - registration status: 204
2022-12-22 00:37:56,906 INFO org.springframework.amqp.rabbit.listener.SimpleMessageListenerContainer [org.springframework.amqp.rabbit.RabbitListenerEndpointContainer#0-2] Waiting for workers to finish.
2022-12-22 00:37:57,324 INFO org.springframework.amqp.rabbit.listener.SimpleMessageListenerContainer [org.springframework.amqp.rabbit.RabbitListenerEndpointContainer#0-2] Successfully waited for workers to finish.
2022-12-22 00:37:57,346 INFO org.springframework.amqp.rabbit.listener.SimpleMessageListenerContainer [SpringApplicationShutdownHook] Waiting for workers to finish.
2022-12-22 00:37:58,059 INFO org.springframework.amqp.rabbit.listener.SimpleMessageListenerContainer [SpringApplicationShutdownHook] Successfully waited for workers to finish.
2022-12-22 00:37:58,060 INFO org.springframework.core.log.LogAccessor [SpringApplicationShutdownHook] stopped bean 'inbound.springCloudBus.anonymous.OKBb-4m4RtGWWQYybHVayg'
2022-12-22 00:37:58,081 INFO org.springframework.core.log.LogAccessor [SpringApplicationShutdownHook] Channel 'notification.springCloudBus.anonymous.OKBb-4m4RtGWWQYybHVayg.errors' has 1 subscriber(s).
2022-12-22 00:37:58,089 INFO org.springframework.core.log.LogAccessor [SpringApplicationShutdownHook] Removing {logging-channel-adapter:_org.springframework.integration.errorLogger} as a subscriber to the 'errorChannel' channel
2022-12-22 00:37:58,089 INFO org.springframework.core.log.LogAccessor [SpringApplicationShutdownHook] Channel 'notification.errorChannel' has 0 subscriber(s).
2022-12-22 00:37:58,089 INFO org.springframework.core.log.LogAccessor [SpringApplicationShutdownHook] stopped bean '_org.springframework.integration.errorLogger'
2022-12-22 00:37:58,096 INFO org.springframework.amqp.rabbit.listener.SimpleMessageListenerContainer [SpringApplicationShutdownHook] Shutdown ignored - container is already stopped
2022-12-22 00:37:58,101 INFO org.springframework.orm.jpa.AbstractEntityManagerFactoryBean [SpringApplicationShutdownHook] Closing JPA EntityManagerFactory for persistence unit 'default'
2022-12-22 00:37:58,252 INFO com.zaxxer.hikari.HikariDataSource [SpringApplicationShutdownHook] HikariPool-1 - Shutdown initiated...
2022-12-22 00:37:58,255 INFO com.zaxxer.hikari.HikariDataSource [SpringApplicationShutdownHook] HikariPool-1 - Shutdown completed.
2022-12-22 00:37:58,256 INFO com.netflix.discovery.DiscoveryClient [SpringApplicationShutdownHook] Shutting down DiscoveryClient ...
2022-12-22 00:38:01,262 WARN com.netflix.discovery.TimedSupervisorTask [DiscoveryClient-0] task supervisor shutting down, can't accept the task
2022-12-22 00:38:01,264 INFO com.netflix.discovery.DiscoveryClient [SpringApplicationShutdownHook] Unregistering ...
2022-12-22 00:38:01,276 INFO com.netflix.discovery.DiscoveryClient [SpringApplicationShutdownHook] DiscoveryClient_NOTIFICATION/192.168.1.7:notification:8082 - deregister  status: 200
2022-12-22 00:38:01,281 INFO com.netflix.discovery.DiscoveryClient [SpringApplicationShutdownHook] Completed shut down of DiscoveryClient
2022-12-22 00:38:04,713 INFO org.hibernate.validator.internal.util.Version [background-preinit] HV000001: Hibernate Validator 6.2.5.Final
2022-12-22 00:38:04,716 INFO org.springframework.boot.StartupInfoLogger [main] Starting NotificationApplication using Java 17.0.4.1 on hdurmaz.local with PID 35062 (/Users/hdurmaz/IdeaProjects/banking-application-credit-service/notification/target/classes started by hdurmaz in /Users/hdurmaz/IdeaProjects/banking-application-credit-service)
2022-12-22 00:38:04,717 INFO org.springframework.boot.SpringApplication [main] No active profile set, falling back to 1 default profile: "default"
2022-12-22 00:38:04,730 INFO org.springframework.boot.logging.DeferredLog [main] Fetching config from server at : http://localhost:8088
2022-12-22 00:38:04,731 INFO org.springframework.boot.logging.DeferredLog [main] Located environment: name=notification, profiles=[default], label=null, version=4d380a2eaa422ee25dcd8d97788767010bc7356f, state=null
2022-12-22 00:38:05,225 INFO org.springframework.data.repository.config.RepositoryConfigurationDelegate [main] Bootstrapping Spring Data JPA repositories in DEFAULT mode.
2022-12-22 00:38:05,288 INFO org.springframework.data.repository.config.RepositoryConfigurationDelegate [main] Finished Spring Data repository scanning in 59 ms. Found 1 JPA repository interfaces.
2022-12-22 00:38:05,456 INFO org.springframework.core.log.LogAccessor [main] No bean named 'errorChannel' has been explicitly defined. Therefore, a default PublishSubscribeChannel will be created.
2022-12-22 00:38:05,462 INFO org.springframework.core.log.LogAccessor [main] No bean named 'integrationHeaderChannelRegistry' has been explicitly defined. Therefore, a default DefaultHeaderChannelRegistry will be created.
2022-12-22 00:38:05,504 INFO org.springframework.cloud.context.scope.GenericScope [main] BeanFactory id=36244d16-9a8d-38ac-a3fc-201be1afd638
2022-12-22 00:38:05,661 INFO org.springframework.context.support.PostProcessorRegistrationDelegate$BeanPostProcessorChecker [main] Bean 'org.springframework.integration.config.IntegrationManagementConfiguration' of type [org.springframework.integration.config.IntegrationManagementConfiguration] is not eligible for getting processed by all BeanPostProcessors (for example: not eligible for auto-proxying)
2022-12-22 00:38:05,666 INFO org.springframework.context.support.PostProcessorRegistrationDelegate$BeanPostProcessorChecker [main] Bean 'org.springframework.boot.autoconfigure.integration.IntegrationAutoConfiguration$IntegrationJmxConfiguration' of type [org.springframework.boot.autoconfigure.integration.IntegrationAutoConfiguration$IntegrationJmxConfiguration] is not eligible for getting processed by all BeanPostProcessors (for example: not eligible for auto-proxying)
2022-12-22 00:38:05,671 INFO org.springframework.context.support.PostProcessorRegistrationDelegate$BeanPostProcessorChecker [main] Bean 'org.springframework.cloud.stream.config.BindersHealthIndicatorAutoConfiguration' of type [org.springframework.cloud.stream.config.BindersHealthIndicatorAutoConfiguration] is not eligible for getting processed by all BeanPostProcessors (for example: not eligible for auto-proxying)
2022-12-22 00:38:05,672 INFO org.springframework.context.support.PostProcessorRegistrationDelegate$BeanPostProcessorChecker [main] Bean 'bindersHealthContributor' of type [org.springframework.cloud.stream.config.BindersHealthIndicatorAutoConfiguration$BindersHealthContributor] is not eligible for getting processed by all BeanPostProcessors (for example: not eligible for auto-proxying)
2022-12-22 00:38:05,675 INFO org.springframework.context.support.PostProcessorRegistrationDelegate$BeanPostProcessorChecker [main] Bean 'bindersHealthIndicatorListener' of type [org.springframework.cloud.stream.config.BindersHealthIndicatorAutoConfiguration$BindersHealthIndicatorListener] is not eligible for getting processed by all BeanPostProcessors (for example: not eligible for auto-proxying)
2022-12-22 00:38:05,679 INFO org.springframework.context.support.PostProcessorRegistrationDelegate$BeanPostProcessorChecker [main] Bean 'org.springframework.cloud.stream.binder.rabbit.config.ExtendedBindingHandlerMappingsProviderConfiguration' of type [org.springframework.cloud.stream.binder.rabbit.config.ExtendedBindingHandlerMappingsProviderConfiguration$$EnhancerBySpringCGLIB$$f8007d84] is not eligible for getting processed by all BeanPostProcessors (for example: not eligible for auto-proxying)
2022-12-22 00:38:05,684 INFO org.springframework.context.support.PostProcessorRegistrationDelegate$BeanPostProcessorChecker [main] Bean 'rabbitExtendedPropertiesDefaultMappingsProvider' of type [org.springframework.cloud.stream.binder.rabbit.config.ExtendedBindingHandlerMappingsProviderConfiguration$$Lambda$716/0x00000008011e2988] is not eligible for getting processed by all BeanPostProcessors (for example: not eligible for auto-proxying)
2022-12-22 00:38:05,687 INFO org.springframework.context.support.PostProcessorRegistrationDelegate$BeanPostProcessorChecker [main] Bean 'BindingHandlerAdvise' of type [org.springframework.cloud.stream.config.BindingHandlerAdvise] is not eligible for getting processed by all BeanPostProcessors (for example: not eligible for auto-proxying)
2022-12-22 00:38:05,688 INFO org.springframework.context.support.PostProcessorRegistrationDelegate$BeanPostProcessorChecker [main] Bean 'org.springframework.cloud.commons.config.CommonsConfigAutoConfiguration' of type [org.springframework.cloud.commons.config.CommonsConfigAutoConfiguration] is not eligible for getting processed by all BeanPostProcessors (for example: not eligible for auto-proxying)
2022-12-22 00:38:05,689 INFO org.springframework.context.support.PostProcessorRegistrationDelegate$BeanPostProcessorChecker [main] Bean 'org.springframework.cloud.client.loadbalancer.LoadBalancerDefaultMappingsProviderAutoConfiguration' of type [org.springframework.cloud.client.loadbalancer.LoadBalancerDefaultMappingsProviderAutoConfiguration] is not eligible for getting processed by all BeanPostProcessors (for example: not eligible for auto-proxying)
2022-12-22 00:38:05,690 INFO org.springframework.context.support.PostProcessorRegistrationDelegate$BeanPostProcessorChecker [main] Bean 'loadBalancerClientsDefaultsMappingsProvider' of type [org.springframework.cloud.client.loadbalancer.LoadBalancerDefaultMappingsProviderAutoConfiguration$$Lambda$717/0x00000008011e2ba8] is not eligible for getting processed by all BeanPostProcessors (for example: not eligible for auto-proxying)
2022-12-22 00:38:05,692 INFO org.springframework.context.support.PostProcessorRegistrationDelegate$BeanPostProcessorChecker [main] Bean 'defaultsBindHandlerAdvisor' of type [org.springframework.cloud.commons.config.DefaultsBindHandlerAdvisor] is not eligible for getting processed by all BeanPostProcessors (for example: not eligible for auto-proxying)
2022-12-22 00:38:05,697 INFO org.springframework.context.support.PostProcessorRegistrationDelegate$BeanPostProcessorChecker [main] Bean 'spelConverter' of type [org.springframework.cloud.stream.config.SpelExpressionConverterConfiguration$SpelConverter] is not eligible for getting processed by all BeanPostProcessors (for example: not eligible for auto-proxying)
2022-12-22 00:38:05,700 INFO org.springframework.context.support.PostProcessorRegistrationDelegate$BeanPostProcessorChecker [main] Bean 'spring.jmx-org.springframework.boot.autoconfigure.jmx.JmxProperties' of type [org.springframework.boot.autoconfigure.jmx.JmxProperties] is not eligible for getting processed by all BeanPostProcessors (for example: not eligible for auto-proxying)
2022-12-22 00:38:05,703 INFO org.springframework.context.support.PostProcessorRegistrationDelegate$BeanPostProcessorChecker [main] Bean 'org.springframework.boot.autoconfigure.jmx.JmxAutoConfiguration' of type [org.springframework.boot.autoconfigure.jmx.JmxAutoConfiguration] is not eligible for getting processed by all BeanPostProcessors (for example: not eligible for auto-proxying)
2022-12-22 00:38:05,705 INFO org.springframework.context.support.PostProcessorRegistrationDelegate$BeanPostProcessorChecker [main] Bean 'mbeanServer' of type [com.sun.jmx.mbeanserver.JmxMBeanServer] is not eligible for getting processed by all BeanPostProcessors (for example: not eligible for auto-proxying)
2022-12-22 00:38:05,721 INFO org.springframework.context.support.PostProcessorRegistrationDelegate$BeanPostProcessorChecker [main] Bean 'integrationChannelResolver' of type [org.springframework.integration.support.channel.BeanFactoryChannelResolver] is not eligible for getting processed by all BeanPostProcessors (for example: not eligible for auto-proxying)
2022-12-22 00:38:05,863 INFO org.springframework.boot.web.embedded.tomcat.TomcatWebServer [main] Tomcat initialized with port(s): 8082 (http)
2022-12-22 00:38:05,867 INFO org.apache.juli.logging.DirectJDKLog [main] Initializing ProtocolHandler ["http-nio-8082"]
2022-12-22 00:38:05,868 INFO org.apache.juli.logging.DirectJDKLog [main] Starting service [Tomcat]
2022-12-22 00:38:05,868 INFO org.apache.juli.logging.DirectJDKLog [main] Starting Servlet engine: [Apache Tomcat/9.0.68]
2022-12-22 00:38:05,933 INFO org.apache.juli.logging.DirectJDKLog [main] Initializing Spring embedded WebApplicationContext
2022-12-22 00:38:05,933 INFO org.springframework.boot.web.servlet.context.ServletWebServerApplicationContext [main] Root WebApplicationContext: initialization completed in 1202 ms
2022-12-22 00:38:06,768 INFO org.hibernate.jpa.internal.util.LogHelper [main] HHH000204: Processing PersistenceUnitInfo [name: default]
2022-12-22 00:38:06,788 INFO org.hibernate.Version [main] HHH000412: Hibernate ORM core version 5.6.12.Final
2022-12-22 00:38:06,844 INFO org.hibernate.annotations.common.reflection.java.JavaReflectionManager [main] HCANN000001: Hibernate Commons Annotations {5.1.2.Final}
2022-12-22 00:38:06,885 INFO com.zaxxer.hikari.HikariDataSource [main] HikariPool-1 - Starting...
2022-12-22 00:38:07,899 INFO com.zaxxer.hikari.HikariDataSource [main] HikariPool-1 - Start completed.
2022-12-22 00:38:07,915 INFO org.hibernate.dialect.Dialect [main] HHH000400: Using dialect: org.hibernate.dialect.PostgreSQLDialect
2022-12-22 00:38:08,545 INFO org.hibernate.engine.transaction.jta.platform.internal.JtaPlatformInitiator [main] HHH000490: Using JtaPlatform implementation: [org.hibernate.engine.transaction.jta.platform.internal.NoJtaPlatform]
2022-12-22 00:38:08,550 INFO org.springframework.orm.jpa.AbstractEntityManagerFactoryBean [main] Initialized JPA EntityManagerFactory for persistence unit 'default'
2022-12-22 00:38:08,808 WARN org.springframework.boot.autoconfigure.orm.jpa.JpaBaseConfiguration$JpaWebConfiguration [main] spring.jpa.open-in-view is enabled by default. Therefore, database queries may be performed during view rendering. Explicitly configure spring.jpa.open-in-view to disable this warning
2022-12-22 00:38:09,358 INFO org.springframework.core.log.LogAccessor [main] Channel 'notification.springCloudBusInput' has 1 subscriber(s).
2022-12-22 00:38:09,489 INFO org.springframework.cloud.netflix.eureka.config.DiscoveryClientOptionalArgsConfiguration [main] Eureka HTTP Client uses RestTemplate.
2022-12-22 00:38:09,568 WARN org.springframework.cloud.loadbalancer.config.LoadBalancerCacheAutoConfiguration$LoadBalancerCaffeineWarnLogger [main] Spring Cloud LoadBalancer is currently working with the default cache. While this cache implementation is useful for development and tests, it's recommended to use Caffeine cache in production.You can switch to using Caffeine cache, by adding it and org.springframework.cache.caffeine.CaffeineCacheManager to the classpath.
2022-12-22 00:38:09,609 INFO org.springframework.boot.actuate.endpoint.web.EndpointLinksResolver [main] Exposing 25 endpoint(s) beneath base path '/actuator'
2022-12-22 00:38:09,751 INFO org.springframework.integration.monitor.IntegrationMBeanExporter [main] Registering MessageChannel errorChannel
2022-12-22 00:38:09,769 INFO org.springframework.integration.monitor.IntegrationMBeanExporter [main] Registering MessageChannel springCloudBusInput
2022-12-22 00:38:09,781 INFO org.springframework.integration.monitor.IntegrationMBeanExporter [main] Registering MessageChannel nullChannel
2022-12-22 00:38:09,788 INFO org.springframework.integration.monitor.IntegrationMBeanExporter [main] Registering MessageHandler _org.springframework.integration.errorLogger
2022-12-22 00:38:09,807 INFO org.springframework.core.log.LogAccessor [main] Adding {logging-channel-adapter:_org.springframework.integration.errorLogger} as a subscriber to the 'errorChannel' channel
2022-12-22 00:38:09,807 INFO org.springframework.core.log.LogAccessor [main] Channel 'notification.errorChannel' has 1 subscriber(s).
2022-12-22 00:38:09,807 INFO org.springframework.core.log.LogAccessor [main] started bean '_org.springframework.integration.errorLogger'
2022-12-22 00:38:09,812 INFO org.springframework.cloud.netflix.eureka.InstanceInfoFactory [main] Setting initial instance status as: STARTING
2022-12-22 00:38:09,828 INFO com.netflix.discovery.DiscoveryClient [main] Initializing Eureka in region us-east-1
2022-12-22 00:38:09,830 INFO com.netflix.discovery.shared.resolver.aws.ConfigClusterResolver [main] Resolving eureka endpoints via configuration
2022-12-22 00:38:09,839 INFO com.netflix.discovery.DiscoveryClient [main] Disable delta property : false
2022-12-22 00:38:09,839 INFO com.netflix.discovery.DiscoveryClient [main] Single vip registry refresh property : null
2022-12-22 00:38:09,839 INFO com.netflix.discovery.DiscoveryClient [main] Force full registry fetch : false
2022-12-22 00:38:09,839 INFO com.netflix.discovery.DiscoveryClient [main] Application is null : false
2022-12-22 00:38:09,839 INFO com.netflix.discovery.DiscoveryClient [main] Registered Applications size is zero : true
2022-12-22 00:38:09,839 INFO com.netflix.discovery.DiscoveryClient [main] Application version is -1: true
2022-12-22 00:38:09,839 INFO com.netflix.discovery.DiscoveryClient [main] Getting all instance registry info from the eureka server
2022-12-22 00:38:09,907 INFO com.netflix.discovery.DiscoveryClient [main] The response status is 200
2022-12-22 00:38:09,908 INFO com.netflix.discovery.DiscoveryClient [main] Starting heartbeat executor: renew interval is: 30
2022-12-22 00:38:09,909 INFO com.netflix.discovery.InstanceInfoReplicator [main] InstanceInfoReplicator onDemand update allowed rate per min is 4
2022-12-22 00:38:09,911 INFO com.netflix.discovery.DiscoveryClient [main] Discovery Client initialized at timestamp 1671658689910 with initial instances count: 4
2022-12-22 00:38:09,915 INFO org.springframework.cloud.netflix.eureka.serviceregistry.EurekaServiceRegistry [main] Registering application NOTIFICATION with eureka with status UP
2022-12-22 00:38:09,915 INFO com.netflix.discovery.DiscoveryClient$3 [main] Saw local status change event StatusChangeEvent [timestamp=1671658689915, current=UP, previous=STARTING]
2022-12-22 00:38:09,916 INFO com.netflix.discovery.DiscoveryClient [DiscoveryClient-InstanceInfoReplicator-0] DiscoveryClient_NOTIFICATION/192.168.1.7:notification:8082: registering service...
2022-12-22 00:38:09,934 INFO com.netflix.discovery.DiscoveryClient [DiscoveryClient-InstanceInfoReplicator-0] DiscoveryClient_NOTIFICATION/192.168.1.7:notification:8082 - registration status: 204
2022-12-22 00:38:09,988 INFO org.springframework.cloud.stream.binder.rabbit.provisioning.RabbitExchangeQueueProvisioner [main] declaring queue for inbound: springCloudBus.anonymous.CVp_lG4eQjC_9Hdx5D8ScQ, bound to: springCloudBus
2022-12-22 00:38:09,989 INFO org.springframework.amqp.rabbit.connection.AbstractConnectionFactory [main] Attempting to connect to: [localhost:5672]
2022-12-22 00:38:10,026 INFO org.springframework.amqp.rabbit.connection.AbstractConnectionFactory [main] Created new connection: rabbitConnectionFactory#7304ca87:0/SimpleConnection@37884b27 [delegate=amqp://guest@127.0.0.1:5672/, localPort= 56943]
2022-12-22 00:38:10,075 INFO org.springframework.core.log.LogAccessor [main] Channel 'springCloudBus.anonymous.CVp_lG4eQjC_9Hdx5D8ScQ.errors' has 1 subscriber(s).
2022-12-22 00:38:10,075 INFO org.springframework.core.log.LogAccessor [main] Channel 'springCloudBus.anonymous.CVp_lG4eQjC_9Hdx5D8ScQ.errors' has 2 subscriber(s).
2022-12-22 00:38:10,084 INFO org.springframework.core.log.LogAccessor [main] started bean 'inbound.springCloudBus.anonymous.CVp_lG4eQjC_9Hdx5D8ScQ'
2022-12-22 00:38:10,084 INFO org.apache.juli.logging.DirectJDKLog [main] Starting ProtocolHandler ["http-nio-8082"]
2022-12-22 00:38:10,092 INFO org.springframework.boot.web.embedded.tomcat.TomcatWebServer [main] Tomcat started on port(s): 8082 (http) with context path ''
2022-12-22 00:38:10,093 INFO org.springframework.cloud.netflix.eureka.serviceregistry.EurekaAutoServiceRegistration [main] Updating port to 8082
2022-12-22 00:38:10,112 INFO org.springframework.integration.monitor.IntegrationMBeanExporter [main] Registering MessageChannel springCloudBus.anonymous.CVp_lG4eQjC_9Hdx5D8ScQ.errors
2022-12-22 00:38:10,164 INFO org.springframework.boot.StartupInfoLogger [main] Started NotificationApplication in 7.106 seconds (JVM running for 7.861)
2022-12-22 00:38:10,661 INFO org.apache.juli.logging.DirectJDKLog [RMI TCP Connection(2)-127.0.0.1] Initializing Spring DispatcherServlet 'dispatcherServlet'
2022-12-22 00:38:10,661 INFO org.springframework.web.servlet.FrameworkServlet [RMI TCP Connection(2)-127.0.0.1] Initializing Servlet 'dispatcherServlet'
2022-12-22 00:38:10,667 INFO org.springframework.web.servlet.FrameworkServlet [RMI TCP Connection(2)-127.0.0.1] Completed initialization in 6 ms
2022-12-22 00:39:23,009 WARN com.zaxxer.hikari.pool.HikariPool$HouseKeeper [HikariPool-1 housekeeper] HikariPool-1 - Thread starvation or clock leap detected (housekeeper delta=1m15s2ms).
2022-12-22 00:39:23,022 INFO tech.hdurmaz.notification.rabbitmq.NotificationConsumer [org.springframework.amqp.rabbit.RabbitListenerEndpointContainer#0-1] Consumed NotificationRequest[identityNumber=, toCustomerName=Customer identity number: 363636363631, message=Kredi sonucunuz: 25000] from queue.
2022-12-22 00:39:23,871 INFO tech.hdurmaz.notification.rabbitmq.NotificationConsumer [org.springframework.amqp.rabbit.RabbitListenerEndpointContainer#0-1] Consumed NotificationRequest[identityNumber=, toCustomerName=Customer identity number: 363636363631, message=Kredi sonucunuz: 25000] from queue.
2022-12-22 00:39:24,555 INFO tech.hdurmaz.notification.rabbitmq.NotificationConsumer [org.springframework.amqp.rabbit.RabbitListenerEndpointContainer#0-1] Consumed NotificationRequest[identityNumber=, toCustomerName=Customer identity number: 363636363631, message=Kredi sonucunuz: 25000] from queue.
2022-12-22 00:39:25,090 INFO tech.hdurmaz.notification.rabbitmq.NotificationConsumer [org.springframework.amqp.rabbit.RabbitListenerEndpointContainer#0-1] Consumed NotificationRequest[identityNumber=, toCustomerName=Customer identity number: 363636363631, message=Kredi sonucunuz: 25000] from queue.
2022-12-22 00:39:25,637 INFO tech.hdurmaz.notification.rabbitmq.NotificationConsumer [org.springframework.amqp.rabbit.RabbitListenerEndpointContainer#0-1] Consumed NotificationRequest[identityNumber=, toCustomerName=Customer identity number: 363636363631, message=Kredi sonucunuz: 25000] from queue.
2022-12-22 00:39:45,541 INFO tech.hdurmaz.notification.rabbitmq.NotificationConsumer [org.springframework.amqp.rabbit.RabbitListenerEndpointContainer#0-1] Consumed NotificationRequest[identityNumber=, toCustomerName=Customer identity number: 363636363631, message=Kredi sonucunuz: 25000] from queue.
2022-12-22 00:39:46,146 INFO tech.hdurmaz.notification.rabbitmq.NotificationConsumer [org.springframework.amqp.rabbit.RabbitListenerEndpointContainer#0-1] Consumed NotificationRequest[identityNumber=, toCustomerName=Customer identity number: 363636363631, message=Kredi sonucunuz: 25000] from queue.
2022-12-22 00:39:46,630 INFO tech.hdurmaz.notification.rabbitmq.NotificationConsumer [org.springframework.amqp.rabbit.RabbitListenerEndpointContainer#0-1] Consumed NotificationRequest[identityNumber=, toCustomerName=Customer identity number: 363636363631, message=Kredi sonucunuz: 25000] from queue.
2022-12-22 00:39:47,110 INFO tech.hdurmaz.notification.rabbitmq.NotificationConsumer [org.springframework.amqp.rabbit.RabbitListenerEndpointContainer#0-1] Consumed NotificationRequest[identityNumber=, toCustomerName=Customer identity number: 363636363631, message=Kredi sonucunuz: 25000] from queue.
2022-12-22 00:39:47,523 INFO tech.hdurmaz.notification.rabbitmq.NotificationConsumer [org.springframework.amqp.rabbit.RabbitListenerEndpointContainer#0-1] Consumed NotificationRequest[identityNumber=, toCustomerName=Customer identity number: 363636363631, message=Kredi sonucunuz: 25000] from queue.
2022-12-22 00:39:47,781 INFO tech.hdurmaz.notification.rabbitmq.NotificationConsumer [org.springframework.amqp.rabbit.RabbitListenerEndpointContainer#0-1] Consumed NotificationRequest[identityNumber=, toCustomerName=Customer identity number: 363636363631, message=Kredi sonucunuz: 25000] from queue.
2022-12-22 00:39:48,037 INFO tech.hdurmaz.notification.rabbitmq.NotificationConsumer [org.springframework.amqp.rabbit.RabbitListenerEndpointContainer#0-1] Consumed NotificationRequest[identityNumber=, toCustomerName=Customer identity number: 363636363631, message=Kredi sonucunuz: 25000] from queue.
2022-12-22 00:43:09,845 INFO com.netflix.discovery.shared.resolver.aws.ConfigClusterResolver [AsyncResolver-bootstrap-executor-0] Resolving eureka endpoints via configuration
2022-12-22 00:46:39,961 INFO org.springframework.amqp.rabbit.listener.SimpleMessageListenerContainer$AsyncMessageProcessingConsumer [springCloudBus.anonymous.CVp_lG4eQjC_9Hdx5D8ScQ-1] Restarting Consumer@abadf5b: tags=[[amq.ctag-AESxEmdVuJdssV6uhxCnag]], channel=Cached Rabbit Channel: AMQChannel(amqp://guest@127.0.0.1:5672/,1), conn: Proxy@5a6a0107 Shared Rabbit Connection: SimpleConnection@37884b27 [delegate=amqp://guest@127.0.0.1:5672/, localPort= 56943], acknowledgeMode=AUTO local queue size=0
2022-12-22 00:46:39,965 INFO org.springframework.amqp.rabbit.connection.AbstractConnectionFactory [springCloudBus.anonymous.CVp_lG4eQjC_9Hdx5D8ScQ-2] Attempting to connect to: [localhost:5672]
2022-12-22 00:46:40,547 INFO org.springframework.amqp.rabbit.listener.SimpleMessageListenerContainer$AsyncMessageProcessingConsumer [org.springframework.amqp.rabbit.RabbitListenerEndpointContainer#0-1] Restarting Consumer@1e3e01b: tags=[[amq.ctag-bJHy7Z-07RuPk5vTGPDJjw]], channel=Cached Rabbit Channel: AMQChannel(amqp://guest@127.0.0.1:5672/,2), conn: Proxy@5a6a0107 Shared Rabbit Connection: null, acknowledgeMode=AUTO local queue size=0
2022-12-22 00:46:40,548 INFO org.springframework.amqp.rabbit.connection.AbstractConnectionFactory [org.springframework.amqp.rabbit.RabbitListenerEndpointContainer#0-2] Attempting to connect to: [localhost:5672]
2022-12-22 00:46:40,567 ERROR org.springframework.amqp.rabbit.listener.AbstractMessageListenerContainer [org.springframework.amqp.rabbit.RabbitListenerEndpointContainer#0-2] Failed to check/redeclare auto-delete queue(s).
org.springframework.amqp.AmqpIOException: java.io.IOException
	at org.springframework.amqp.rabbit.support.RabbitExceptionTranslator.convertRabbitAccessException(RabbitExceptionTranslator.java:70)
	at org.springframework.amqp.rabbit.connection.AbstractConnectionFactory.createBareConnection(AbstractConnectionFactory.java:602)
	at org.springframework.amqp.rabbit.connection.CachingConnectionFactory.createConnection(CachingConnectionFactory.java:725)
	at org.springframework.amqp.rabbit.connection.ConnectionFactoryUtils.createConnection(ConnectionFactoryUtils.java:252)
	at org.springframework.amqp.rabbit.core.RabbitTemplate.doExecute(RabbitTemplate.java:2180)
	at org.springframework.amqp.rabbit.core.RabbitTemplate.execute(RabbitTemplate.java:2153)
	at org.springframework.amqp.rabbit.core.RabbitTemplate.execute(RabbitTemplate.java:2133)
	at org.springframework.amqp.rabbit.core.RabbitAdmin.getQueueInfo(RabbitAdmin.java:463)
	at org.springframework.amqp.rabbit.core.RabbitAdmin.getQueueProperties(RabbitAdmin.java:447)
	at org.springframework.amqp.rabbit.listener.AbstractMessageListenerContainer.attemptDeclarations(AbstractMessageListenerContainer.java:1930)
	at org.springframework.amqp.rabbit.listener.AbstractMessageListenerContainer.redeclareElementsIfNecessary(AbstractMessageListenerContainer.java:1911)
	at org.springframework.amqp.rabbit.listener.SimpleMessageListenerContainer$AsyncMessageProcessingConsumer.initialize(SimpleMessageListenerContainer.java:1377)
	at org.springframework.amqp.rabbit.listener.SimpleMessageListenerContainer$AsyncMessageProcessingConsumer.run(SimpleMessageListenerContainer.java:1223)
	at java.base/java.lang.Thread.run(Thread.java:833)
Caused by: java.io.IOException: null
	at com.rabbitmq.client.impl.AMQChannel.wrap(AMQChannel.java:129)
	at com.rabbitmq.client.impl.AMQChannel.wrap(AMQChannel.java:125)
	at com.rabbitmq.client.impl.AMQConnection.start(AMQConnection.java:396)
	at com.rabbitmq.client.ConnectionFactory.newConnection(ConnectionFactory.java:1225)
	at com.rabbitmq.client.ConnectionFactory.newConnection(ConnectionFactory.java:1173)
	at org.springframework.amqp.rabbit.connection.AbstractConnectionFactory.connectAddresses(AbstractConnectionFactory.java:640)
	at org.springframework.amqp.rabbit.connection.AbstractConnectionFactory.connect(AbstractConnectionFactory.java:615)
	at org.springframework.amqp.rabbit.connection.AbstractConnectionFactory.createBareConnection(AbstractConnectionFactory.java:565)
	... 12 common frames omitted
Caused by: com.rabbitmq.client.ShutdownSignalException: connection error
	at com.rabbitmq.utility.ValueOrException.getValue(ValueOrException.java:66)
	at com.rabbitmq.utility.BlockingValueOrException.uninterruptibleGetValue(BlockingValueOrException.java:36)
	at com.rabbitmq.client.impl.AMQChannel$BlockingRpcContinuation.getReply(AMQChannel.java:502)
	at com.rabbitmq.client.impl.AMQConnection.start(AMQConnection.java:326)
	... 17 common frames omitted
Caused by: java.io.EOFException: null
	at java.base/java.io.DataInputStream.readUnsignedByte(DataInputStream.java:296)
	at com.rabbitmq.client.impl.Frame.readFrom(Frame.java:91)
	at com.rabbitmq.client.impl.SocketFrameHandler.readFrame(SocketFrameHandler.java:184)
	at com.rabbitmq.client.impl.AMQConnection$MainLoop.run(AMQConnection.java:665)
	... 1 common frames omitted
2022-12-22 00:46:40,571 INFO org.springframework.amqp.rabbit.connection.AbstractConnectionFactory [org.springframework.amqp.rabbit.RabbitListenerEndpointContainer#0-2] Attempting to connect to: [localhost:5672]
2022-12-22 00:46:45,065 INFO org.springframework.amqp.rabbit.listener.SimpleMessageListenerContainer$AsyncMessageProcessingConsumer [springCloudBus.anonymous.CVp_lG4eQjC_9Hdx5D8ScQ-2] Restarting Consumer@6c742e92: tags=[[]], channel=null, acknowledgeMode=AUTO local queue size=0
2022-12-22 00:46:45,066 INFO org.springframework.amqp.rabbit.connection.AbstractConnectionFactory [springCloudBus.anonymous.CVp_lG4eQjC_9Hdx5D8ScQ-3] Attempting to connect to: [localhost:5672]
2022-12-22 00:46:45,638 INFO org.springframework.amqp.rabbit.listener.SimpleMessageListenerContainer$AsyncMessageProcessingConsumer [org.springframework.amqp.rabbit.RabbitListenerEndpointContainer#0-2] Restarting Consumer@1e7f369e: tags=[[]], channel=null, acknowledgeMode=AUTO local queue size=0
2022-12-22 00:46:45,639 INFO org.springframework.amqp.rabbit.connection.AbstractConnectionFactory [org.springframework.amqp.rabbit.RabbitListenerEndpointContainer#0-3] Attempting to connect to: [localhost:5672]
2022-12-22 00:46:45,641 ERROR org.springframework.amqp.rabbit.listener.AbstractMessageListenerContainer [org.springframework.amqp.rabbit.RabbitListenerEndpointContainer#0-3] Failed to check/redeclare auto-delete queue(s).
org.springframework.amqp.AmqpIOException: java.io.IOException
	at org.springframework.amqp.rabbit.support.RabbitExceptionTranslator.convertRabbitAccessException(RabbitExceptionTranslator.java:70)
	at org.springframework.amqp.rabbit.connection.AbstractConnectionFactory.createBareConnection(AbstractConnectionFactory.java:602)
	at org.springframework.amqp.rabbit.connection.CachingConnectionFactory.createConnection(CachingConnectionFactory.java:725)
	at org.springframework.amqp.rabbit.connection.ConnectionFactoryUtils.createConnection(ConnectionFactoryUtils.java:252)
	at org.springframework.amqp.rabbit.core.RabbitTemplate.doExecute(RabbitTemplate.java:2180)
	at org.springframework.amqp.rabbit.core.RabbitTemplate.execute(RabbitTemplate.java:2153)
	at org.springframework.amqp.rabbit.core.RabbitTemplate.execute(RabbitTemplate.java:2133)
	at org.springframework.amqp.rabbit.core.RabbitAdmin.getQueueInfo(RabbitAdmin.java:463)
	at org.springframework.amqp.rabbit.core.RabbitAdmin.getQueueProperties(RabbitAdmin.java:447)
	at org.springframework.amqp.rabbit.listener.AbstractMessageListenerContainer.attemptDeclarations(AbstractMessageListenerContainer.java:1930)
	at org.springframework.amqp.rabbit.listener.AbstractMessageListenerContainer.redeclareElementsIfNecessary(AbstractMessageListenerContainer.java:1911)
	at org.springframework.amqp.rabbit.listener.SimpleMessageListenerContainer$AsyncMessageProcessingConsumer.initialize(SimpleMessageListenerContainer.java:1377)
	at org.springframework.amqp.rabbit.listener.SimpleMessageListenerContainer$AsyncMessageProcessingConsumer.run(SimpleMessageListenerContainer.java:1223)
	at java.base/java.lang.Thread.run(Thread.java:833)
Caused by: java.io.IOException: null
	at com.rabbitmq.client.impl.AMQChannel.wrap(AMQChannel.java:129)
	at com.rabbitmq.client.impl.AMQChannel.wrap(AMQChannel.java:125)
	at com.rabbitmq.client.impl.AMQConnection.start(AMQConnection.java:396)
	at com.rabbitmq.client.ConnectionFactory.newConnection(ConnectionFactory.java:1225)
	at com.rabbitmq.client.ConnectionFactory.newConnection(ConnectionFactory.java:1173)
	at org.springframework.amqp.rabbit.connection.AbstractConnectionFactory.connectAddresses(AbstractConnectionFactory.java:640)
	at org.springframework.amqp.rabbit.connection.AbstractConnectionFactory.connect(AbstractConnectionFactory.java:615)
	at org.springframework.amqp.rabbit.connection.AbstractConnectionFactory.createBareConnection(AbstractConnectionFactory.java:565)
	... 12 common frames omitted
Caused by: com.rabbitmq.client.ShutdownSignalException: connection error
	at com.rabbitmq.utility.ValueOrException.getValue(ValueOrException.java:66)
	at com.rabbitmq.utility.BlockingValueOrException.uninterruptibleGetValue(BlockingValueOrException.java:36)
	at com.rabbitmq.client.impl.AMQChannel$BlockingRpcContinuation.getReply(AMQChannel.java:502)
	at com.rabbitmq.client.impl.AMQConnection.start(AMQConnection.java:326)
	... 17 common frames omitted
Caused by: java.io.EOFException: null
	at java.base/java.io.DataInputStream.readUnsignedByte(DataInputStream.java:296)
	at com.rabbitmq.client.impl.Frame.readFrom(Frame.java:91)
	at com.rabbitmq.client.impl.SocketFrameHandler.readFrame(SocketFrameHandler.java:184)
	at com.rabbitmq.client.impl.AMQConnection$MainLoop.run(AMQConnection.java:665)
	... 1 common frames omitted
2022-12-22 00:46:45,642 INFO org.springframework.amqp.rabbit.connection.AbstractConnectionFactory [org.springframework.amqp.rabbit.RabbitListenerEndpointContainer#0-3] Attempting to connect to: [localhost:5672]
2022-12-22 00:46:46,593 INFO org.springframework.cloud.sleuth.autoconfig.zipkin2.ZipkinAutoConfiguration$1 [Thread-2] Flushing remaining spans on shutdown
2022-12-22 00:46:46,594 INFO org.springframework.cloud.netflix.eureka.serviceregistry.EurekaServiceRegistry [SpringApplicationShutdownHook] Unregistering application NOTIFICATION with eureka with status DOWN
2022-12-22 00:46:46,594 INFO com.netflix.discovery.DiscoveryClient$3 [SpringApplicationShutdownHook] Saw local status change event StatusChangeEvent [timestamp=1671659206594, current=DOWN, previous=UP]
2022-12-22 00:46:46,594 INFO com.netflix.discovery.DiscoveryClient [DiscoveryClient-InstanceInfoReplicator-0] DiscoveryClient_NOTIFICATION/192.168.1.7:notification:8082: registering service...
2022-12-22 00:46:46,598 INFO com.netflix.discovery.DiscoveryClient [DiscoveryClient-InstanceInfoReplicator-0] DiscoveryClient_NOTIFICATION/192.168.1.7:notification:8082 - registration status: 204
2022-12-22 00:46:46,598 INFO org.springframework.amqp.rabbit.listener.SimpleMessageListenerContainer [org.springframework.amqp.rabbit.RabbitListenerEndpointContainer#0-4] Waiting for workers to finish.
2022-12-22 00:46:46,599 INFO org.springframework.amqp.rabbit.listener.SimpleMessageListenerContainer [org.springframework.amqp.rabbit.RabbitListenerEndpointContainer#0-4] Successfully waited for workers to finish.
2022-12-22 00:46:46,607 INFO org.springframework.amqp.rabbit.listener.SimpleMessageListenerContainer [SpringApplicationShutdownHook] Waiting for workers to finish.
2022-12-22 00:46:46,607 INFO org.springframework.amqp.rabbit.listener.SimpleMessageListenerContainer [SpringApplicationShutdownHook] Successfully waited for workers to finish.
2022-12-22 00:46:46,607 INFO org.springframework.core.log.LogAccessor [SpringApplicationShutdownHook] stopped bean 'inbound.springCloudBus.anonymous.CVp_lG4eQjC_9Hdx5D8ScQ'
2022-12-22 00:46:46,610 INFO org.springframework.core.log.LogAccessor [SpringApplicationShutdownHook] Channel 'notification.springCloudBus.anonymous.CVp_lG4eQjC_9Hdx5D8ScQ.errors' has 1 subscriber(s).
2022-12-22 00:46:46,611 INFO org.springframework.core.log.LogAccessor [SpringApplicationShutdownHook] Removing {logging-channel-adapter:_org.springframework.integration.errorLogger} as a subscriber to the 'errorChannel' channel
2022-12-22 00:46:46,612 INFO org.springframework.core.log.LogAccessor [SpringApplicationShutdownHook] Channel 'notification.errorChannel' has 0 subscriber(s).
2022-12-22 00:46:46,612 INFO org.springframework.core.log.LogAccessor [SpringApplicationShutdownHook] stopped bean '_org.springframework.integration.errorLogger'
2022-12-22 00:46:46,614 INFO org.springframework.amqp.rabbit.listener.SimpleMessageListenerContainer [SpringApplicationShutdownHook] Shutdown ignored - container is already stopped
2022-12-22 00:46:46,617 INFO org.springframework.orm.jpa.AbstractEntityManagerFactoryBean [SpringApplicationShutdownHook] Closing JPA EntityManagerFactory for persistence unit 'default'
2022-12-22 00:46:46,988 INFO com.zaxxer.hikari.HikariDataSource [SpringApplicationShutdownHook] HikariPool-1 - Shutdown initiated...
2022-12-22 00:46:46,990 INFO com.zaxxer.hikari.HikariDataSource [SpringApplicationShutdownHook] HikariPool-1 - Shutdown completed.
2022-12-22 00:46:46,991 INFO com.netflix.discovery.DiscoveryClient [SpringApplicationShutdownHook] Shutting down DiscoveryClient ...
2022-12-22 00:46:49,998 INFO com.netflix.discovery.DiscoveryClient [SpringApplicationShutdownHook] Unregistering ...
2022-12-22 00:46:50,003 INFO com.netflix.discovery.shared.transport.decorator.RedirectingEurekaHttpClient [SpringApplicationShutdownHook] Request execution error. endpoint=DefaultEndpoint{ serviceUrl='http://localhost:8761/eureka/} exception=I/O error on DELETE request for "http://localhost:8761/eureka/apps/NOTIFICATION/192.168.1.7:notification:8082": Connect to localhost:8761 [localhost/127.0.0.1, localhost/0:0:0:0:0:0:0:1] failed: Connection refused; nested exception is org.apache.http.conn.HttpHostConnectException: Connect to localhost:8761 [localhost/127.0.0.1, localhost/0:0:0:0:0:0:0:1] failed: Connection refused stacktrace=org.springframework.web.client.ResourceAccessException: I/O error on DELETE request for "http://localhost:8761/eureka/apps/NOTIFICATION/192.168.1.7:notification:8082": Connect to localhost:8761 [localhost/127.0.0.1, localhost/0:0:0:0:0:0:0:1] failed: Connection refused; nested exception is org.apache.http.conn.HttpHostConnectException: Connect to localhost:8761 [localhost/127.0.0.1, localhost/0:0:0:0:0:0:0:1] failed: Connection refused
	at org.springframework.web.client.RestTemplate.doExecute(RestTemplate.java:785)
	at org.springframework.web.client.RestTemplate.execute(RestTemplate.java:711)
	at org.springframework.web.client.RestTemplate.exchange(RestTemplate.java:602)
	at org.springframework.cloud.netflix.eureka.http.RestTemplateEurekaHttpClient.cancel(RestTemplateEurekaHttpClient.java:87)
	at com.netflix.discovery.shared.transport.decorator.EurekaHttpClientDecorator$2.execute(EurekaHttpClientDecorator.java:74)
	at com.netflix.discovery.shared.transport.decorator.RedirectingEurekaHttpClient.execute(RedirectingEurekaHttpClient.java:91)
	at com.netflix.discovery.shared.transport.decorator.EurekaHttpClientDecorator.cancel(EurekaHttpClientDecorator.java:71)
	at com.netflix.discovery.shared.transport.decorator.EurekaHttpClientDecorator$2.execute(EurekaHttpClientDecorator.java:74)
	at com.netflix.discovery.shared.transport.decorator.RetryableEurekaHttpClient.execute(RetryableEurekaHttpClient.java:120)
	at com.netflix.discovery.shared.transport.decorator.EurekaHttpClientDecorator.cancel(EurekaHttpClientDecorator.java:71)
	at com.netflix.discovery.shared.transport.decorator.EurekaHttpClientDecorator$2.execute(EurekaHttpClientDecorator.java:74)
	at com.netflix.discovery.shared.transport.decorator.SessionedEurekaHttpClient.execute(SessionedEurekaHttpClient.java:77)
	at com.netflix.discovery.shared.transport.decorator.EurekaHttpClientDecorator.cancel(EurekaHttpClientDecorator.java:71)
	at com.netflix.discovery.DiscoveryClient.unregister(DiscoveryClient.java:972)
	at com.netflix.discovery.DiscoveryClient.shutdown(DiscoveryClient.java:948)
	at java.base/jdk.internal.reflect.NativeMethodAccessorImpl.invoke0(Native Method)
	at java.base/jdk.internal.reflect.NativeMethodAccessorImpl.invoke(NativeMethodAccessorImpl.java:77)
	at java.base/jdk.internal.reflect.DelegatingMethodAccessorImpl.invoke(DelegatingMethodAccessorImpl.java:43)
	at java.base/java.lang.reflect.Method.invoke(Method.java:568)
	at org.springframework.beans.factory.annotation.InitDestroyAnnotationBeanPostProcessor$LifecycleElement.invoke(InitDestroyAnnotationBeanPostProcessor.java:389)
	at org.springframework.beans.factory.annotation.InitDestroyAnnotationBeanPostProcessor$LifecycleMetadata.invokeDestroyMethods(InitDestroyAnnotationBeanPostProcessor.java:347)
	at org.springframework.beans.factory.annotation.InitDestroyAnnotationBeanPostProcessor.postProcessBeforeDestruction(InitDestroyAnnotationBeanPostProcessor.java:177)
	at org.springframework.beans.factory.support.DisposableBeanAdapter.destroy(DisposableBeanAdapter.java:197)
	at org.springframework.beans.factory.support.DisposableBeanAdapter.run(DisposableBeanAdapter.java:190)
	at org.springframework.cloud.context.scope.GenericScope$BeanLifecycleWrapper.destroy(GenericScope.java:390)
	at org.springframework.cloud.context.scope.GenericScope.destroy(GenericScope.java:136)
	at org.springframework.beans.factory.support.DisposableBeanAdapter.destroy(DisposableBeanAdapter.java:213)
	at org.springframework.beans.factory.support.DefaultSingletonBeanRegistry.destroyBean(DefaultSingletonBeanRegistry.java:587)
	at org.springframework.beans.factory.support.DefaultSingletonBeanRegistry.destroySingleton(DefaultSingletonBeanRegistry.java:559)
	at org.springframework.beans.factory.support.DefaultListableBeanFactory.destroySingleton(DefaultListableBeanFactory.java:1163)
	at org.springframework.beans.factory.support.DefaultSingletonBeanRegistry.destroySingletons(DefaultSingletonBeanRegistry.java:520)
	at org.springframework.beans.factory.support.DefaultListableBeanFactory.destroySingletons(DefaultListableBeanFactory.java:1156)
	at org.springframework.context.support.AbstractApplicationContext.destroyBeans(AbstractApplicationContext.java:1106)
	at org.springframework.context.support.AbstractApplicationContext.doClose(AbstractApplicationContext.java:1075)
	at org.springframework.boot.web.servlet.context.ServletWebServerApplicationContext.doClose(ServletWebServerApplicationContext.java:174)
	at org.springframework.context.support.AbstractApplicationContext.close(AbstractApplicationContext.java:1021)
	at org.springframework.boot.SpringApplicationShutdownHook.closeAndWait(SpringApplicationShutdownHook.java:145)
	at java.base/java.lang.Iterable.forEach(Iterable.java:75)
	at org.springframework.boot.SpringApplicationShutdownHook.run(SpringApplicationShutdownHook.java:114)
	at java.base/java.lang.Thread.run(Thread.java:833)
Caused by: org.apache.http.conn.HttpHostConnectException: Connect to localhost:8761 [localhost/127.0.0.1, localhost/0:0:0:0:0:0:0:1] failed: Connection refused
	at org.apache.http.impl.conn.DefaultHttpClientConnectionOperator.connect(DefaultHttpClientConnectionOperator.java:156)
	at org.apache.http.impl.conn.PoolingHttpClientConnectionManager.connect(PoolingHttpClientConnectionManager.java:376)
	at org.apache.http.impl.execchain.MainClientExec.establishRoute(MainClientExec.java:393)
	at org.apache.http.impl.execchain.MainClientExec.execute(MainClientExec.java:236)
	at org.apache.http.impl.execchain.ProtocolExec.execute(ProtocolExec.java:186)
	at org.apache.http.impl.execchain.RetryExec.execute(RetryExec.java:89)
	at org.apache.http.impl.execchain.RedirectExec.execute(RedirectExec.java:110)
	at org.apache.http.impl.client.InternalHttpClient.doExecute(InternalHttpClient.java:185)
	at org.apache.http.impl.client.CloseableHttpClient.execute(CloseableHttpClient.java:83)
	at org.apache.http.impl.client.CloseableHttpClient.execute(CloseableHttpClient.java:56)
	at org.springframework.http.client.HttpComponentsClientHttpRequest.executeInternal(HttpComponentsClientHttpRequest.java:87)
	at org.springframework.http.client.AbstractBufferingClientHttpRequest.executeInternal(AbstractBufferingClientHttpRequest.java:48)
	at org.springframework.http.client.AbstractClientHttpRequest.execute(AbstractClientHttpRequest.java:66)
	at org.springframework.web.client.RestTemplate.doExecute(RestTemplate.java:776)
	... 39 more
Caused by: java.net.ConnectException: Connection refused
	at java.base/sun.nio.ch.Net.connect0(Native Method)
	at java.base/sun.nio.ch.Net.connect(Net.java:579)
	at java.base/sun.nio.ch.Net.connect(Net.java:568)
	at java.base/sun.nio.ch.NioSocketImpl.connect(NioSocketImpl.java:588)
	at java.base/java.net.SocksSocketImpl.connect(SocksSocketImpl.java:327)
	at java.base/java.net.Socket.connect(Socket.java:633)
	at org.apache.http.conn.socket.PlainConnectionSocketFactory.connectSocket(PlainConnectionSocketFactory.java:75)
	at org.apache.http.impl.conn.DefaultHttpClientConnectionOperator.connect(DefaultHttpClientConnectionOperator.java:142)
	... 52 more

2022-12-22 00:46:50,003 WARN com.netflix.discovery.shared.transport.decorator.RetryableEurekaHttpClient [SpringApplicationShutdownHook] Request execution failed with message: I/O error on DELETE request for "http://localhost:8761/eureka/apps/NOTIFICATION/192.168.1.7:notification:8082": Connect to localhost:8761 [localhost/127.0.0.1, localhost/0:0:0:0:0:0:0:1] failed: Connection refused; nested exception is org.apache.http.conn.HttpHostConnectException: Connect to localhost:8761 [localhost/127.0.0.1, localhost/0:0:0:0:0:0:0:1] failed: Connection refused
2022-12-22 00:46:50,008 INFO com.netflix.discovery.shared.transport.decorator.RedirectingEurekaHttpClient [SpringApplicationShutdownHook] Request execution error. endpoint=DefaultEndpoint{ serviceUrl='http://localhost:8761/eureka/}, exception=I/O error on DELETE request for "http://localhost:8761/eureka/apps/NOTIFICATION/192.168.1.7:notification:8082": Connect to localhost:8761 [localhost/127.0.0.1, localhost/0:0:0:0:0:0:0:1] failed: Connection refused; nested exception is org.apache.http.conn.HttpHostConnectException: Connect to localhost:8761 [localhost/127.0.0.1, localhost/0:0:0:0:0:0:0:1] failed: Connection refused stacktrace=org.springframework.web.client.ResourceAccessException: I/O error on DELETE request for "http://localhost:8761/eureka/apps/NOTIFICATION/192.168.1.7:notification:8082": Connect to localhost:8761 [localhost/127.0.0.1, localhost/0:0:0:0:0:0:0:1] failed: Connection refused; nested exception is org.apache.http.conn.HttpHostConnectException: Connect to localhost:8761 [localhost/127.0.0.1, localhost/0:0:0:0:0:0:0:1] failed: Connection refused
	at org.springframework.web.client.RestTemplate.doExecute(RestTemplate.java:785)
	at org.springframework.web.client.RestTemplate.execute(RestTemplate.java:711)
	at org.springframework.web.client.RestTemplate.exchange(RestTemplate.java:602)
	at org.springframework.cloud.netflix.eureka.http.RestTemplateEurekaHttpClient.cancel(RestTemplateEurekaHttpClient.java:87)
	at com.netflix.discovery.shared.transport.decorator.EurekaHttpClientDecorator$2.execute(EurekaHttpClientDecorator.java:74)
	at com.netflix.discovery.shared.transport.decorator.RedirectingEurekaHttpClient.executeOnNewServer(RedirectingEurekaHttpClient.java:121)
	at com.netflix.discovery.shared.transport.decorator.RedirectingEurekaHttpClient.execute(RedirectingEurekaHttpClient.java:80)
	at com.netflix.discovery.shared.transport.decorator.EurekaHttpClientDecorator.cancel(EurekaHttpClientDecorator.java:71)
	at com.netflix.discovery.shared.transport.decorator.EurekaHttpClientDecorator$2.execute(EurekaHttpClientDecorator.java:74)
	at com.netflix.discovery.shared.transport.decorator.RetryableEurekaHttpClient.execute(RetryableEurekaHttpClient.java:120)
	at com.netflix.discovery.shared.transport.decorator.EurekaHttpClientDecorator.cancel(EurekaHttpClientDecorator.java:71)
	at com.netflix.discovery.shared.transport.decorator.EurekaHttpClientDecorator$2.execute(EurekaHttpClientDecorator.java:74)
	at com.netflix.discovery.shared.transport.decorator.SessionedEurekaHttpClient.execute(SessionedEurekaHttpClient.java:77)
	at com.netflix.discovery.shared.transport.decorator.EurekaHttpClientDecorator.cancel(EurekaHttpClientDecorator.java:71)
	at com.netflix.discovery.DiscoveryClient.unregister(DiscoveryClient.java:972)
	at com.netflix.discovery.DiscoveryClient.shutdown(DiscoveryClient.java:948)
	at java.base/jdk.internal.reflect.NativeMethodAccessorImpl.invoke0(Native Method)
	at java.base/jdk.internal.reflect.NativeMethodAccessorImpl.invoke(NativeMethodAccessorImpl.java:77)
	at java.base/jdk.internal.reflect.DelegatingMethodAccessorImpl.invoke(DelegatingMethodAccessorImpl.java:43)
	at java.base/java.lang.reflect.Method.invoke(Method.java:568)
	at org.springframework.beans.factory.annotation.InitDestroyAnnotationBeanPostProcessor$LifecycleElement.invoke(InitDestroyAnnotationBeanPostProcessor.java:389)
	at org.springframework.beans.factory.annotation.InitDestroyAnnotationBeanPostProcessor$LifecycleMetadata.invokeDestroyMethods(InitDestroyAnnotationBeanPostProcessor.java:347)
	at org.springframework.beans.factory.annotation.InitDestroyAnnotationBeanPostProcessor.postProcessBeforeDestruction(InitDestroyAnnotationBeanPostProcessor.java:177)
	at org.springframework.beans.factory.support.DisposableBeanAdapter.destroy(DisposableBeanAdapter.java:197)
	at org.springframework.beans.factory.support.DisposableBeanAdapter.run(DisposableBeanAdapter.java:190)
	at org.springframework.cloud.context.scope.GenericScope$BeanLifecycleWrapper.destroy(GenericScope.java:390)
	at org.springframework.cloud.context.scope.GenericScope.destroy(GenericScope.java:136)
	at org.springframework.beans.factory.support.DisposableBeanAdapter.destroy(DisposableBeanAdapter.java:213)
	at org.springframework.beans.factory.support.DefaultSingletonBeanRegistry.destroyBean(DefaultSingletonBeanRegistry.java:587)
	at org.springframework.beans.factory.support.DefaultSingletonBeanRegistry.destroySingleton(DefaultSingletonBeanRegistry.java:559)
	at org.springframework.beans.factory.support.DefaultListableBeanFactory.destroySingleton(DefaultListableBeanFactory.java:1163)
	at org.springframework.beans.factory.support.DefaultSingletonBeanRegistry.destroySingletons(DefaultSingletonBeanRegistry.java:520)
	at org.springframework.beans.factory.support.DefaultListableBeanFactory.destroySingletons(DefaultListableBeanFactory.java:1156)
	at org.springframework.context.support.AbstractApplicationContext.destroyBeans(AbstractApplicationContext.java:1106)
	at org.springframework.context.support.AbstractApplicationContext.doClose(AbstractApplicationContext.java:1075)
	at org.springframework.boot.web.servlet.context.ServletWebServerApplicationContext.doClose(ServletWebServerApplicationContext.java:174)
	at org.springframework.context.support.AbstractApplicationContext.close(AbstractApplicationContext.java:1021)
	at org.springframework.boot.SpringApplicationShutdownHook.closeAndWait(SpringApplicationShutdownHook.java:145)
	at java.base/java.lang.Iterable.forEach(Iterable.java:75)
	at org.springframework.boot.SpringApplicationShutdownHook.run(SpringApplicationShutdownHook.java:114)
	at java.base/java.lang.Thread.run(Thread.java:833)
Caused by: org.apache.http.conn.HttpHostConnectException: Connect to localhost:8761 [localhost/127.0.0.1, localhost/0:0:0:0:0:0:0:1] failed: Connection refused
	at org.apache.http.impl.conn.DefaultHttpClientConnectionOperator.connect(DefaultHttpClientConnectionOperator.java:156)
	at org.apache.http.impl.conn.PoolingHttpClientConnectionManager.connect(PoolingHttpClientConnectionManager.java:376)
	at org.apache.http.impl.execchain.MainClientExec.establishRoute(MainClientExec.java:393)
	at org.apache.http.impl.execchain.MainClientExec.execute(MainClientExec.java:236)
	at org.apache.http.impl.execchain.ProtocolExec.execute(ProtocolExec.java:186)
	at org.apache.http.impl.execchain.RetryExec.execute(RetryExec.java:89)
	at org.apache.http.impl.execchain.RedirectExec.execute(RedirectExec.java:110)
	at org.apache.http.impl.client.InternalHttpClient.doExecute(InternalHttpClient.java:185)
	at org.apache.http.impl.client.CloseableHttpClient.execute(CloseableHttpClient.java:83)
	at org.apache.http.impl.client.CloseableHttpClient.execute(CloseableHttpClient.java:56)
	at org.springframework.http.client.HttpComponentsClientHttpRequest.executeInternal(HttpComponentsClientHttpRequest.java:87)
	at org.springframework.http.client.AbstractBufferingClientHttpRequest.executeInternal(AbstractBufferingClientHttpRequest.java:48)
	at org.springframework.http.client.AbstractClientHttpRequest.execute(AbstractClientHttpRequest.java:66)
	at org.springframework.web.client.RestTemplate.doExecute(RestTemplate.java:776)
	... 40 more
Caused by: java.net.ConnectException: Connection refused
	at java.base/sun.nio.ch.Net.connect0(Native Method)
	at java.base/sun.nio.ch.Net.connect(Net.java:579)
	at java.base/sun.nio.ch.Net.connect(Net.java:568)
	at java.base/sun.nio.ch.NioSocketImpl.connect(NioSocketImpl.java:588)
	at java.base/java.net.SocksSocketImpl.connect(SocksSocketImpl.java:327)
	at java.base/java.net.Socket.connect(Socket.java:633)
	at org.apache.http.conn.socket.PlainConnectionSocketFactory.connectSocket(PlainConnectionSocketFactory.java:75)
	at org.apache.http.impl.conn.DefaultHttpClientConnectionOperator.connect(DefaultHttpClientConnectionOperator.java:142)
	... 53 more

2022-12-22 00:46:50,008 WARN com.netflix.discovery.shared.transport.decorator.RetryableEurekaHttpClient [SpringApplicationShutdownHook] Request execution failed with message: I/O error on DELETE request for "http://localhost:8761/eureka/apps/NOTIFICATION/192.168.1.7:notification:8082": Connect to localhost:8761 [localhost/127.0.0.1, localhost/0:0:0:0:0:0:0:1] failed: Connection refused; nested exception is org.apache.http.conn.HttpHostConnectException: Connect to localhost:8761 [localhost/127.0.0.1, localhost/0:0:0:0:0:0:0:1] failed: Connection refused
2022-12-22 00:46:50,008 ERROR com.netflix.discovery.DiscoveryClient [SpringApplicationShutdownHook] DiscoveryClient_NOTIFICATION/192.168.1.7:notification:8082 - de-registration failedCannot execute request on any known server
com.netflix.discovery.shared.transport.TransportException: Cannot execute request on any known server
	at com.netflix.discovery.shared.transport.decorator.RetryableEurekaHttpClient.execute(RetryableEurekaHttpClient.java:112)
	at com.netflix.discovery.shared.transport.decorator.EurekaHttpClientDecorator.cancel(EurekaHttpClientDecorator.java:71)
	at com.netflix.discovery.shared.transport.decorator.EurekaHttpClientDecorator$2.execute(EurekaHttpClientDecorator.java:74)
	at com.netflix.discovery.shared.transport.decorator.SessionedEurekaHttpClient.execute(SessionedEurekaHttpClient.java:77)
	at com.netflix.discovery.shared.transport.decorator.EurekaHttpClientDecorator.cancel(EurekaHttpClientDecorator.java:71)
	at com.netflix.discovery.DiscoveryClient.unregister(DiscoveryClient.java:972)
	at com.netflix.discovery.DiscoveryClient.shutdown(DiscoveryClient.java:948)
	at java.base/jdk.internal.reflect.NativeMethodAccessorImpl.invoke0(Native Method)
	at java.base/jdk.internal.reflect.NativeMethodAccessorImpl.invoke(NativeMethodAccessorImpl.java:77)
	at java.base/jdk.internal.reflect.DelegatingMethodAccessorImpl.invoke(DelegatingMethodAccessorImpl.java:43)
	at java.base/java.lang.reflect.Method.invoke(Method.java:568)
	at org.springframework.beans.factory.annotation.InitDestroyAnnotationBeanPostProcessor$LifecycleElement.invoke(InitDestroyAnnotationBeanPostProcessor.java:389)
	at org.springframework.beans.factory.annotation.InitDestroyAnnotationBeanPostProcessor$LifecycleMetadata.invokeDestroyMethods(InitDestroyAnnotationBeanPostProcessor.java:347)
	at org.springframework.beans.factory.annotation.InitDestroyAnnotationBeanPostProcessor.postProcessBeforeDestruction(InitDestroyAnnotationBeanPostProcessor.java:177)
	at org.springframework.beans.factory.support.DisposableBeanAdapter.destroy(DisposableBeanAdapter.java:197)
	at org.springframework.beans.factory.support.DisposableBeanAdapter.run(DisposableBeanAdapter.java:190)
	at org.springframework.cloud.context.scope.GenericScope$BeanLifecycleWrapper.destroy(GenericScope.java:390)
	at org.springframework.cloud.context.scope.GenericScope.destroy(GenericScope.java:136)
	at org.springframework.beans.factory.support.DisposableBeanAdapter.destroy(DisposableBeanAdapter.java:213)
	at org.springframework.beans.factory.support.DefaultSingletonBeanRegistry.destroyBean(DefaultSingletonBeanRegistry.java:587)
	at org.springframework.beans.factory.support.DefaultSingletonBeanRegistry.destroySingleton(DefaultSingletonBeanRegistry.java:559)
	at org.springframework.beans.factory.support.DefaultListableBeanFactory.destroySingleton(DefaultListableBeanFactory.java:1163)
	at org.springframework.beans.factory.support.DefaultSingletonBeanRegistry.destroySingletons(DefaultSingletonBeanRegistry.java:520)
	at org.springframework.beans.factory.support.DefaultListableBeanFactory.destroySingletons(DefaultListableBeanFactory.java:1156)
	at org.springframework.context.support.AbstractApplicationContext.destroyBeans(AbstractApplicationContext.java:1106)
	at org.springframework.context.support.AbstractApplicationContext.doClose(AbstractApplicationContext.java:1075)
	at org.springframework.boot.web.servlet.context.ServletWebServerApplicationContext.doClose(ServletWebServerApplicationContext.java:174)
	at org.springframework.context.support.AbstractApplicationContext.close(AbstractApplicationContext.java:1021)
	at org.springframework.boot.SpringApplicationShutdownHook.closeAndWait(SpringApplicationShutdownHook.java:145)
	at java.base/java.lang.Iterable.forEach(Iterable.java:75)
	at org.springframework.boot.SpringApplicationShutdownHook.run(SpringApplicationShutdownHook.java:114)
	at java.base/java.lang.Thread.run(Thread.java:833)
2022-12-22 00:46:50,011 INFO com.netflix.discovery.DiscoveryClient [SpringApplicationShutdownHook] Completed shut down of DiscoveryClient
